[1.253s] DEBUG:colcon:Command line arguments: ['/usr/bin/colcon', 'build']
[1.254s] DEBUG:colcon:Parsed command line arguments: Namespace(log_base=None, log_level=None, verb_name='build', build_base='build', install_base='install', merge_install=False, symlink_install=False, test_result_base=None, continue_on_error=False, executor='parallel', parallel_workers=4, event_handlers=None, ignore_user_meta=False, metas=['./colcon.meta'], base_paths=['.'], packages_ignore=None, packages_ignore_regex=None, paths=None, packages_up_to=None, packages_up_to_regex=None, packages_above=None, packages_above_and_dependencies=None, packages_above_depth=None, packages_select_by_dep=None, packages_skip_by_dep=None, packages_skip_up_to=None, packages_select_build_failed=False, packages_skip_build_finished=False, packages_select_test_failures=False, packages_skip_test_passed=False, packages_select=None, packages_skip=None, packages_select_regex=None, packages_skip_regex=None, packages_start=None, packages_end=None, allow_overriding=[], cmake_args=None, cmake_target=None, cmake_target_skip_unavailable=False, cmake_clean_cache=False, cmake_clean_first=False, cmake_force_configure=False, ament_cmake_args=None, catkin_cmake_args=None, catkin_skip_building_tests=False, verb_parser=<colcon_defaults.argument_parser.defaults.DefaultArgumentsDecorator object at 0x73504c45c970>, verb_extension=<colcon_core.verb.build.BuildVerb object at 0x73504c45c460>, main=<bound method BuildVerb.main of <colcon_core.verb.build.BuildVerb object at 0x73504c45c460>>)
[7.226s] Level 1:colcon.colcon_core.package_discovery:discover_packages(colcon_meta) check parameters
[7.226s] Level 1:colcon.colcon_core.package_discovery:discover_packages(recursive) check parameters
[7.226s] Level 1:colcon.colcon_core.package_discovery:discover_packages(ignore) check parameters
[7.226s] Level 1:colcon.colcon_core.package_discovery:discover_packages(path) check parameters
[7.226s] Level 1:colcon.colcon_core.package_discovery:discover_packages(colcon_meta) discover
[7.226s] Level 1:colcon.colcon_core.package_discovery:discover_packages(recursive) discover
[7.226s] INFO:colcon.colcon_core.package_discovery:Crawling recursively for packages in '/home/elfriedkinzoun/rosws'
[7.226s] Level 1:colcon.colcon_core.package_identification:_identify(.) by extensions ['ignore', 'ignore_ament_install']
[7.226s] Level 1:colcon.colcon_core.package_identification:_identify(.) by extension 'ignore'
[7.226s] Level 1:colcon.colcon_core.package_identification:_identify(.) by extension 'ignore_ament_install'
[7.226s] Level 1:colcon.colcon_core.package_identification:_identify(.) by extensions ['colcon_pkg']
[7.226s] Level 1:colcon.colcon_core.package_identification:_identify(.) by extension 'colcon_pkg'
[7.226s] Level 1:colcon.colcon_core.package_identification:_identify(.) by extensions ['colcon_meta']
[7.227s] Level 1:colcon.colcon_core.package_identification:_identify(.) by extension 'colcon_meta'
[7.227s] Level 1:colcon.colcon_core.package_identification:_identify(.) by extensions ['ros']
[7.227s] Level 1:colcon.colcon_core.package_identification:_identify(.) by extension 'ros'
[7.241s] Level 1:colcon.colcon_core.package_identification:_identify(.) by extensions ['cmake', 'python']
[7.241s] Level 1:colcon.colcon_core.package_identification:_identify(.) by extension 'cmake'
[7.241s] Level 1:colcon.colcon_core.package_identification:_identify(.) by extension 'python'
[7.241s] Level 1:colcon.colcon_core.package_identification:_identify(.) by extensions ['python_setup_py']
[7.241s] Level 1:colcon.colcon_core.package_identification:_identify(.) by extension 'python_setup_py'
[7.242s] Level 1:colcon.colcon_core.package_identification:_identify(build) by extensions ['ignore', 'ignore_ament_install']
[7.242s] Level 1:colcon.colcon_core.package_identification:_identify(build) by extension 'ignore'
[7.242s] Level 1:colcon.colcon_core.package_identification:_identify(build) ignored
[7.242s] Level 1:colcon.colcon_core.package_identification:_identify(install) by extensions ['ignore', 'ignore_ament_install']
[7.242s] Level 1:colcon.colcon_core.package_identification:_identify(install) by extension 'ignore'
[7.242s] Level 1:colcon.colcon_core.package_identification:_identify(install) ignored
[7.242s] Level 1:colcon.colcon_core.package_identification:_identify(log) by extensions ['ignore', 'ignore_ament_install']
[7.242s] Level 1:colcon.colcon_core.package_identification:_identify(log) by extension 'ignore'
[7.242s] Level 1:colcon.colcon_core.package_identification:_identify(log) ignored
[7.242s] Level 1:colcon.colcon_core.package_identification:_identify(src) by extensions ['ignore', 'ignore_ament_install']
[7.243s] Level 1:colcon.colcon_core.package_identification:_identify(src) by extension 'ignore'
[7.243s] Level 1:colcon.colcon_core.package_identification:_identify(src) by extension 'ignore_ament_install'
[7.243s] Level 1:colcon.colcon_core.package_identification:_identify(src) by extensions ['colcon_pkg']
[7.243s] Level 1:colcon.colcon_core.package_identification:_identify(src) by extension 'colcon_pkg'
[7.243s] Level 1:colcon.colcon_core.package_identification:_identify(src) by extensions ['colcon_meta']
[7.243s] Level 1:colcon.colcon_core.package_identification:_identify(src) by extension 'colcon_meta'
[7.243s] Level 1:colcon.colcon_core.package_identification:_identify(src) by extensions ['ros']
[7.243s] Level 1:colcon.colcon_core.package_identification:_identify(src) by extension 'ros'
[7.243s] Level 1:colcon.colcon_core.package_identification:_identify(src) by extensions ['cmake', 'python']
[7.243s] Level 1:colcon.colcon_core.package_identification:_identify(src) by extension 'cmake'
[7.243s] Level 1:colcon.colcon_core.package_identification:_identify(src) by extension 'python'
[7.243s] Level 1:colcon.colcon_core.package_identification:_identify(src) by extensions ['python_setup_py']
[7.243s] Level 1:colcon.colcon_core.package_identification:_identify(src) by extension 'python_setup_py'
[7.244s] Level 1:colcon.colcon_core.package_identification:_identify(src/benrover_actuator) by extensions ['ignore', 'ignore_ament_install']
[7.244s] Level 1:colcon.colcon_core.package_identification:_identify(src/benrover_actuator) by extension 'ignore'
[7.244s] Level 1:colcon.colcon_core.package_identification:_identify(src/benrover_actuator) by extension 'ignore_ament_install'
[7.244s] Level 1:colcon.colcon_core.package_identification:_identify(src/benrover_actuator) by extensions ['colcon_pkg']
[7.244s] Level 1:colcon.colcon_core.package_identification:_identify(src/benrover_actuator) by extension 'colcon_pkg'
[7.244s] Level 1:colcon.colcon_core.package_identification:_identify(src/benrover_actuator) by extensions ['colcon_meta']
[7.244s] Level 1:colcon.colcon_core.package_identification:_identify(src/benrover_actuator) by extension 'colcon_meta'
[7.244s] Level 1:colcon.colcon_core.package_identification:_identify(src/benrover_actuator) by extensions ['ros']
[7.244s] Level 1:colcon.colcon_core.package_identification:_identify(src/benrover_actuator) by extension 'ros'
[7.273s] DEBUG:colcon.colcon_core.package_identification:Package 'src/benrover_actuator' with type 'ros.ament_python' and name 'benrover_actuator'
[7.280s] Level 1:colcon.colcon_core.package_identification:_identify(src/benrover_navigation) by extensions ['ignore', 'ignore_ament_install']
[7.281s] Level 1:colcon.colcon_core.package_identification:_identify(src/benrover_navigation) by extension 'ignore'
[7.281s] Level 1:colcon.colcon_core.package_identification:_identify(src/benrover_navigation) by extension 'ignore_ament_install'
[7.281s] Level 1:colcon.colcon_core.package_identification:_identify(src/benrover_navigation) by extensions ['colcon_pkg']
[7.281s] Level 1:colcon.colcon_core.package_identification:_identify(src/benrover_navigation) by extension 'colcon_pkg'
[7.281s] Level 1:colcon.colcon_core.package_identification:_identify(src/benrover_navigation) by extensions ['colcon_meta']
[7.281s] Level 1:colcon.colcon_core.package_identification:_identify(src/benrover_navigation) by extension 'colcon_meta'
[7.281s] Level 1:colcon.colcon_core.package_identification:_identify(src/benrover_navigation) by extensions ['ros']
[7.281s] Level 1:colcon.colcon_core.package_identification:_identify(src/benrover_navigation) by extension 'ros'
[7.313s] DEBUG:colcon.colcon_core.package_identification:Package 'src/benrover_navigation' with type 'ros.ament_python' and name 'benrover_navigation'
[7.321s] Level 1:colcon.colcon_core.package_identification:_identify(src/benrover_sensors) by extensions ['ignore', 'ignore_ament_install']
[7.321s] Level 1:colcon.colcon_core.package_identification:_identify(src/benrover_sensors) by extension 'ignore'
[7.322s] Level 1:colcon.colcon_core.package_identification:_identify(src/benrover_sensors) by extension 'ignore_ament_install'
[7.322s] Level 1:colcon.colcon_core.package_identification:_identify(src/benrover_sensors) by extensions ['colcon_pkg']
[7.322s] Level 1:colcon.colcon_core.package_identification:_identify(src/benrover_sensors) by extension 'colcon_pkg'
[7.322s] Level 1:colcon.colcon_core.package_identification:_identify(src/benrover_sensors) by extensions ['colcon_meta']
[7.322s] Level 1:colcon.colcon_core.package_identification:_identify(src/benrover_sensors) by extension 'colcon_meta'
[7.322s] Level 1:colcon.colcon_core.package_identification:_identify(src/benrover_sensors) by extensions ['ros']
[7.322s] Level 1:colcon.colcon_core.package_identification:_identify(src/benrover_sensors) by extension 'ros'
[7.330s] DEBUG:colcon.colcon_core.package_identification:Package 'src/benrover_sensors' with type 'ros.ament_python' and name 'benrover_sensors'
[7.330s] Level 1:colcon.colcon_core.package_discovery:discover_packages(recursive) using defaults
[7.330s] Level 1:colcon.colcon_core.package_discovery:discover_packages(ignore) discover
[7.331s] Level 1:colcon.colcon_core.package_discovery:discover_packages(ignore) using defaults
[7.331s] Level 1:colcon.colcon_core.package_discovery:discover_packages(path) discover
[7.331s] Level 1:colcon.colcon_core.package_discovery:discover_packages(path) using defaults
[7.711s] Level 1:colcon.colcon_core.package_discovery:discover_packages(prefix_path) check parameters
[7.711s] Level 1:colcon.colcon_core.package_discovery:discover_packages(prefix_path) discover
[7.758s] DEBUG:colcon.colcon_installed_package_information.package_discovery:Found 278 installed packages in /opt/ros/humble
[7.776s] Level 1:colcon.colcon_core.package_discovery:discover_packages(prefix_path) using defaults
[10.411s] Level 5:colcon.colcon_core.verb:set package 'benrover_actuator' build argument 'cmake_args' from command line to 'None'
[10.411s] Level 5:colcon.colcon_core.verb:set package 'benrover_actuator' build argument 'cmake_target' from command line to 'None'
[10.411s] Level 5:colcon.colcon_core.verb:set package 'benrover_actuator' build argument 'cmake_target_skip_unavailable' from command line to 'False'
[10.411s] Level 5:colcon.colcon_core.verb:set package 'benrover_actuator' build argument 'cmake_clean_cache' from command line to 'False'
[10.411s] Level 5:colcon.colcon_core.verb:set package 'benrover_actuator' build argument 'cmake_clean_first' from command line to 'False'
[10.411s] Level 5:colcon.colcon_core.verb:set package 'benrover_actuator' build argument 'cmake_force_configure' from command line to 'False'
[10.411s] Level 5:colcon.colcon_core.verb:set package 'benrover_actuator' build argument 'ament_cmake_args' from command line to 'None'
[10.411s] Level 5:colcon.colcon_core.verb:set package 'benrover_actuator' build argument 'catkin_cmake_args' from command line to 'None'
[10.411s] Level 5:colcon.colcon_core.verb:set package 'benrover_actuator' build argument 'catkin_skip_building_tests' from command line to 'False'
[10.411s] DEBUG:colcon.colcon_core.verb:Building package 'benrover_actuator' with the following arguments: {'ament_cmake_args': None, 'build_base': '/home/elfriedkinzoun/rosws/build/benrover_actuator', 'catkin_cmake_args': None, 'catkin_skip_building_tests': False, 'cmake_args': None, 'cmake_clean_cache': False, 'cmake_clean_first': False, 'cmake_force_configure': False, 'cmake_target': None, 'cmake_target_skip_unavailable': False, 'install_base': '/home/elfriedkinzoun/rosws/install/benrover_actuator', 'merge_install': False, 'path': '/home/elfriedkinzoun/rosws/src/benrover_actuator', 'symlink_install': False, 'test_result_base': None}
[10.412s] Level 5:colcon.colcon_core.verb:set package 'benrover_navigation' build argument 'cmake_args' from command line to 'None'
[10.412s] Level 5:colcon.colcon_core.verb:set package 'benrover_navigation' build argument 'cmake_target' from command line to 'None'
[10.412s] Level 5:colcon.colcon_core.verb:set package 'benrover_navigation' build argument 'cmake_target_skip_unavailable' from command line to 'False'
[10.412s] Level 5:colcon.colcon_core.verb:set package 'benrover_navigation' build argument 'cmake_clean_cache' from command line to 'False'
[10.412s] Level 5:colcon.colcon_core.verb:set package 'benrover_navigation' build argument 'cmake_clean_first' from command line to 'False'
[10.412s] Level 5:colcon.colcon_core.verb:set package 'benrover_navigation' build argument 'cmake_force_configure' from command line to 'False'
[10.412s] Level 5:colcon.colcon_core.verb:set package 'benrover_navigation' build argument 'ament_cmake_args' from command line to 'None'
[10.412s] Level 5:colcon.colcon_core.verb:set package 'benrover_navigation' build argument 'catkin_cmake_args' from command line to 'None'
[10.412s] Level 5:colcon.colcon_core.verb:set package 'benrover_navigation' build argument 'catkin_skip_building_tests' from command line to 'False'
[10.412s] DEBUG:colcon.colcon_core.verb:Building package 'benrover_navigation' with the following arguments: {'ament_cmake_args': None, 'build_base': '/home/elfriedkinzoun/rosws/build/benrover_navigation', 'catkin_cmake_args': None, 'catkin_skip_building_tests': False, 'cmake_args': None, 'cmake_clean_cache': False, 'cmake_clean_first': False, 'cmake_force_configure': False, 'cmake_target': None, 'cmake_target_skip_unavailable': False, 'install_base': '/home/elfriedkinzoun/rosws/install/benrover_navigation', 'merge_install': False, 'path': '/home/elfriedkinzoun/rosws/src/benrover_navigation', 'symlink_install': False, 'test_result_base': None}
[10.413s] Level 5:colcon.colcon_core.verb:set package 'benrover_sensors' build argument 'cmake_args' from command line to 'None'
[10.413s] Level 5:colcon.colcon_core.verb:set package 'benrover_sensors' build argument 'cmake_target' from command line to 'None'
[10.413s] Level 5:colcon.colcon_core.verb:set package 'benrover_sensors' build argument 'cmake_target_skip_unavailable' from command line to 'False'
[10.413s] Level 5:colcon.colcon_core.verb:set package 'benrover_sensors' build argument 'cmake_clean_cache' from command line to 'False'
[10.413s] Level 5:colcon.colcon_core.verb:set package 'benrover_sensors' build argument 'cmake_clean_first' from command line to 'False'
[10.413s] Level 5:colcon.colcon_core.verb:set package 'benrover_sensors' build argument 'cmake_force_configure' from command line to 'False'
[10.413s] Level 5:colcon.colcon_core.verb:set package 'benrover_sensors' build argument 'ament_cmake_args' from command line to 'None'
[10.413s] Level 5:colcon.colcon_core.verb:set package 'benrover_sensors' build argument 'catkin_cmake_args' from command line to 'None'
[10.413s] Level 5:colcon.colcon_core.verb:set package 'benrover_sensors' build argument 'catkin_skip_building_tests' from command line to 'False'
[10.413s] DEBUG:colcon.colcon_core.verb:Building package 'benrover_sensors' with the following arguments: {'ament_cmake_args': None, 'build_base': '/home/elfriedkinzoun/rosws/build/benrover_sensors', 'catkin_cmake_args': None, 'catkin_skip_building_tests': False, 'cmake_args': None, 'cmake_clean_cache': False, 'cmake_clean_first': False, 'cmake_force_configure': False, 'cmake_target': None, 'cmake_target_skip_unavailable': False, 'install_base': '/home/elfriedkinzoun/rosws/install/benrover_sensors', 'merge_install': False, 'path': '/home/elfriedkinzoun/rosws/src/benrover_sensors', 'symlink_install': False, 'test_result_base': None}
[10.414s] INFO:colcon.colcon_core.executor:Executing jobs using 'parallel' executor
[10.415s] DEBUG:colcon.colcon_parallel_executor.executor.parallel:run_until_complete
[10.416s] INFO:colcon.colcon_ros.task.ament_python.build:Building ROS package in '/home/elfriedkinzoun/rosws/src/benrover_actuator' with build type 'ament_python'
[10.416s] Level 1:colcon.colcon_core.shell:create_environment_hook('benrover_actuator', 'ament_prefix_path')
[10.478s] INFO:colcon.colcon_core.plugin_system:Skipping extension 'colcon_core.shell.bat': Not used on non-Windows systems
[10.478s] INFO:colcon.colcon_core.shell:Creating environment hook '/home/elfriedkinzoun/rosws/install/benrover_actuator/share/benrover_actuator/hook/ament_prefix_path.ps1'
[10.495s] INFO:colcon.colcon_core.shell:Creating environment descriptor '/home/elfriedkinzoun/rosws/install/benrover_actuator/share/benrover_actuator/hook/ament_prefix_path.dsv'
[10.508s] INFO:colcon.colcon_core.shell:Creating environment hook '/home/elfriedkinzoun/rosws/install/benrover_actuator/share/benrover_actuator/hook/ament_prefix_path.sh'
[10.509s] INFO:colcon.colcon_core.shell:Skip shell extension 'powershell' for command environment: Not usable outside of PowerShell
[10.509s] DEBUG:colcon.colcon_core.shell:Skip shell extension 'dsv' for command environment
[10.526s] INFO:colcon.colcon_ros.task.ament_python.build:Building ROS package in '/home/elfriedkinzoun/rosws/src/benrover_navigation' with build type 'ament_python'
[10.526s] Level 1:colcon.colcon_core.shell:create_environment_hook('benrover_navigation', 'ament_prefix_path')
[10.526s] INFO:colcon.colcon_core.shell:Creating environment hook '/home/elfriedkinzoun/rosws/install/benrover_navigation/share/benrover_navigation/hook/ament_prefix_path.ps1'
[10.556s] INFO:colcon.colcon_core.shell:Creating environment descriptor '/home/elfriedkinzoun/rosws/install/benrover_navigation/share/benrover_navigation/hook/ament_prefix_path.dsv'
[10.558s] INFO:colcon.colcon_core.shell:Creating environment hook '/home/elfriedkinzoun/rosws/install/benrover_navigation/share/benrover_navigation/hook/ament_prefix_path.sh'
[10.561s] INFO:colcon.colcon_core.shell:Skip shell extension 'powershell' for command environment: Not usable outside of PowerShell
[10.561s] DEBUG:colcon.colcon_core.shell:Skip shell extension 'dsv' for command environment
[10.566s] INFO:colcon.colcon_ros.task.ament_python.build:Building ROS package in '/home/elfriedkinzoun/rosws/src/benrover_sensors' with build type 'ament_python'
[10.567s] Level 1:colcon.colcon_core.shell:create_environment_hook('benrover_sensors', 'ament_prefix_path')
[10.567s] INFO:colcon.colcon_core.shell:Creating environment hook '/home/elfriedkinzoun/rosws/install/benrover_sensors/share/benrover_sensors/hook/ament_prefix_path.ps1'
[10.594s] INFO:colcon.colcon_core.shell:Creating environment descriptor '/home/elfriedkinzoun/rosws/install/benrover_sensors/share/benrover_sensors/hook/ament_prefix_path.dsv'
[10.595s] INFO:colcon.colcon_core.shell:Creating environment hook '/home/elfriedkinzoun/rosws/install/benrover_sensors/share/benrover_sensors/hook/ament_prefix_path.sh'
[10.595s] INFO:colcon.colcon_core.shell:Skip shell extension 'powershell' for command environment: Not usable outside of PowerShell
[10.595s] DEBUG:colcon.colcon_core.shell:Skip shell extension 'dsv' for command environment
[11.266s] INFO:colcon.colcon_core.task.python.build:Building Python package in '/home/elfriedkinzoun/rosws/src/benrover_actuator'
[11.266s] INFO:colcon.colcon_core.shell:Skip shell extension 'powershell' for command environment: Not usable outside of PowerShell
[11.266s] DEBUG:colcon.colcon_core.shell:Skip shell extension 'dsv' for command environment
[11.928s] INFO:colcon.colcon_core.task.python.build:Building Python package in '/home/elfriedkinzoun/rosws/src/benrover_navigation'
[11.929s] INFO:colcon.colcon_core.shell:Skip shell extension 'powershell' for command environment: Not usable outside of PowerShell
[11.929s] DEBUG:colcon.colcon_core.shell:Skip shell extension 'dsv' for command environment
[12.582s] INFO:colcon.colcon_core.task.python.build:Building Python package in '/home/elfriedkinzoun/rosws/src/benrover_sensors'
[12.583s] INFO:colcon.colcon_core.shell:Skip shell extension 'powershell' for command environment: Not usable outside of PowerShell
[12.583s] DEBUG:colcon.colcon_core.shell:Skip shell extension 'dsv' for command environment
[14.396s] DEBUG:colcon.colcon_core.event_handler.log_command:Invoking command in '/home/elfriedkinzoun/rosws/src/benrover_sensors': CONDA_PROMPT_MODIFIER=(base) PYTHONPATH=/home/elfriedkinzoun/rosws/build/benrover_sensors/prefix_override:/usr/lib/python3/dist-packages/colcon_core/task/python/colcon_distutils_commands:/home/elfriedkinzoun/rosws/install/benrover_sensors/lib/python3.10/site-packages:${PYTHONPATH} /usr/bin/python3 -W ignore:setup.py install is deprecated setup.py egg_info --egg-base ../../build/benrover_sensors build --build-base /home/elfriedkinzoun/rosws/build/benrover_sensors/build install --record /home/elfriedkinzoun/rosws/build/benrover_sensors/install.log --single-version-externally-managed install_data
[14.431s] DEBUG:colcon.colcon_core.event_handler.log_command:Invoking command in '/home/elfriedkinzoun/rosws/src/benrover_actuator': CONDA_PROMPT_MODIFIER=(base) PYTHONPATH=/home/elfriedkinzoun/rosws/build/benrover_actuator/prefix_override:/usr/lib/python3/dist-packages/colcon_core/task/python/colcon_distutils_commands:/home/elfriedkinzoun/rosws/install/benrover_actuator/lib/python3.10/site-packages:${PYTHONPATH} /usr/bin/python3 -W ignore:setup.py install is deprecated setup.py egg_info --egg-base ../../build/benrover_actuator build --build-base /home/elfriedkinzoun/rosws/build/benrover_actuator/build install --record /home/elfriedkinzoun/rosws/build/benrover_actuator/install.log --single-version-externally-managed install_data
[14.440s] DEBUG:colcon.colcon_core.event_handler.log_command:Invoking command in '/home/elfriedkinzoun/rosws/src/benrover_navigation': CONDA_PROMPT_MODIFIER=(base) PYTHONPATH=/home/elfriedkinzoun/rosws/build/benrover_navigation/prefix_override:/usr/lib/python3/dist-packages/colcon_core/task/python/colcon_distutils_commands:/home/elfriedkinzoun/rosws/install/benrover_navigation/lib/python3.10/site-packages:${PYTHONPATH} /usr/bin/python3 -W ignore:setup.py install is deprecated setup.py egg_info --egg-base ../../build/benrover_navigation build --build-base /home/elfriedkinzoun/rosws/build/benrover_navigation/build install --record /home/elfriedkinzoun/rosws/build/benrover_navigation/install.log --single-version-externally-managed install_data
[15.502s] DEBUG:colcon.colcon_core.event_handler.log_command:Invoked command in '/home/elfriedkinzoun/rosws/src/benrover_sensors' returned '0': CONDA_PROMPT_MODIFIER=(base) PYTHONPATH=/home/elfriedkinzoun/rosws/build/benrover_sensors/prefix_override:/usr/lib/python3/dist-packages/colcon_core/task/python/colcon_distutils_commands:/home/elfriedkinzoun/rosws/install/benrover_sensors/lib/python3.10/site-packages:${PYTHONPATH} /usr/bin/python3 -W ignore:setup.py install is deprecated setup.py egg_info --egg-base ../../build/benrover_sensors build --build-base /home/elfriedkinzoun/rosws/build/benrover_sensors/build install --record /home/elfriedkinzoun/rosws/build/benrover_sensors/install.log --single-version-externally-managed install_data
[15.584s] Level 1:colcon.colcon_core.environment:checking '/home/elfriedkinzoun/rosws/install/benrover_sensors' for CMake module files
[15.585s] Level 1:colcon.colcon_core.environment:checking '/home/elfriedkinzoun/rosws/install/benrover_sensors' for CMake config files
[15.599s] Level 1:colcon.colcon_core.environment:checking '/home/elfriedkinzoun/rosws/install/benrover_sensors/lib'
[15.600s] Level 1:colcon.colcon_core.environment:checking '/home/elfriedkinzoun/rosws/install/benrover_sensors/bin'
[15.600s] Level 1:colcon.colcon_core.environment:checking '/home/elfriedkinzoun/rosws/install/benrover_sensors/lib/pkgconfig/benrover_sensors.pc'
[15.601s] Level 1:colcon.colcon_core.environment:checking '/home/elfriedkinzoun/rosws/install/benrover_sensors/lib/python3.10/site-packages'
[15.601s] Level 1:colcon.colcon_core.shell:create_environment_hook('benrover_sensors', 'pythonpath')
[15.603s] INFO:colcon.colcon_core.shell:Creating environment hook '/home/elfriedkinzoun/rosws/install/benrover_sensors/share/benrover_sensors/hook/pythonpath.ps1'
[15.605s] INFO:colcon.colcon_core.shell:Creating environment descriptor '/home/elfriedkinzoun/rosws/install/benrover_sensors/share/benrover_sensors/hook/pythonpath.dsv'
[15.606s] INFO:colcon.colcon_core.shell:Creating environment hook '/home/elfriedkinzoun/rosws/install/benrover_sensors/share/benrover_sensors/hook/pythonpath.sh'
[15.611s] Level 1:colcon.colcon_core.environment:checking '/home/elfriedkinzoun/rosws/install/benrover_sensors/bin'
[15.613s] Level 1:colcon.colcon_core.environment:create_environment_scripts_only(benrover_sensors)
[15.616s] INFO:colcon.colcon_core.shell:Creating package script '/home/elfriedkinzoun/rosws/install/benrover_sensors/share/benrover_sensors/package.ps1'
[15.647s] INFO:colcon.colcon_core.shell:Creating package descriptor '/home/elfriedkinzoun/rosws/install/benrover_sensors/share/benrover_sensors/package.dsv'
[15.665s] INFO:colcon.colcon_core.shell:Creating package script '/home/elfriedkinzoun/rosws/install/benrover_sensors/share/benrover_sensors/package.sh'
[15.667s] INFO:colcon.colcon_core.shell:Creating package script '/home/elfriedkinzoun/rosws/install/benrover_sensors/share/benrover_sensors/package.bash'
[15.699s] INFO:colcon.colcon_core.shell:Creating package script '/home/elfriedkinzoun/rosws/install/benrover_sensors/share/benrover_sensors/package.zsh'
[15.718s] Level 1:colcon.colcon_core.environment:create_file_with_runtime_dependencies(/home/elfriedkinzoun/rosws/install/benrover_sensors/share/colcon-core/packages/benrover_sensors)
[15.724s] Level 1:colcon.colcon_core.environment:checking '/home/elfriedkinzoun/rosws/install/benrover_actuator' for CMake module files
[15.725s] Level 1:colcon.colcon_core.environment:checking '/home/elfriedkinzoun/rosws/install/benrover_actuator' for CMake config files
[15.727s] Level 1:colcon.colcon_core.environment:checking '/home/elfriedkinzoun/rosws/install/benrover_actuator/lib'
[15.727s] Level 1:colcon.colcon_core.environment:checking '/home/elfriedkinzoun/rosws/install/benrover_actuator/bin'
[15.728s] Level 1:colcon.colcon_core.environment:checking '/home/elfriedkinzoun/rosws/install/benrover_actuator/lib/pkgconfig/benrover_actuator.pc'
[15.728s] Level 1:colcon.colcon_core.environment:checking '/home/elfriedkinzoun/rosws/install/benrover_actuator/lib/python3.10/site-packages'
[15.729s] Level 1:colcon.colcon_core.shell:create_environment_hook('benrover_actuator', 'pythonpath')
[15.732s] INFO:colcon.colcon_core.shell:Creating environment hook '/home/elfriedkinzoun/rosws/install/benrover_actuator/share/benrover_actuator/hook/pythonpath.ps1'
[15.733s] DEBUG:colcon.colcon_core.event_handler.log_command:Invoked command in '/home/elfriedkinzoun/rosws/src/benrover_actuator' returned '0': CONDA_PROMPT_MODIFIER=(base) PYTHONPATH=/home/elfriedkinzoun/rosws/build/benrover_actuator/prefix_override:/usr/lib/python3/dist-packages/colcon_core/task/python/colcon_distutils_commands:/home/elfriedkinzoun/rosws/install/benrover_actuator/lib/python3.10/site-packages:${PYTHONPATH} /usr/bin/python3 -W ignore:setup.py install is deprecated setup.py egg_info --egg-base ../../build/benrover_actuator build --build-base /home/elfriedkinzoun/rosws/build/benrover_actuator/build install --record /home/elfriedkinzoun/rosws/build/benrover_actuator/install.log --single-version-externally-managed install_data
[15.735s] INFO:colcon.colcon_core.shell:Creating environment descriptor '/home/elfriedkinzoun/rosws/install/benrover_actuator/share/benrover_actuator/hook/pythonpath.dsv'
[15.735s] INFO:colcon.colcon_core.shell:Creating environment hook '/home/elfriedkinzoun/rosws/install/benrover_actuator/share/benrover_actuator/hook/pythonpath.sh'
[15.737s] Level 1:colcon.colcon_core.environment:checking '/home/elfriedkinzoun/rosws/install/benrover_actuator/bin'
[15.737s] Level 1:colcon.colcon_core.environment:create_environment_scripts_only(benrover_actuator)
[15.739s] INFO:colcon.colcon_core.shell:Creating package script '/home/elfriedkinzoun/rosws/install/benrover_actuator/share/benrover_actuator/package.ps1'
[15.740s] INFO:colcon.colcon_core.shell:Creating package descriptor '/home/elfriedkinzoun/rosws/install/benrover_actuator/share/benrover_actuator/package.dsv'
[15.741s] INFO:colcon.colcon_core.shell:Creating package script '/home/elfriedkinzoun/rosws/install/benrover_actuator/share/benrover_actuator/package.sh'
[15.742s] INFO:colcon.colcon_core.shell:Creating package script '/home/elfriedkinzoun/rosws/install/benrover_actuator/share/benrover_actuator/package.bash'
[15.744s] INFO:colcon.colcon_core.shell:Creating package script '/home/elfriedkinzoun/rosws/install/benrover_actuator/share/benrover_actuator/package.zsh'
[15.756s] Level 1:colcon.colcon_core.environment:create_file_with_runtime_dependencies(/home/elfriedkinzoun/rosws/install/benrover_actuator/share/colcon-core/packages/benrover_actuator)
[16.153s] Level 1:colcon.colcon_core.environment:checking '/home/elfriedkinzoun/rosws/install/benrover_navigation' for CMake module files
[16.153s] DEBUG:colcon.colcon_core.event_handler.log_command:Invoked command in '/home/elfriedkinzoun/rosws/src/benrover_navigation' returned '0': CONDA_PROMPT_MODIFIER=(base) PYTHONPATH=/home/elfriedkinzoun/rosws/build/benrover_navigation/prefix_override:/usr/lib/python3/dist-packages/colcon_core/task/python/colcon_distutils_commands:/home/elfriedkinzoun/rosws/install/benrover_navigation/lib/python3.10/site-packages:${PYTHONPATH} /usr/bin/python3 -W ignore:setup.py install is deprecated setup.py egg_info --egg-base ../../build/benrover_navigation build --build-base /home/elfriedkinzoun/rosws/build/benrover_navigation/build install --record /home/elfriedkinzoun/rosws/build/benrover_navigation/install.log --single-version-externally-managed install_data
[16.167s] Level 1:colcon.colcon_core.environment:checking '/home/elfriedkinzoun/rosws/install/benrover_navigation' for CMake config files
[16.168s] Level 1:colcon.colcon_core.environment:checking '/home/elfriedkinzoun/rosws/install/benrover_navigation/lib'
[16.169s] Level 1:colcon.colcon_core.environment:checking '/home/elfriedkinzoun/rosws/install/benrover_navigation/bin'
[16.169s] Level 1:colcon.colcon_core.environment:checking '/home/elfriedkinzoun/rosws/install/benrover_navigation/lib/pkgconfig/benrover_navigation.pc'
[16.169s] Level 1:colcon.colcon_core.environment:checking '/home/elfriedkinzoun/rosws/install/benrover_navigation/lib/python3.10/site-packages'
[16.170s] Level 1:colcon.colcon_core.shell:create_environment_hook('benrover_navigation', 'pythonpath')
[16.170s] INFO:colcon.colcon_core.shell:Creating environment hook '/home/elfriedkinzoun/rosws/install/benrover_navigation/share/benrover_navigation/hook/pythonpath.ps1'
[16.170s] INFO:colcon.colcon_core.shell:Creating environment descriptor '/home/elfriedkinzoun/rosws/install/benrover_navigation/share/benrover_navigation/hook/pythonpath.dsv'
[16.171s] INFO:colcon.colcon_core.shell:Creating environment hook '/home/elfriedkinzoun/rosws/install/benrover_navigation/share/benrover_navigation/hook/pythonpath.sh'
[16.171s] Level 1:colcon.colcon_core.environment:checking '/home/elfriedkinzoun/rosws/install/benrover_navigation/bin'
[16.171s] Level 1:colcon.colcon_core.environment:create_environment_scripts_only(benrover_navigation)
[16.172s] INFO:colcon.colcon_core.shell:Creating package script '/home/elfriedkinzoun/rosws/install/benrover_navigation/share/benrover_navigation/package.ps1'
[16.172s] INFO:colcon.colcon_core.shell:Creating package descriptor '/home/elfriedkinzoun/rosws/install/benrover_navigation/share/benrover_navigation/package.dsv'
[16.173s] INFO:colcon.colcon_core.shell:Creating package script '/home/elfriedkinzoun/rosws/install/benrover_navigation/share/benrover_navigation/package.sh'
[16.173s] INFO:colcon.colcon_core.shell:Creating package script '/home/elfriedkinzoun/rosws/install/benrover_navigation/share/benrover_navigation/package.bash'
[16.174s] INFO:colcon.colcon_core.shell:Creating package script '/home/elfriedkinzoun/rosws/install/benrover_navigation/share/benrover_navigation/package.zsh'
[16.174s] Level 1:colcon.colcon_core.environment:create_file_with_runtime_dependencies(/home/elfriedkinzoun/rosws/install/benrover_navigation/share/colcon-core/packages/benrover_navigation)
[16.174s] DEBUG:colcon.colcon_parallel_executor.executor.parallel:closing loop
[16.175s] DEBUG:colcon.colcon_parallel_executor.executor.parallel:loop closed
[16.175s] DEBUG:colcon.colcon_parallel_executor.executor.parallel:run_until_complete finished with '0'
[16.175s] DEBUG:colcon.colcon_core.event_reactor:joining thread
[16.331s] INFO:colcon.colcon_core.plugin_system:Skipping extension 'colcon_notification.desktop_notification.terminal_notifier': Not used on non-Darwin systems
[16.332s] INFO:colcon.colcon_core.plugin_system:Skipping extension 'colcon_notification.desktop_notification.win32': Not used on non-Windows systems
[16.332s] INFO:colcon.colcon_notification.desktop_notification:Sending desktop notification using 'notify2'
[16.429s] DEBUG:colcon.colcon_core.event_reactor:joined thread
[16.430s] INFO:colcon.colcon_core.shell:Creating prefix script '/home/elfriedkinzoun/rosws/install/local_setup.ps1'
[16.446s] INFO:colcon.colcon_core.shell:Creating prefix util module '/home/elfriedkinzoun/rosws/install/_local_setup_util_ps1.py'
[16.468s] INFO:colcon.colcon_core.shell:Creating prefix chain script '/home/elfriedkinzoun/rosws/install/setup.ps1'
[16.469s] INFO:colcon.colcon_core.shell:Creating prefix script '/home/elfriedkinzoun/rosws/install/local_setup.sh'
[16.471s] INFO:colcon.colcon_core.shell:Creating prefix util module '/home/elfriedkinzoun/rosws/install/_local_setup_util_sh.py'
[16.472s] INFO:colcon.colcon_core.shell:Creating prefix chain script '/home/elfriedkinzoun/rosws/install/setup.sh'
[16.474s] INFO:colcon.colcon_core.shell:Creating prefix script '/home/elfriedkinzoun/rosws/install/local_setup.bash'
[16.487s] INFO:colcon.colcon_core.shell:Creating prefix chain script '/home/elfriedkinzoun/rosws/install/setup.bash'
[16.491s] INFO:colcon.colcon_core.shell:Creating prefix script '/home/elfriedkinzoun/rosws/install/local_setup.zsh'
[16.507s] INFO:colcon.colcon_core.shell:Creating prefix chain script '/home/elfriedkinzoun/rosws/install/setup.zsh'
