[0.916s] Invoking command in '/home/sergino/rosws/src/benrover_navigation': PYTHONPATH=/home/sergino/rosws/build/benrover_navigation/prefix_override:/home/sergino/.local/lib/python3.10/site-packages/colcon_core/task/python/colcon_distutils_commands:/home/sergino/rosws/install/benrover_navigation/lib/python3.10/site-packages:${PYTHONPATH} WSLENV=ELECTRON_RUN_AS_NODE/w:WT_SESSION:WT_PROFILE_ID: /usr/bin/python3 -W ignore:setup.py install is deprecated setup.py egg_info --egg-base ../../build/benrover_navigation build --build-base /home/sergino/rosws/build/benrover_navigation/build install --record /home/sergino/rosws/build/benrover_navigation/install.log --single-version-externally-managed install_data
[1.244s] running egg_info
[1.244s] writing ../../build/benrover_navigation/benrover_navigation.egg-info/PKG-INFO
[1.245s] writing dependency_links to ../../build/benrover_navigation/benrover_navigation.egg-info/dependency_links.txt
[1.247s] writing entry points to ../../build/benrover_navigation/benrover_navigation.egg-info/entry_points.txt
[1.247s] writing requirements to ../../build/benrover_navigation/benrover_navigation.egg-info/requires.txt
[1.248s] writing top-level names to ../../build/benrover_navigation/benrover_navigation.egg-info/top_level.txt
[1.250s] reading manifest file '../../build/benrover_navigation/benrover_navigation.egg-info/SOURCES.txt'
[1.252s] writing manifest file '../../build/benrover_navigation/benrover_navigation.egg-info/SOURCES.txt'
[1.252s] running build
[1.252s] running build_py
[1.253s] copying benrover_navigation/navigation.py -> /home/sergino/rosws/build/benrover_navigation/build/lib/benrover_navigation
[1.253s] running install
[1.254s] running install_lib
[1.255s] copying /home/sergino/rosws/build/benrover_navigation/build/lib/benrover_navigation/navigation.py -> /home/sergino/rosws/install/benrover_navigation/lib/python3.10/site-packages/benrover_navigation
[1.256s] byte-compiling /home/sergino/rosws/install/benrover_navigation/lib/python3.10/site-packages/benrover_navigation/navigation.py to navigation.cpython-310.pyc
[1.257s] running install_data
[1.257s] running install_egg_info
[1.259s] removing '/home/sergino/rosws/install/benrover_navigation/lib/python3.10/site-packages/benrover_navigation-0.0.0-py3.10.egg-info' (and everything under it)
[1.260s] Copying ../../build/benrover_navigation/benrover_navigation.egg-info to /home/sergino/rosws/install/benrover_navigation/lib/python3.10/site-packages/benrover_navigation-0.0.0-py3.10.egg-info
[1.262s] running install_scripts
[1.289s] Installing rover_navigation script to /home/sergino/rosws/install/benrover_navigation/lib/benrover_navigation
[1.289s] writing list of installed files to '/home/sergino/rosws/build/benrover_navigation/install.log'
[1.319s] Invoked command in '/home/sergino/rosws/src/benrover_navigation' returned '0': PYTHONPATH=/home/sergino/rosws/build/benrover_navigation/prefix_override:/home/sergino/.local/lib/python3.10/site-packages/colcon_core/task/python/colcon_distutils_commands:/home/sergino/rosws/install/benrover_navigation/lib/python3.10/site-packages:${PYTHONPATH} WSLENV=ELECTRON_RUN_AS_NODE/w:WT_SESSION:WT_PROFILE_ID: /usr/bin/python3 -W ignore:setup.py install is deprecated setup.py egg_info --egg-base ../../build/benrover_navigation build --build-base /home/sergino/rosws/build/benrover_navigation/build install --record /home/sergino/rosws/build/benrover_navigation/install.log --single-version-externally-managed install_data
