running develop
/usr/lib/python3/dist-packages/setuptools/command/easy_install.py:158: EasyInstallDeprecationWarning: easy_install command is deprecated. Use build and pip and other standards-based tools.
  warnings.warn(
/usr/lib/python3/dist-packages/pkg_resources/__init__.py:116: PkgResourcesDeprecationWarning: 2.4.0-ubuntu3-zorin1 is an invalid version and will not be supported in a future release
  warnings.warn(
running egg_info
writing benrover_actuators.egg-info/PKG-INFO
writing dependency_links to benrover_actuators.egg-info/dependency_links.txt
writing entry points to benrover_actuators.egg-info/entry_points.txt
writing requirements to benrover_actuators.egg-info/requires.txt
writing top-level names to benrover_actuators.egg-info/top_level.txt
reading manifest file 'benrover_actuators.egg-info/SOURCES.txt'
writing manifest file 'benrover_actuators.egg-info/SOURCES.txt'
running build_ext
Creating /home/elfriedkinzoun/rosws/install/benrover_actuators/lib/python3.10/site-packages/benrover-actuators.egg-link (link to .)
Installing my_node script to /home/elfriedkinzoun/rosws/install/benrover_actuators/lib/benrover_actuators

Installed /home/elfriedkinzoun/rosws/build/benrover_actuators
running symlink_data
symbolically linking /home/elfriedkinzoun/rosws/build/benrover_actuators/resource/benrover_actuators -> /home/elfriedkinzoun/rosws/install/benrover_actuators/share/ament_index/resource_index/packages
symbolically linking /home/elfriedkinzoun/rosws/build/benrover_actuators/package.xml -> /home/elfriedkinzoun/rosws/install/benrover_actuators/share/benrover_actuators
