running egg_info
creating ../../build/benrover_actuators/benrover_actuators.egg-info
writing ../../build/benrover_actuators/benrover_actuators.egg-info/PKG-INFO
writing dependency_links to ../../build/benrover_actuators/benrover_actuators.egg-info/dependency_links.txt
writing entry points to ../../build/benrover_actuators/benrover_actuators.egg-info/entry_points.txt
writing requirements to ../../build/benrover_actuators/benrover_actuators.egg-info/requires.txt
writing top-level names to ../../build/benrover_actuators/benrover_actuators.egg-info/top_level.txt
writing manifest file '../../build/benrover_actuators/benrover_actuators.egg-info/SOURCES.txt'
reading manifest file '../../build/benrover_actuators/benrover_actuators.egg-info/SOURCES.txt'
adding license file 'LICENSE'
writing manifest file '../../build/benrover_actuators/benrover_actuators.egg-info/SOURCES.txt'
running build
running build_py
creating /home/elfriedkinzoun/rosws/build/benrover_actuators/build
creating /home/elfriedkinzoun/rosws/build/benrover_actuators/build/lib
creating /home/elfriedkinzoun/rosws/build/benrover_actuators/build/lib/benrover_actuators
copying benrover_actuators/__init__.py -> /home/elfriedkinzoun/rosws/build/benrover_actuators/build/lib/benrover_actuators
copying benrover_actuators/my_node.py -> /home/elfriedkinzoun/rosws/build/benrover_actuators/build/lib/benrover_actuators
running install
running install_lib
creating /home/elfriedkinzoun/rosws/install/benrover_actuators/lib/python3.10/site-packages/benrover_actuators
copying /home/elfriedkinzoun/rosws/build/benrover_actuators/build/lib/benrover_actuators/__init__.py -> /home/elfriedkinzoun/rosws/install/benrover_actuators/lib/python3.10/site-packages/benrover_actuators
copying /home/elfriedkinzoun/rosws/build/benrover_actuators/build/lib/benrover_actuators/my_node.py -> /home/elfriedkinzoun/rosws/install/benrover_actuators/lib/python3.10/site-packages/benrover_actuators
byte-compiling /home/elfriedkinzoun/rosws/install/benrover_actuators/lib/python3.10/site-packages/benrover_actuators/__init__.py to __init__.cpython-310.pyc
byte-compiling /home/elfriedkinzoun/rosws/install/benrover_actuators/lib/python3.10/site-packages/benrover_actuators/my_node.py to my_node.cpython-310.pyc
running install_data
creating /home/elfriedkinzoun/rosws/install/benrover_actuators/share/ament_index
creating /home/elfriedkinzoun/rosws/install/benrover_actuators/share/ament_index/resource_index
creating /home/elfriedkinzoun/rosws/install/benrover_actuators/share/ament_index/resource_index/packages
copying resource/benrover_actuators -> /home/elfriedkinzoun/rosws/install/benrover_actuators/share/ament_index/resource_index/packages
copying package.xml -> /home/elfriedkinzoun/rosws/install/benrover_actuators/share/benrover_actuators
running install_egg_info
Copying ../../build/benrover_actuators/benrover_actuators.egg-info to /home/elfriedkinzoun/rosws/install/benrover_actuators/lib/python3.10/site-packages/benrover_actuators-0.0.0-py3.10.egg-info
running install_scripts
Installing my_node script to /home/elfriedkinzoun/rosws/install/benrover_actuators/lib/benrover_actuators
writing list of installed files to '/home/elfriedkinzoun/rosws/build/benrover_actuators/install.log'
