[3.913s] Invoking command in '/home/elfriedkinzoun/rosws/src/benrover_navigation': CONDA_PROMPT_MODIFIER=(base) PYTHONPATH=/home/elfriedkinzoun/rosws/build/benrover_navigation/prefix_override:/usr/lib/python3/dist-packages/colcon_core/task/python/colcon_distutils_commands:/home/elfriedkinzoun/rosws/install/benrover_navigation/lib/python3.10/site-packages:${PYTHONPATH} /usr/bin/python3 -W ignore:setup.py install is deprecated setup.py egg_info --egg-base ../../build/benrover_navigation build --build-base /home/elfriedkinzoun/rosws/build/benrover_navigation/build install --record /home/elfriedkinzoun/rosws/build/benrover_navigation/install.log --single-version-externally-managed install_data
[5.304s] running egg_info
[5.306s] writing ../../build/benrover_navigation/benrover_navigation.egg-info/PKG-INFO
[5.316s] writing dependency_links to ../../build/benrover_navigation/benrover_navigation.egg-info/dependency_links.txt
[5.316s] writing entry points to ../../build/benrover_navigation/benrover_navigation.egg-info/entry_points.txt
[5.316s] writing requirements to ../../build/benrover_navigation/benrover_navigation.egg-info/requires.txt
[5.317s] writing top-level names to ../../build/benrover_navigation/benrover_navigation.egg-info/top_level.txt
[5.321s] reading manifest file '../../build/benrover_navigation/benrover_navigation.egg-info/SOURCES.txt'
[5.351s] writing manifest file '../../build/benrover_navigation/benrover_navigation.egg-info/SOURCES.txt'
[5.351s] running build
[5.351s] running build_py
[5.430s] running install
[5.430s] running install_lib
[5.452s] running install_data
[5.497s] running install_egg_info
[5.500s] removing '/home/elfriedkinzoun/rosws/install/benrover_navigation/lib/python3.10/site-packages/benrover_navigation-0.0.0-py3.10.egg-info' (and everything under it)
[5.500s] Copying ../../build/benrover_navigation/benrover_navigation.egg-info to /home/elfriedkinzoun/rosws/install/benrover_navigation/lib/python3.10/site-packages/benrover_navigation-0.0.0-py3.10.egg-info
[5.550s] running install_scripts
[5.586s] writing list of installed files to '/home/elfriedkinzoun/rosws/build/benrover_navigation/install.log'
[5.627s] Invoked command in '/home/elfriedkinzoun/rosws/src/benrover_navigation' returned '0': CONDA_PROMPT_MODIFIER=(base) PYTHONPATH=/home/elfriedkinzoun/rosws/build/benrover_navigation/prefix_override:/usr/lib/python3/dist-packages/colcon_core/task/python/colcon_distutils_commands:/home/elfriedkinzoun/rosws/install/benrover_navigation/lib/python3.10/site-packages:${PYTHONPATH} /usr/bin/python3 -W ignore:setup.py install is deprecated setup.py egg_info --egg-base ../../build/benrover_navigation build --build-base /home/elfriedkinzoun/rosws/build/benrover_navigation/build install --record /home/elfriedkinzoun/rosws/build/benrover_navigation/install.log --single-version-externally-managed install_data
