running develop
running egg_info
creating benrover_assembly.egg-info
writing benrover_assembly.egg-info/PKG-INFO
writing dependency_links to benrover_assembly.egg-info/dependency_links.txt
writing entry points to benrover_assembly.egg-info/entry_points.txt
writing requirements to benrover_assembly.egg-info/requires.txt
writing top-level names to benrover_assembly.egg-info/top_level.txt
writing manifest file 'benrover_assembly.egg-info/SOURCES.txt'
reading manifest file 'benrover_assembly.egg-info/SOURCES.txt'
writing manifest file 'benrover_assembly.egg-info/SOURCES.txt'
running build_ext
Creating /home/elfriedkinzoun/rosws/install/benrover_assembly/lib/python3.10/site-packages/benrover-assembly.egg-link (link to .)

Installed /home/elfriedkinzoun/rosws/build/benrover_assembly
running symlink_data
creating /home/elfriedkinzoun/rosws/install/benrover_assembly/share/ament_index
creating /home/elfriedkinzoun/rosws/install/benrover_assembly/share/ament_index/resource_index
creating /home/elfriedkinzoun/rosws/install/benrover_assembly/share/ament_index/resource_index/packages
symbolically linking /home/elfriedkinzoun/rosws/build/benrover_assembly/resource/benrover_assembly -> /home/elfriedkinzoun/rosws/install/benrover_assembly/share/ament_index/resource_index/packages
symbolically linking /home/elfriedkinzoun/rosws/build/benrover_assembly/package.xml -> /home/elfriedkinzoun/rosws/install/benrover_assembly/share/benrover_assembly
creating /home/elfriedkinzoun/rosws/install/benrover_assembly/share/benrover_assembly/launch
symbolically linking /home/elfriedkinzoun/rosws/build/benrover_assembly/launch/launch_simulation.py -> /home/elfriedkinzoun/rosws/install/benrover_assembly/share/benrover_assembly/launch
creating /home/elfriedkinzoun/rosws/install/benrover_assembly/share/benrover_assembly/urdf
symbolically linking /home/elfriedkinzoun/rosws/build/benrover_assembly/urdf/benrover_assembly.urdf -> /home/elfriedkinzoun/rosws/install/benrover_assembly/share/benrover_assembly/urdf
creating /home/elfriedkinzoun/rosws/install/benrover_assembly/share/benrover_assembly/meshes
symbolically linking /home/elfriedkinzoun/rosws/build/benrover_assembly/meshes/Support_L.STL -> /home/elfriedkinzoun/rosws/install/benrover_assembly/share/benrover_assembly/meshes
symbolically linking /home/elfriedkinzoun/rosws/build/benrover_assembly/meshes/Rod_Mid.STL -> /home/elfriedkinzoun/rosws/install/benrover_assembly/share/benrover_assembly/meshes
symbolically linking /home/elfriedkinzoun/rosws/build/benrover_assembly/meshes/Rocker_L.STL -> /home/elfriedkinzoun/rosws/install/benrover_assembly/share/benrover_assembly/meshes
symbolically linking /home/elfriedkinzoun/rosws/build/benrover_assembly/meshes/Servo_BL.STL -> /home/elfriedkinzoun/rosws/install/benrover_assembly/share/benrover_assembly/meshes
symbolically linking /home/elfriedkinzoun/rosws/build/benrover_assembly/meshes/RodEnd_L.STL -> /home/elfriedkinzoun/rosws/install/benrover_assembly/share/benrover_assembly/meshes
symbolically linking /home/elfriedkinzoun/rosws/build/benrover_assembly/meshes/Wheel_MR.STL -> /home/elfriedkinzoun/rosws/install/benrover_assembly/share/benrover_assembly/meshes
symbolically linking /home/elfriedkinzoun/rosws/build/benrover_assembly/meshes/Servo_FL.STL -> /home/elfriedkinzoun/rosws/install/benrover_assembly/share/benrover_assembly/meshes
symbolically linking /home/elfriedkinzoun/rosws/build/benrover_assembly/meshes/Bogie_R.STL -> /home/elfriedkinzoun/rosws/install/benrover_assembly/share/benrover_assembly/meshes
symbolically linking /home/elfriedkinzoun/rosws/build/benrover_assembly/meshes/Wheel_FL.STL -> /home/elfriedkinzoun/rosws/install/benrover_assembly/share/benrover_assembly/meshes
symbolically linking /home/elfriedkinzoun/rosws/build/benrover_assembly/meshes/Wheel_BR.STL -> /home/elfriedkinzoun/rosws/install/benrover_assembly/share/benrover_assembly/meshes
symbolically linking /home/elfriedkinzoun/rosws/build/benrover_assembly/meshes/Wheel_FR.STL -> /home/elfriedkinzoun/rosws/install/benrover_assembly/share/benrover_assembly/meshes
symbolically linking /home/elfriedkinzoun/rosws/build/benrover_assembly/meshes/RodEnd_R.STL -> /home/elfriedkinzoun/rosws/install/benrover_assembly/share/benrover_assembly/meshes
symbolically linking /home/elfriedkinzoun/rosws/build/benrover_assembly/meshes/base_link.STL -> /home/elfriedkinzoun/rosws/install/benrover_assembly/share/benrover_assembly/meshes
symbolically linking /home/elfriedkinzoun/rosws/build/benrover_assembly/meshes/Wheel_ML.STL -> /home/elfriedkinzoun/rosws/install/benrover_assembly/share/benrover_assembly/meshes
symbolically linking /home/elfriedkinzoun/rosws/build/benrover_assembly/meshes/Stepper_Link.STL -> /home/elfriedkinzoun/rosws/install/benrover_assembly/share/benrover_assembly/meshes
symbolically linking /home/elfriedkinzoun/rosws/build/benrover_assembly/meshes/Servo_FR.STL -> /home/elfriedkinzoun/rosws/install/benrover_assembly/share/benrover_assembly/meshes
symbolically linking /home/elfriedkinzoun/rosws/build/benrover_assembly/meshes/Wheel_BL.STL -> /home/elfriedkinzoun/rosws/install/benrover_assembly/share/benrover_assembly/meshes
symbolically linking /home/elfriedkinzoun/rosws/build/benrover_assembly/meshes/Servo_BR.STL -> /home/elfriedkinzoun/rosws/install/benrover_assembly/share/benrover_assembly/meshes
symbolically linking /home/elfriedkinzoun/rosws/build/benrover_assembly/meshes/Bogie_L.STL -> /home/elfriedkinzoun/rosws/install/benrover_assembly/share/benrover_assembly/meshes
symbolically linking /home/elfriedkinzoun/rosws/build/benrover_assembly/meshes/Cam_servo_link.STL -> /home/elfriedkinzoun/rosws/install/benrover_assembly/share/benrover_assembly/meshes
symbolically linking /home/elfriedkinzoun/rosws/build/benrover_assembly/meshes/Support_R.STL -> /home/elfriedkinzoun/rosws/install/benrover_assembly/share/benrover_assembly/meshes
symbolically linking /home/elfriedkinzoun/rosws/build/benrover_assembly/meshes/Rocker_R.STL -> /home/elfriedkinzoun/rosws/install/benrover_assembly/share/benrover_assembly/meshes
