running develop
/usr/lib/python3/dist-packages/setuptools/command/easy_install.py:158: EasyInstallDeprecationWarning: easy_install command is deprecated. Use build and pip and other standards-based tools.
  warnings.warn(
/usr/lib/python3/dist-packages/pkg_resources/__init__.py:116: PkgResourcesDeprecationWarning: 2.4.0-ubuntu3-zorin1 is an invalid version and will not be supported in a future release
  warnings.warn(
Removing /home/elfriedkinzoun/rosws/install/benrover_sensors/lib/python3.10/site-packages/benrover-sensors.egg-link (link to .)
running egg_info
writing ../../build/benrover_sensors/benrover_sensors.egg-info/PKG-INFO
writing dependency_links to ../../build/benrover_sensors/benrover_sensors.egg-info/dependency_links.txt
writing entry points to ../../build/benrover_sensors/benrover_sensors.egg-info/entry_points.txt
writing requirements to ../../build/benrover_sensors/benrover_sensors.egg-info/requires.txt
writing top-level names to ../../build/benrover_sensors/benrover_sensors.egg-info/top_level.txt
reading manifest file '../../build/benrover_sensors/benrover_sensors.egg-info/SOURCES.txt'
writing manifest file '../../build/benrover_sensors/benrover_sensors.egg-info/SOURCES.txt'
running build
running build_py
running install
running install_lib
running install_data
copying resource/benrover_sensors -> /home/elfriedkinzoun/rosws/install/benrover_sensors/share/ament_index/resource_index/packages
copying package.xml -> /home/elfriedkinzoun/rosws/install/benrover_sensors/share/benrover_sensors
running install_egg_info
removing '/home/elfriedkinzoun/rosws/install/benrover_sensors/lib/python3.10/site-packages/benrover_sensors-0.0.0-py3.10.egg-info' (and everything under it)
Copying ../../build/benrover_sensors/benrover_sensors.egg-info to /home/elfriedkinzoun/rosws/install/benrover_sensors/lib/python3.10/site-packages/benrover_sensors-0.0.0-py3.10.egg-info
running install_scripts
writing list of installed files to '/home/elfriedkinzoun/rosws/build/benrover_sensors/install.log'
