[2.124s] Invoking command in '/home/elfriedkinzoun/rosws/build/benrover_sensors': CONDA_PROMPT_MODIFIER=(base) PYTHONPATH=/home/elfriedkinzoun/rosws/build/benrover_sensors/prefix_override:/usr/lib/python3/dist-packages/colcon_core/task/python/colcon_distutils_commands:/home/elfriedkinzoun/rosws/install/benrover_sensors/lib/python3.10/site-packages:${PYTHONPATH} /usr/bin/python3 -W ignore:setup.py install is deprecated setup.py develop --uninstall --editable --build-directory /home/elfriedkinzoun/rosws/build/benrover_sensors/build
[2.833s] running develop
[2.835s] /usr/lib/python3/dist-packages/setuptools/command/easy_install.py:158: EasyInstallDeprecationWarning: easy_install command is deprecated. Use build and pip and other standards-based tools.
[2.835s]   warnings.warn(
[3.018s] /usr/lib/python3/dist-packages/pkg_resources/__init__.py:116: PkgResourcesDeprecationWarning: 2.4.0-ubuntu3-zorin1 is an invalid version and will not be supported in a future release
[3.019s]   warnings.warn(
[3.403s] Removing /home/elfriedkinzoun/rosws/install/benrover_sensors/lib/python3.10/site-packages/benrover-sensors.egg-link (link to .)
[3.527s] Invoked command in '/home/elfriedkinzoun/rosws/build/benrover_sensors' returned '0': CONDA_PROMPT_MODIFIER=(base) PYTHONPATH=/home/elfriedkinzoun/rosws/build/benrover_sensors/prefix_override:/usr/lib/python3/dist-packages/colcon_core/task/python/colcon_distutils_commands:/home/elfriedkinzoun/rosws/install/benrover_sensors/lib/python3.10/site-packages:${PYTHONPATH} /usr/bin/python3 -W ignore:setup.py install is deprecated setup.py develop --uninstall --editable --build-directory /home/elfriedkinzoun/rosws/build/benrover_sensors/build
[3.530s] Invoking command in '/home/elfriedkinzoun/rosws/src/benrover_sensors': CONDA_PROMPT_MODIFIER=(base) PYTHONPATH=/home/elfriedkinzoun/rosws/build/benrover_sensors/prefix_override:/usr/lib/python3/dist-packages/colcon_core/task/python/colcon_distutils_commands:/home/elfriedkinzoun/rosws/install/benrover_sensors/lib/python3.10/site-packages:${PYTHONPATH} /usr/bin/python3 -W ignore:setup.py install is deprecated setup.py egg_info --egg-base ../../build/benrover_sensors build --build-base /home/elfriedkinzoun/rosws/build/benrover_sensors/build install --record /home/elfriedkinzoun/rosws/build/benrover_sensors/install.log --single-version-externally-managed install_data --force
[4.232s] running egg_info
[4.233s] writing ../../build/benrover_sensors/benrover_sensors.egg-info/PKG-INFO
[4.234s] writing dependency_links to ../../build/benrover_sensors/benrover_sensors.egg-info/dependency_links.txt
[4.235s] writing entry points to ../../build/benrover_sensors/benrover_sensors.egg-info/entry_points.txt
[4.235s] writing requirements to ../../build/benrover_sensors/benrover_sensors.egg-info/requires.txt
[4.235s] writing top-level names to ../../build/benrover_sensors/benrover_sensors.egg-info/top_level.txt
[4.242s] reading manifest file '../../build/benrover_sensors/benrover_sensors.egg-info/SOURCES.txt'
[4.244s] writing manifest file '../../build/benrover_sensors/benrover_sensors.egg-info/SOURCES.txt'
[4.248s] running build
[4.252s] running build_py
[4.252s] running install
[4.252s] running install_lib
[4.253s] running install_data
[4.253s] copying resource/benrover_sensors -> /home/elfriedkinzoun/rosws/install/benrover_sensors/share/ament_index/resource_index/packages
[4.253s] copying package.xml -> /home/elfriedkinzoun/rosws/install/benrover_sensors/share/benrover_sensors
[4.254s] running install_egg_info
[4.258s] removing '/home/elfriedkinzoun/rosws/install/benrover_sensors/lib/python3.10/site-packages/benrover_sensors-0.0.0-py3.10.egg-info' (and everything under it)
[4.258s] Copying ../../build/benrover_sensors/benrover_sensors.egg-info to /home/elfriedkinzoun/rosws/install/benrover_sensors/lib/python3.10/site-packages/benrover_sensors-0.0.0-py3.10.egg-info
[4.259s] running install_scripts
[4.307s] writing list of installed files to '/home/elfriedkinzoun/rosws/build/benrover_sensors/install.log'
[4.398s] Invoked command in '/home/elfriedkinzoun/rosws/src/benrover_sensors' returned '0': CONDA_PROMPT_MODIFIER=(base) PYTHONPATH=/home/elfriedkinzoun/rosws/build/benrover_sensors/prefix_override:/usr/lib/python3/dist-packages/colcon_core/task/python/colcon_distutils_commands:/home/elfriedkinzoun/rosws/install/benrover_sensors/lib/python3.10/site-packages:${PYTHONPATH} /usr/bin/python3 -W ignore:setup.py install is deprecated setup.py egg_info --egg-base ../../build/benrover_sensors build --build-base /home/elfriedkinzoun/rosws/build/benrover_sensors/build install --record /home/elfriedkinzoun/rosws/build/benrover_sensors/install.log --single-version-externally-managed install_data --force
