[1.144s] Invoking command in '/home/sergino/rosws/src/benrover_launch': PYTHONPATH=/home/sergino/rosws/build/benrover_launch/prefix_override:/home/sergino/.local/lib/python3.10/site-packages/colcon_core/task/python/colcon_distutils_commands:/home/sergino/rosws/install/benrover_launch/lib/python3.10/site-packages:${PYTHONPATH} /usr/bin/python3 -W ignore:setup.py install is deprecated setup.py egg_info --egg-base ../../build/benrover_launch build --build-base /home/sergino/rosws/build/benrover_launch/build install --record /home/sergino/rosws/build/benrover_launch/install.log --single-version-externally-managed install_data
[1.466s] running egg_info
[1.467s] writing ../../build/benrover_launch/benrover_launch.egg-info/PKG-INFO
[1.467s] writing dependency_links to ../../build/benrover_launch/benrover_launch.egg-info/dependency_links.txt
[1.468s] writing entry points to ../../build/benrover_launch/benrover_launch.egg-info/entry_points.txt
[1.468s] writing requirements to ../../build/benrover_launch/benrover_launch.egg-info/requires.txt
[1.468s] writing top-level names to ../../build/benrover_launch/benrover_launch.egg-info/top_level.txt
[1.471s] reading manifest file '../../build/benrover_launch/benrover_launch.egg-info/SOURCES.txt'
[1.472s] adding license file 'LICENSE'
[1.473s] writing manifest file '../../build/benrover_launch/benrover_launch.egg-info/SOURCES.txt'
[1.473s] running build
[1.473s] running build_py
[1.473s] running install
[1.473s] running install_lib
[1.475s] running install_data
[1.475s] copying launch/_launch.py -> /home/sergino/rosws/install/benrover_launch/share/benrover_launch/launch
[1.477s] copying config/benrover_params.yaml -> /home/sergino/rosws/install/benrover_launch/share/benrover_launch/config
[1.478s] running install_egg_info
[1.480s] removing '/home/sergino/rosws/install/benrover_launch/lib/python3.10/site-packages/benrover_launch-0.0.0-py3.10.egg-info' (and everything under it)
[1.485s] Copying ../../build/benrover_launch/benrover_launch.egg-info to /home/sergino/rosws/install/benrover_launch/lib/python3.10/site-packages/benrover_launch-0.0.0-py3.10.egg-info
[1.487s] running install_scripts
[1.515s] writing list of installed files to '/home/sergino/rosws/build/benrover_launch/install.log'
[1.549s] Invoked command in '/home/sergino/rosws/src/benrover_launch' returned '0': PYTHONPATH=/home/sergino/rosws/build/benrover_launch/prefix_override:/home/sergino/.local/lib/python3.10/site-packages/colcon_core/task/python/colcon_distutils_commands:/home/sergino/rosws/install/benrover_launch/lib/python3.10/site-packages:${PYTHONPATH} /usr/bin/python3 -W ignore:setup.py install is deprecated setup.py egg_info --egg-base ../../build/benrover_launch build --build-base /home/sergino/rosws/build/benrover_launch/build install --record /home/sergino/rosws/build/benrover_launch/install.log --single-version-externally-managed install_data
