running egg_info
creating ../../build/benrover_navigation/benrover_navigation.egg-info
writing ../../build/benrover_navigation/benrover_navigation.egg-info/PKG-INFO
writing dependency_links to ../../build/benrover_navigation/benrover_navigation.egg-info/dependency_links.txt
writing entry points to ../../build/benrover_navigation/benrover_navigation.egg-info/entry_points.txt
writing requirements to ../../build/benrover_navigation/benrover_navigation.egg-info/requires.txt
writing top-level names to ../../build/benrover_navigation/benrover_navigation.egg-info/top_level.txt
writing manifest file '../../build/benrover_navigation/benrover_navigation.egg-info/SOURCES.txt'
reading manifest file '../../build/benrover_navigation/benrover_navigation.egg-info/SOURCES.txt'
writing manifest file '../../build/benrover_navigation/benrover_navigation.egg-info/SOURCES.txt'
running build
running build_py
creating /home/sergino/rosws/build/benrover_navigation/build
creating /home/sergino/rosws/build/benrover_navigation/build/lib
creating /home/sergino/rosws/build/benrover_navigation/build/lib/benrover_navigation
copying benrover_navigation/__init__.py -> /home/sergino/rosws/build/benrover_navigation/build/lib/benrover_navigation
copying benrover_navigation/navigation.py -> /home/sergino/rosws/build/benrover_navigation/build/lib/benrover_navigation
running install
running install_lib
creating /home/sergino/rosws/install/benrover_navigation/lib/python3.10/site-packages/benrover_navigation
copying /home/sergino/rosws/build/benrover_navigation/build/lib/benrover_navigation/__init__.py -> /home/sergino/rosws/install/benrover_navigation/lib/python3.10/site-packages/benrover_navigation
copying /home/sergino/rosws/build/benrover_navigation/build/lib/benrover_navigation/navigation.py -> /home/sergino/rosws/install/benrover_navigation/lib/python3.10/site-packages/benrover_navigation
byte-compiling /home/sergino/rosws/install/benrover_navigation/lib/python3.10/site-packages/benrover_navigation/__init__.py to __init__.cpython-310.pyc
byte-compiling /home/sergino/rosws/install/benrover_navigation/lib/python3.10/site-packages/benrover_navigation/navigation.py to navigation.cpython-310.pyc
running install_data
creating /home/sergino/rosws/install/benrover_navigation/share/ament_index
creating /home/sergino/rosws/install/benrover_navigation/share/ament_index/resource_index
creating /home/sergino/rosws/install/benrover_navigation/share/ament_index/resource_index/packages
copying resource/benrover_navigation -> /home/sergino/rosws/install/benrover_navigation/share/ament_index/resource_index/packages
copying package.xml -> /home/sergino/rosws/install/benrover_navigation/share/benrover_navigation
running install_egg_info
Copying ../../build/benrover_navigation/benrover_navigation.egg-info to /home/sergino/rosws/install/benrover_navigation/lib/python3.10/site-packages/benrover_navigation-0.0.0-py3.10.egg-info
running install_scripts
writing list of installed files to '/home/sergino/rosws/build/benrover_navigation/install.log'
