[1.366s] Invoking command in '/home/sergino/rosws/src/benrover_navigation': PYTHONPATH=/home/sergino/rosws/build/benrover_navigation/prefix_override:/home/sergino/.local/lib/python3.10/site-packages/colcon_core/task/python/colcon_distutils_commands:/home/sergino/rosws/install/benrover_navigation/lib/python3.10/site-packages:${PYTHONPATH} WSLENV=ELECTRON_RUN_AS_NODE/w:WT_SESSION:WT_PROFILE_ID: /usr/bin/python3 -W ignore:setup.py install is deprecated setup.py egg_info --egg-base ../../build/benrover_navigation build --build-base /home/sergino/rosws/build/benrover_navigation/build install --record /home/sergino/rosws/build/benrover_navigation/install.log --single-version-externally-managed install_data
[1.778s] running egg_info
[1.778s] creating ../../build/benrover_navigation/benrover_navigation.egg-info
[1.779s] writing ../../build/benrover_navigation/benrover_navigation.egg-info/PKG-INFO
[1.780s] writing dependency_links to ../../build/benrover_navigation/benrover_navigation.egg-info/dependency_links.txt
[1.780s] writing entry points to ../../build/benrover_navigation/benrover_navigation.egg-info/entry_points.txt
[1.780s] writing requirements to ../../build/benrover_navigation/benrover_navigation.egg-info/requires.txt
[1.780s] writing top-level names to ../../build/benrover_navigation/benrover_navigation.egg-info/top_level.txt
[1.780s] writing manifest file '../../build/benrover_navigation/benrover_navigation.egg-info/SOURCES.txt'
[1.784s] reading manifest file '../../build/benrover_navigation/benrover_navigation.egg-info/SOURCES.txt'
[1.785s] writing manifest file '../../build/benrover_navigation/benrover_navigation.egg-info/SOURCES.txt'
[1.785s] running build
[1.785s] running build_py
[1.785s] creating /home/sergino/rosws/build/benrover_navigation/build
[1.788s] creating /home/sergino/rosws/build/benrover_navigation/build/lib
[1.791s] creating /home/sergino/rosws/build/benrover_navigation/build/lib/benrover_navigation
[1.794s] copying benrover_navigation/__init__.py -> /home/sergino/rosws/build/benrover_navigation/build/lib/benrover_navigation
[1.794s] copying benrover_navigation/navigation.py -> /home/sergino/rosws/build/benrover_navigation/build/lib/benrover_navigation
[1.795s] running install
[1.795s] running install_lib
[1.796s] creating /home/sergino/rosws/install/benrover_navigation/lib/python3.10/site-packages/benrover_navigation
[1.797s] copying /home/sergino/rosws/build/benrover_navigation/build/lib/benrover_navigation/__init__.py -> /home/sergino/rosws/install/benrover_navigation/lib/python3.10/site-packages/benrover_navigation
[1.797s] copying /home/sergino/rosws/build/benrover_navigation/build/lib/benrover_navigation/navigation.py -> /home/sergino/rosws/install/benrover_navigation/lib/python3.10/site-packages/benrover_navigation
[1.797s] byte-compiling /home/sergino/rosws/install/benrover_navigation/lib/python3.10/site-packages/benrover_navigation/__init__.py to __init__.cpython-310.pyc
[1.798s] byte-compiling /home/sergino/rosws/install/benrover_navigation/lib/python3.10/site-packages/benrover_navigation/navigation.py to navigation.cpython-310.pyc
[1.813s] running install_data
[1.813s] creating /home/sergino/rosws/install/benrover_navigation/share/ament_index
[1.814s] creating /home/sergino/rosws/install/benrover_navigation/share/ament_index/resource_index
[1.814s] creating /home/sergino/rosws/install/benrover_navigation/share/ament_index/resource_index/packages
[1.814s] copying resource/benrover_navigation -> /home/sergino/rosws/install/benrover_navigation/share/ament_index/resource_index/packages
[1.814s] copying package.xml -> /home/sergino/rosws/install/benrover_navigation/share/benrover_navigation
[1.814s] running install_egg_info
[1.814s] Copying ../../build/benrover_navigation/benrover_navigation.egg-info to /home/sergino/rosws/install/benrover_navigation/lib/python3.10/site-packages/benrover_navigation-0.0.0-py3.10.egg-info
[1.814s] running install_scripts
[1.897s] writing list of installed files to '/home/sergino/rosws/build/benrover_navigation/install.log'
[1.957s] Invoked command in '/home/sergino/rosws/src/benrover_navigation' returned '0': PYTHONPATH=/home/sergino/rosws/build/benrover_navigation/prefix_override:/home/sergino/.local/lib/python3.10/site-packages/colcon_core/task/python/colcon_distutils_commands:/home/sergino/rosws/install/benrover_navigation/lib/python3.10/site-packages:${PYTHONPATH} WSLENV=ELECTRON_RUN_AS_NODE/w:WT_SESSION:WT_PROFILE_ID: /usr/bin/python3 -W ignore:setup.py install is deprecated setup.py egg_info --egg-base ../../build/benrover_navigation build --build-base /home/sergino/rosws/build/benrover_navigation/build install --record /home/sergino/rosws/build/benrover_navigation/install.log --single-version-externally-managed install_data
