[2.462s] Invoking command in '/home/elfriedkinzoun/rosws/build/benrover_navigation': CONDA_PROMPT_MODIFIER=(base) PYTHONPATH=/home/elfriedkinzoun/rosws/build/benrover_navigation/prefix_override:/usr/lib/python3/dist-packages/colcon_core/task/python/colcon_distutils_commands:/home/elfriedkinzoun/rosws/install/benrover_navigation/lib/python3.10/site-packages:${PYTHONPATH} /usr/bin/python3 -W ignore:setup.py install is deprecated setup.py develop --editable --build-directory /home/elfriedkinzoun/rosws/build/benrover_navigation/build --no-deps symlink_data
[2.925s] running develop
[2.941s] /usr/lib/python3/dist-packages/setuptools/command/easy_install.py:158: EasyInstallDeprecationWarning: easy_install command is deprecated. Use build and pip and other standards-based tools.
[2.941s]   warnings.warn(
[3.050s] /usr/lib/python3/dist-packages/pkg_resources/__init__.py:116: PkgResourcesDeprecationWarning: 2.4.0-ubuntu3-zorin1 is an invalid version and will not be supported in a future release
[3.050s]   warnings.warn(
[3.219s] running egg_info
[3.219s] creating benrover_navigation.egg-info
[3.219s] writing benrover_navigation.egg-info/PKG-INFO
[3.220s] writing dependency_links to benrover_navigation.egg-info/dependency_links.txt
[3.220s] writing entry points to benrover_navigation.egg-info/entry_points.txt
[3.220s] writing requirements to benrover_navigation.egg-info/requires.txt
[3.220s] writing top-level names to benrover_navigation.egg-info/top_level.txt
[3.221s] writing manifest file 'benrover_navigation.egg-info/SOURCES.txt'
[3.223s] reading manifest file 'benrover_navigation.egg-info/SOURCES.txt'
[3.225s] writing manifest file 'benrover_navigation.egg-info/SOURCES.txt'
[3.228s] running build_ext
[3.228s] Creating /home/elfriedkinzoun/rosws/install/benrover_navigation/lib/python3.10/site-packages/benrover-navigation.egg-link (link to .)
[3.229s] 
[3.229s] Installed /home/elfriedkinzoun/rosws/build/benrover_navigation
[3.230s] running symlink_data
[3.230s] creating /home/elfriedkinzoun/rosws/install/benrover_navigation/share/ament_index
[3.230s] creating /home/elfriedkinzoun/rosws/install/benrover_navigation/share/ament_index/resource_index
[3.230s] creating /home/elfriedkinzoun/rosws/install/benrover_navigation/share/ament_index/resource_index/packages
[3.230s] symbolically linking /home/elfriedkinzoun/rosws/build/benrover_navigation/resource/benrover_navigation -> /home/elfriedkinzoun/rosws/install/benrover_navigation/share/ament_index/resource_index/packages
[3.231s] symbolically linking /home/elfriedkinzoun/rosws/build/benrover_navigation/package.xml -> /home/elfriedkinzoun/rosws/install/benrover_navigation/share/benrover_navigation
[3.399s] Invoked command in '/home/elfriedkinzoun/rosws/build/benrover_navigation' returned '0': CONDA_PROMPT_MODIFIER=(base) PYTHONPATH=/home/elfriedkinzoun/rosws/build/benrover_navigation/prefix_override:/usr/lib/python3/dist-packages/colcon_core/task/python/colcon_distutils_commands:/home/elfriedkinzoun/rosws/install/benrover_navigation/lib/python3.10/site-packages:${PYTHONPATH} /usr/bin/python3 -W ignore:setup.py install is deprecated setup.py develop --editable --build-directory /home/elfriedkinzoun/rosws/build/benrover_navigation/build --no-deps symlink_data
