running egg_info
writing ../../build/benrover_actuators/benrover_actuators.egg-info/PKG-INFO
writing dependency_links to ../../build/benrover_actuators/benrover_actuators.egg-info/dependency_links.txt
writing entry points to ../../build/benrover_actuators/benrover_actuators.egg-info/entry_points.txt
writing requirements to ../../build/benrover_actuators/benrover_actuators.egg-info/requires.txt
writing top-level names to ../../build/benrover_actuators/benrover_actuators.egg-info/top_level.txt
reading manifest file '../../build/benrover_actuators/benrover_actuators.egg-info/SOURCES.txt'
adding license file 'LICENSE'
writing manifest file '../../build/benrover_actuators/benrover_actuators.egg-info/SOURCES.txt'
running build
running build_py
copying benrover_actuators/benrover_actuators.py -> /home/elfriedkinzoun/rosws/build/benrover_actuators/build/lib/benrover_actuators
running install
running install_lib
copying /home/elfriedkinzoun/rosws/build/benrover_actuators/build/lib/benrover_actuators/benrover_actuators.py -> /home/elfriedkinzoun/rosws/install/benrover_actuators/lib/python3.10/site-packages/benrover_actuators
byte-compiling /home/elfriedkinzoun/rosws/install/benrover_actuators/lib/python3.10/site-packages/benrover_actuators/benrover_actuators.py to benrover_actuators.cpython-310.pyc
running install_data
copying package.xml -> /home/elfriedkinzoun/rosws/install/benrover_actuators/share/benrover_actuators
running install_egg_info
removing '/home/elfriedkinzoun/rosws/install/benrover_actuators/lib/python3.10/site-packages/benrover_actuators-0.0.0-py3.10.egg-info' (and everything under it)
Copying ../../build/benrover_actuators/benrover_actuators.egg-info to /home/elfriedkinzoun/rosws/install/benrover_actuators/lib/python3.10/site-packages/benrover_actuators-0.0.0-py3.10.egg-info
running install_scripts
Installing my_node script to /home/elfriedkinzoun/rosws/install/benrover_actuators/lib/benrover_actuators
writing list of installed files to '/home/elfriedkinzoun/rosws/build/benrover_actuators/install.log'
