[4.573s] Invoking command in '/home/elfriedkinzoun/rosws/src/benrover_actuators': CONDA_PROMPT_MODIFIER=(base) PYTHONPATH=/home/elfriedkinzoun/rosws/build/benrover_actuators/prefix_override:/usr/lib/python3/dist-packages/colcon_core/task/python/colcon_distutils_commands:/home/elfriedkinzoun/rosws/install/benrover_actuators/lib/python3.10/site-packages:${PYTHONPATH} /usr/bin/python3 -W ignore:setup.py install is deprecated setup.py egg_info --egg-base ../../build/benrover_actuators build --build-base /home/elfriedkinzoun/rosws/build/benrover_actuators/build install --record /home/elfriedkinzoun/rosws/build/benrover_actuators/install.log --single-version-externally-managed install_data
[6.289s] running egg_info
[6.294s] writing ../../build/benrover_actuators/benrover_actuators.egg-info/PKG-INFO
[6.296s] writing dependency_links to ../../build/benrover_actuators/benrover_actuators.egg-info/dependency_links.txt
[6.298s] writing entry points to ../../build/benrover_actuators/benrover_actuators.egg-info/entry_points.txt
[6.299s] writing requirements to ../../build/benrover_actuators/benrover_actuators.egg-info/requires.txt
[6.300s] writing top-level names to ../../build/benrover_actuators/benrover_actuators.egg-info/top_level.txt
[6.306s] reading manifest file '../../build/benrover_actuators/benrover_actuators.egg-info/SOURCES.txt'
[6.327s] adding license file 'LICENSE'
[6.330s] writing manifest file '../../build/benrover_actuators/benrover_actuators.egg-info/SOURCES.txt'
[6.337s] running build
[6.338s] running build_py
[6.340s] copying benrover_actuators/benrover_actuators.py -> /home/elfriedkinzoun/rosws/build/benrover_actuators/build/lib/benrover_actuators
[6.343s] running install
[6.351s] running install_lib
[6.361s] copying /home/elfriedkinzoun/rosws/build/benrover_actuators/build/lib/benrover_actuators/benrover_actuators.py -> /home/elfriedkinzoun/rosws/install/benrover_actuators/lib/python3.10/site-packages/benrover_actuators
[6.366s] byte-compiling /home/elfriedkinzoun/rosws/install/benrover_actuators/lib/python3.10/site-packages/benrover_actuators/benrover_actuators.py to benrover_actuators.cpython-310.pyc
[6.371s] running install_data
[6.372s] copying package.xml -> /home/elfriedkinzoun/rosws/install/benrover_actuators/share/benrover_actuators
[6.372s] running install_egg_info
[6.387s] removing '/home/elfriedkinzoun/rosws/install/benrover_actuators/lib/python3.10/site-packages/benrover_actuators-0.0.0-py3.10.egg-info' (and everything under it)
[6.387s] Copying ../../build/benrover_actuators/benrover_actuators.egg-info to /home/elfriedkinzoun/rosws/install/benrover_actuators/lib/python3.10/site-packages/benrover_actuators-0.0.0-py3.10.egg-info
[6.397s] running install_scripts
[6.550s] Installing my_node script to /home/elfriedkinzoun/rosws/install/benrover_actuators/lib/benrover_actuators
[6.571s] writing list of installed files to '/home/elfriedkinzoun/rosws/build/benrover_actuators/install.log'
[6.773s] Invoked command in '/home/elfriedkinzoun/rosws/src/benrover_actuators' returned '0': CONDA_PROMPT_MODIFIER=(base) PYTHONPATH=/home/elfriedkinzoun/rosws/build/benrover_actuators/prefix_override:/usr/lib/python3/dist-packages/colcon_core/task/python/colcon_distutils_commands:/home/elfriedkinzoun/rosws/install/benrover_actuators/lib/python3.10/site-packages:${PYTHONPATH} /usr/bin/python3 -W ignore:setup.py install is deprecated setup.py egg_info --egg-base ../../build/benrover_actuators build --build-base /home/elfriedkinzoun/rosws/build/benrover_actuators/build install --record /home/elfriedkinzoun/rosws/build/benrover_actuators/install.log --single-version-externally-managed install_data
