[2.323s] DEBUG:colcon:Command line arguments: ['/usr/bin/colcon', 'build', '--packages-select', 'benrover_actuators']
[2.323s] DEBUG:colcon:Parsed command line arguments: Namespace(log_base=None, log_level=None, verb_name='build', build_base='build', install_base='install', merge_install=False, symlink_install=False, test_result_base=None, continue_on_error=False, executor='parallel', parallel_workers=4, event_handlers=None, ignore_user_meta=False, metas=['./colcon.meta'], base_paths=['.'], packages_ignore=None, packages_ignore_regex=None, paths=None, packages_up_to=None, packages_up_to_regex=None, packages_above=None, packages_above_and_dependencies=None, packages_above_depth=None, packages_select_by_dep=None, packages_skip_by_dep=None, packages_skip_up_to=None, packages_select_build_failed=False, packages_skip_build_finished=False, packages_select_test_failures=False, packages_skip_test_passed=False, packages_select=['benrover_actuators'], packages_skip=None, packages_select_regex=None, packages_skip_regex=None, packages_start=None, packages_end=None, allow_overriding=[], cmake_args=None, cmake_target=None, cmake_target_skip_unavailable=False, cmake_clean_cache=False, cmake_clean_first=False, cmake_force_configure=False, ament_cmake_args=None, catkin_cmake_args=None, catkin_skip_building_tests=False, verb_parser=<colcon_defaults.argument_parser.defaults.DefaultArgumentsDecorator object at 0x78250c749150>, verb_extension=<colcon_core.verb.build.BuildVerb object at 0x78250c748c40>, main=<bound method BuildVerb.main of <colcon_core.verb.build.BuildVerb object at 0x78250c748c40>>)
[9.644s] Level 1:colcon.colcon_core.package_discovery:discover_packages(colcon_meta) check parameters
[9.645s] Level 1:colcon.colcon_core.package_discovery:discover_packages(recursive) check parameters
[9.645s] Level 1:colcon.colcon_core.package_discovery:discover_packages(ignore) check parameters
[9.645s] Level 1:colcon.colcon_core.package_discovery:discover_packages(path) check parameters
[9.646s] Level 1:colcon.colcon_core.package_discovery:discover_packages(colcon_meta) discover
[9.646s] Level 1:colcon.colcon_core.package_discovery:discover_packages(recursive) discover
[9.646s] INFO:colcon.colcon_core.package_discovery:Crawling recursively for packages in '/home/elfriedkinzoun/rosws'
[9.647s] Level 1:colcon.colcon_core.package_identification:_identify(.) by extensions ['ignore', 'ignore_ament_install']
[9.647s] Level 1:colcon.colcon_core.package_identification:_identify(.) by extension 'ignore'
[9.647s] Level 1:colcon.colcon_core.package_identification:_identify(.) by extension 'ignore_ament_install'
[9.648s] Level 1:colcon.colcon_core.package_identification:_identify(.) by extensions ['colcon_pkg']
[9.648s] Level 1:colcon.colcon_core.package_identification:_identify(.) by extension 'colcon_pkg'
[9.649s] Level 1:colcon.colcon_core.package_identification:_identify(.) by extensions ['colcon_meta']
[9.649s] Level 1:colcon.colcon_core.package_identification:_identify(.) by extension 'colcon_meta'
[9.649s] Level 1:colcon.colcon_core.package_identification:_identify(.) by extensions ['ros']
[9.649s] Level 1:colcon.colcon_core.package_identification:_identify(.) by extension 'ros'
[9.718s] Level 1:colcon.colcon_core.package_identification:_identify(.) by extensions ['cmake', 'python']
[9.718s] Level 1:colcon.colcon_core.package_identification:_identify(.) by extension 'cmake'
[9.718s] Level 1:colcon.colcon_core.package_identification:_identify(.) by extension 'python'
[9.718s] Level 1:colcon.colcon_core.package_identification:_identify(.) by extensions ['python_setup_py']
[9.718s] Level 1:colcon.colcon_core.package_identification:_identify(.) by extension 'python_setup_py'
[9.719s] Level 1:colcon.colcon_core.package_identification:_identify(build) by extensions ['ignore', 'ignore_ament_install']
[9.719s] Level 1:colcon.colcon_core.package_identification:_identify(build) by extension 'ignore'
[9.719s] Level 1:colcon.colcon_core.package_identification:_identify(build) ignored
[9.719s] Level 1:colcon.colcon_core.package_identification:_identify(install) by extensions ['ignore', 'ignore_ament_install']
[9.720s] Level 1:colcon.colcon_core.package_identification:_identify(install) by extension 'ignore'
[9.720s] Level 1:colcon.colcon_core.package_identification:_identify(install) ignored
[9.720s] Level 1:colcon.colcon_core.package_identification:_identify(log) by extensions ['ignore', 'ignore_ament_install']
[9.720s] Level 1:colcon.colcon_core.package_identification:_identify(log) by extension 'ignore'
[9.720s] Level 1:colcon.colcon_core.package_identification:_identify(log) ignored
[9.721s] Level 1:colcon.colcon_core.package_identification:_identify(src) by extensions ['ignore', 'ignore_ament_install']
[9.721s] Level 1:colcon.colcon_core.package_identification:_identify(src) by extension 'ignore'
[9.721s] Level 1:colcon.colcon_core.package_identification:_identify(src) by extension 'ignore_ament_install'
[9.721s] Level 1:colcon.colcon_core.package_identification:_identify(src) by extensions ['colcon_pkg']
[9.721s] Level 1:colcon.colcon_core.package_identification:_identify(src) by extension 'colcon_pkg'
[9.721s] Level 1:colcon.colcon_core.package_identification:_identify(src) by extensions ['colcon_meta']
[9.722s] Level 1:colcon.colcon_core.package_identification:_identify(src) by extension 'colcon_meta'
[9.722s] Level 1:colcon.colcon_core.package_identification:_identify(src) by extensions ['ros']
[9.722s] Level 1:colcon.colcon_core.package_identification:_identify(src) by extension 'ros'
[9.722s] Level 1:colcon.colcon_core.package_identification:_identify(src) by extensions ['cmake', 'python']
[9.722s] Level 1:colcon.colcon_core.package_identification:_identify(src) by extension 'cmake'
[9.722s] Level 1:colcon.colcon_core.package_identification:_identify(src) by extension 'python'
[9.723s] Level 1:colcon.colcon_core.package_identification:_identify(src) by extensions ['python_setup_py']
[9.723s] Level 1:colcon.colcon_core.package_identification:_identify(src) by extension 'python_setup_py'
[9.723s] Level 1:colcon.colcon_core.package_identification:_identify(src/benrover_actuators) by extensions ['ignore', 'ignore_ament_install']
[9.723s] Level 1:colcon.colcon_core.package_identification:_identify(src/benrover_actuators) by extension 'ignore'
[9.723s] Level 1:colcon.colcon_core.package_identification:_identify(src/benrover_actuators) by extension 'ignore_ament_install'
[9.724s] Level 1:colcon.colcon_core.package_identification:_identify(src/benrover_actuators) by extensions ['colcon_pkg']
[9.724s] Level 1:colcon.colcon_core.package_identification:_identify(src/benrover_actuators) by extension 'colcon_pkg'
[9.724s] Level 1:colcon.colcon_core.package_identification:_identify(src/benrover_actuators) by extensions ['colcon_meta']
[9.724s] Level 1:colcon.colcon_core.package_identification:_identify(src/benrover_actuators) by extension 'colcon_meta'
[9.724s] Level 1:colcon.colcon_core.package_identification:_identify(src/benrover_actuators) by extensions ['ros']
[9.724s] Level 1:colcon.colcon_core.package_identification:_identify(src/benrover_actuators) by extension 'ros'
[9.791s] DEBUG:colcon.colcon_core.package_identification:Package 'src/benrover_actuators' with type 'ros.ament_python' and name 'benrover_actuators'
[9.791s] Level 1:colcon.colcon_core.package_discovery:discover_packages(recursive) using defaults
[9.792s] Level 1:colcon.colcon_core.package_discovery:discover_packages(ignore) discover
[9.792s] Level 1:colcon.colcon_core.package_discovery:discover_packages(ignore) using defaults
[9.793s] Level 1:colcon.colcon_core.package_discovery:discover_packages(path) discover
[9.793s] Level 1:colcon.colcon_core.package_discovery:discover_packages(path) using defaults
[10.756s] Level 1:colcon.colcon_core.package_discovery:discover_packages(prefix_path) check parameters
[10.757s] Level 1:colcon.colcon_core.package_discovery:discover_packages(prefix_path) discover
[10.826s] DEBUG:colcon.colcon_installed_package_information.package_discovery:Found 0 installed packages in /home/elfriedkinzoun/rosws/install
[10.858s] DEBUG:colcon.colcon_installed_package_information.package_discovery:Found 282 installed packages in /opt/ros/rolling
[10.966s] Level 1:colcon.colcon_core.package_discovery:discover_packages(prefix_path) using defaults
[12.682s] Level 5:colcon.colcon_core.verb:set package 'benrover_actuators' build argument 'cmake_args' from command line to 'None'
[12.682s] Level 5:colcon.colcon_core.verb:set package 'benrover_actuators' build argument 'cmake_target' from command line to 'None'
[12.682s] Level 5:colcon.colcon_core.verb:set package 'benrover_actuators' build argument 'cmake_target_skip_unavailable' from command line to 'False'
[12.682s] Level 5:colcon.colcon_core.verb:set package 'benrover_actuators' build argument 'cmake_clean_cache' from command line to 'False'
[12.683s] Level 5:colcon.colcon_core.verb:set package 'benrover_actuators' build argument 'cmake_clean_first' from command line to 'False'
[12.687s] Level 5:colcon.colcon_core.verb:set package 'benrover_actuators' build argument 'cmake_force_configure' from command line to 'False'
[12.687s] Level 5:colcon.colcon_core.verb:set package 'benrover_actuators' build argument 'ament_cmake_args' from command line to 'None'
[12.688s] Level 5:colcon.colcon_core.verb:set package 'benrover_actuators' build argument 'catkin_cmake_args' from command line to 'None'
[12.688s] Level 5:colcon.colcon_core.verb:set package 'benrover_actuators' build argument 'catkin_skip_building_tests' from command line to 'False'
[12.688s] DEBUG:colcon.colcon_core.verb:Building package 'benrover_actuators' with the following arguments: {'ament_cmake_args': None, 'build_base': '/home/elfriedkinzoun/rosws/build/benrover_actuators', 'catkin_cmake_args': None, 'catkin_skip_building_tests': False, 'cmake_args': None, 'cmake_clean_cache': False, 'cmake_clean_first': False, 'cmake_force_configure': False, 'cmake_target': None, 'cmake_target_skip_unavailable': False, 'install_base': '/home/elfriedkinzoun/rosws/install/benrover_actuators', 'merge_install': False, 'path': '/home/elfriedkinzoun/rosws/src/benrover_actuators', 'symlink_install': False, 'test_result_base': None}
[12.690s] INFO:colcon.colcon_core.executor:Executing jobs using 'parallel' executor
[12.696s] DEBUG:colcon.colcon_parallel_executor.executor.parallel:run_until_complete
[12.697s] INFO:colcon.colcon_ros.task.ament_python.build:Building ROS package in '/home/elfriedkinzoun/rosws/src/benrover_actuators' with build type 'ament_python'
[12.698s] Level 1:colcon.colcon_core.shell:create_environment_hook('benrover_actuators', 'ament_prefix_path')
[12.844s] INFO:colcon.colcon_core.plugin_system:Skipping extension 'colcon_core.shell.bat': Not used on non-Windows systems
[12.845s] INFO:colcon.colcon_core.shell:Creating environment hook '/home/elfriedkinzoun/rosws/install/benrover_actuators/share/benrover_actuators/hook/ament_prefix_path.ps1'
[12.871s] INFO:colcon.colcon_core.shell:Creating environment descriptor '/home/elfriedkinzoun/rosws/install/benrover_actuators/share/benrover_actuators/hook/ament_prefix_path.dsv'
[12.904s] INFO:colcon.colcon_core.shell:Creating environment hook '/home/elfriedkinzoun/rosws/install/benrover_actuators/share/benrover_actuators/hook/ament_prefix_path.sh'
[12.945s] INFO:colcon.colcon_core.shell:Skip shell extension 'powershell' for command environment: Not usable outside of PowerShell
[12.949s] DEBUG:colcon.colcon_core.shell:Skip shell extension 'dsv' for command environment
[14.756s] INFO:colcon.colcon_core.task.python.build:Building Python package in '/home/elfriedkinzoun/rosws/src/benrover_actuators'
[14.757s] INFO:colcon.colcon_core.shell:Skip shell extension 'powershell' for command environment: Not usable outside of PowerShell
[14.757s] DEBUG:colcon.colcon_core.shell:Skip shell extension 'dsv' for command environment
[19.932s] DEBUG:colcon.colcon_core.event_handler.log_command:Invoking command in '/home/elfriedkinzoun/rosws/src/benrover_actuators': CONDA_PROMPT_MODIFIER=(base) PYTHONPATH=/home/elfriedkinzoun/rosws/build/benrover_actuators/prefix_override:/usr/lib/python3/dist-packages/colcon_core/task/python/colcon_distutils_commands:/home/elfriedkinzoun/rosws/install/benrover_actuators/lib/python3.10/site-packages:${PYTHONPATH} /usr/bin/python3 -W ignore:setup.py install is deprecated setup.py egg_info --egg-base ../../build/benrover_actuators build --build-base /home/elfriedkinzoun/rosws/build/benrover_actuators/build install --record /home/elfriedkinzoun/rosws/build/benrover_actuators/install.log --single-version-externally-managed install_data
[22.667s] DEBUG:colcon.colcon_core.event_handler.log_command:Invoked command in '/home/elfriedkinzoun/rosws/src/benrover_actuators' returned '0': CONDA_PROMPT_MODIFIER=(base) PYTHONPATH=/home/elfriedkinzoun/rosws/build/benrover_actuators/prefix_override:/usr/lib/python3/dist-packages/colcon_core/task/python/colcon_distutils_commands:/home/elfriedkinzoun/rosws/install/benrover_actuators/lib/python3.10/site-packages:${PYTHONPATH} /usr/bin/python3 -W ignore:setup.py install is deprecated setup.py egg_info --egg-base ../../build/benrover_actuators build --build-base /home/elfriedkinzoun/rosws/build/benrover_actuators/build install --record /home/elfriedkinzoun/rosws/build/benrover_actuators/install.log --single-version-externally-managed install_data
[22.763s] Level 1:colcon.colcon_core.environment:checking '/home/elfriedkinzoun/rosws/install/benrover_actuators' for CMake module files
[22.766s] Level 1:colcon.colcon_core.environment:checking '/home/elfriedkinzoun/rosws/install/benrover_actuators' for CMake config files
[22.774s] Level 1:colcon.colcon_core.environment:checking '/home/elfriedkinzoun/rosws/install/benrover_actuators/lib'
[22.777s] Level 1:colcon.colcon_core.environment:checking '/home/elfriedkinzoun/rosws/install/benrover_actuators/bin'
[22.777s] Level 1:colcon.colcon_core.environment:checking '/home/elfriedkinzoun/rosws/install/benrover_actuators/lib/pkgconfig/benrover_actuators.pc'
[22.778s] Level 1:colcon.colcon_core.environment:checking '/home/elfriedkinzoun/rosws/install/benrover_actuators/lib/python3.10/site-packages'
[22.778s] Level 1:colcon.colcon_core.shell:create_environment_hook('benrover_actuators', 'pythonpath')
[22.779s] INFO:colcon.colcon_core.shell:Creating environment hook '/home/elfriedkinzoun/rosws/install/benrover_actuators/share/benrover_actuators/hook/pythonpath.ps1'
[22.780s] INFO:colcon.colcon_core.shell:Creating environment descriptor '/home/elfriedkinzoun/rosws/install/benrover_actuators/share/benrover_actuators/hook/pythonpath.dsv'
[22.787s] INFO:colcon.colcon_core.shell:Creating environment hook '/home/elfriedkinzoun/rosws/install/benrover_actuators/share/benrover_actuators/hook/pythonpath.sh'
[22.806s] Level 1:colcon.colcon_core.environment:checking '/home/elfriedkinzoun/rosws/install/benrover_actuators/bin'
[22.807s] Level 1:colcon.colcon_core.environment:create_environment_scripts_only(benrover_actuators)
[22.811s] INFO:colcon.colcon_core.shell:Creating package script '/home/elfriedkinzoun/rosws/install/benrover_actuators/share/benrover_actuators/package.ps1'
[22.844s] INFO:colcon.colcon_core.shell:Creating package descriptor '/home/elfriedkinzoun/rosws/install/benrover_actuators/share/benrover_actuators/package.dsv'
[22.883s] INFO:colcon.colcon_core.shell:Creating package script '/home/elfriedkinzoun/rosws/install/benrover_actuators/share/benrover_actuators/package.sh'
[22.896s] INFO:colcon.colcon_core.shell:Creating package script '/home/elfriedkinzoun/rosws/install/benrover_actuators/share/benrover_actuators/package.bash'
[22.932s] INFO:colcon.colcon_core.shell:Creating package script '/home/elfriedkinzoun/rosws/install/benrover_actuators/share/benrover_actuators/package.zsh'
[22.961s] Level 1:colcon.colcon_core.environment:create_file_with_runtime_dependencies(/home/elfriedkinzoun/rosws/install/benrover_actuators/share/colcon-core/packages/benrover_actuators)
[22.962s] DEBUG:colcon.colcon_parallel_executor.executor.parallel:closing loop
[22.977s] DEBUG:colcon.colcon_parallel_executor.executor.parallel:loop closed
[22.977s] DEBUG:colcon.colcon_parallel_executor.executor.parallel:run_until_complete finished with '0'
[22.978s] DEBUG:colcon.colcon_core.event_reactor:joining thread
[23.121s] INFO:colcon.colcon_core.plugin_system:Skipping extension 'colcon_notification.desktop_notification.terminal_notifier': Not used on non-Darwin systems
[23.122s] INFO:colcon.colcon_core.plugin_system:Skipping extension 'colcon_notification.desktop_notification.win32': Not used on non-Windows systems
[23.122s] INFO:colcon.colcon_notification.desktop_notification:Sending desktop notification using 'notify2'
[23.830s] DEBUG:colcon.colcon_core.event_reactor:joined thread
[23.831s] INFO:colcon.colcon_core.shell:Creating prefix script '/home/elfriedkinzoun/rosws/install/local_setup.ps1'
[23.866s] INFO:colcon.colcon_core.shell:Creating prefix util module '/home/elfriedkinzoun/rosws/install/_local_setup_util_ps1.py'
[23.899s] INFO:colcon.colcon_core.shell:Creating prefix chain script '/home/elfriedkinzoun/rosws/install/setup.ps1'
[23.909s] INFO:colcon.colcon_core.shell:Creating prefix script '/home/elfriedkinzoun/rosws/install/local_setup.sh'
[23.911s] INFO:colcon.colcon_core.shell:Creating prefix util module '/home/elfriedkinzoun/rosws/install/_local_setup_util_sh.py'
[23.912s] INFO:colcon.colcon_core.shell:Creating prefix chain script '/home/elfriedkinzoun/rosws/install/setup.sh'
[23.917s] INFO:colcon.colcon_core.shell:Creating prefix script '/home/elfriedkinzoun/rosws/install/local_setup.bash'
[23.949s] INFO:colcon.colcon_core.shell:Creating prefix chain script '/home/elfriedkinzoun/rosws/install/setup.bash'
[23.957s] INFO:colcon.colcon_core.shell:Creating prefix script '/home/elfriedkinzoun/rosws/install/local_setup.zsh'
[23.993s] INFO:colcon.colcon_core.shell:Creating prefix chain script '/home/elfriedkinzoun/rosws/install/setup.zsh'
