[0.848s] Invoking command in '/home/sergino/rosws/src/benrover_launch': PYTHONPATH=/home/sergino/rosws/build/benrover_launch/prefix_override:/home/sergino/.local/lib/python3.10/site-packages/colcon_core/task/python/colcon_distutils_commands:/home/sergino/rosws/install/benrover_launch/lib/python3.10/site-packages:${PYTHONPATH} /usr/bin/python3 -W ignore:setup.py install is deprecated setup.py egg_info --egg-base ../../build/benrover_launch build --build-base /home/sergino/rosws/build/benrover_launch/build install --record /home/sergino/rosws/build/benrover_launch/install.log --single-version-externally-managed install_data
[1.159s] running egg_info
[1.160s] writing ../../build/benrover_launch/benrover_launch.egg-info/PKG-INFO
[1.160s] writing dependency_links to ../../build/benrover_launch/benrover_launch.egg-info/dependency_links.txt
[1.161s] writing entry points to ../../build/benrover_launch/benrover_launch.egg-info/entry_points.txt
[1.161s] writing requirements to ../../build/benrover_launch/benrover_launch.egg-info/requires.txt
[1.161s] writing top-level names to ../../build/benrover_launch/benrover_launch.egg-info/top_level.txt
[1.164s] reading manifest file '../../build/benrover_launch/benrover_launch.egg-info/SOURCES.txt'
[1.164s] adding license file 'LICENSE'
[1.165s] writing manifest file '../../build/benrover_launch/benrover_launch.egg-info/SOURCES.txt'
[1.166s] running build
[1.166s] running build_py
[1.166s] running install
[1.167s] running install_lib
[1.168s] running install_data
[1.169s] copying launch/_launch.py -> /home/sergino/rosws/install/benrover_launch/share/benrover_launch/launch
[1.169s] running install_egg_info
[1.171s] removing '/home/sergino/rosws/install/benrover_launch/lib/python3.10/site-packages/benrover_launch-0.0.0-py3.10.egg-info' (and everything under it)
[1.172s] Copying ../../build/benrover_launch/benrover_launch.egg-info to /home/sergino/rosws/install/benrover_launch/lib/python3.10/site-packages/benrover_launch-0.0.0-py3.10.egg-info
[1.174s] running install_scripts
[1.200s] writing list of installed files to '/home/sergino/rosws/build/benrover_launch/install.log'
[1.240s] Invoked command in '/home/sergino/rosws/src/benrover_launch' returned '0': PYTHONPATH=/home/sergino/rosws/build/benrover_launch/prefix_override:/home/sergino/.local/lib/python3.10/site-packages/colcon_core/task/python/colcon_distutils_commands:/home/sergino/rosws/install/benrover_launch/lib/python3.10/site-packages:${PYTHONPATH} /usr/bin/python3 -W ignore:setup.py install is deprecated setup.py egg_info --egg-base ../../build/benrover_launch build --build-base /home/sergino/rosws/build/benrover_launch/build install --record /home/sergino/rosws/build/benrover_launch/install.log --single-version-externally-managed install_data
