running egg_info
creating ../../build/benrover_launch/benrover_launch.egg-info
writing ../../build/benrover_launch/benrover_launch.egg-info/PKG-INFO
writing dependency_links to ../../build/benrover_launch/benrover_launch.egg-info/dependency_links.txt
writing entry points to ../../build/benrover_launch/benrover_launch.egg-info/entry_points.txt
writing requirements to ../../build/benrover_launch/benrover_launch.egg-info/requires.txt
writing top-level names to ../../build/benrover_launch/benrover_launch.egg-info/top_level.txt
writing manifest file '../../build/benrover_launch/benrover_launch.egg-info/SOURCES.txt'
reading manifest file '../../build/benrover_launch/benrover_launch.egg-info/SOURCES.txt'
adding license file 'LICENSE'
writing manifest file '../../build/benrover_launch/benrover_launch.egg-info/SOURCES.txt'
running build
running build_py
creating /home/sergino/rosws/build/benrover_launch/build
creating /home/sergino/rosws/build/benrover_launch/build/lib
creating /home/sergino/rosws/build/benrover_launch/build/lib/benrover_launch
copying benrover_launch/__init__.py -> /home/sergino/rosws/build/benrover_launch/build/lib/benrover_launch
running install
running install_lib
creating /home/sergino/rosws/install/benrover_launch/lib/python3.10/site-packages/benrover_launch
copying /home/sergino/rosws/build/benrover_launch/build/lib/benrover_launch/__init__.py -> /home/sergino/rosws/install/benrover_launch/lib/python3.10/site-packages/benrover_launch
byte-compiling /home/sergino/rosws/install/benrover_launch/lib/python3.10/site-packages/benrover_launch/__init__.py to __init__.cpython-310.pyc
running install_data
creating /home/sergino/rosws/install/benrover_launch/share/ament_index
creating /home/sergino/rosws/install/benrover_launch/share/ament_index/resource_index
creating /home/sergino/rosws/install/benrover_launch/share/ament_index/resource_index/packages
copying resource/benrover_launch -> /home/sergino/rosws/install/benrover_launch/share/ament_index/resource_index/packages
copying package.xml -> /home/sergino/rosws/install/benrover_launch/share/benrover_launch
creating /home/sergino/rosws/install/benrover_launch/share/benrover_launch/launch
copying launch/_launch.py -> /home/sergino/rosws/install/benrover_launch/share/benrover_launch/launch
running install_egg_info
Copying ../../build/benrover_launch/benrover_launch.egg-info to /home/sergino/rosws/install/benrover_launch/lib/python3.10/site-packages/benrover_launch-0.0.0-py3.10.egg-info
running install_scripts
writing list of installed files to '/home/sergino/rosws/build/benrover_launch/install.log'
