[0.986s] Invoking command in '/home/sergino/rosws/src/benrover_launch': PYTHONPATH=/home/sergino/rosws/build/benrover_launch/prefix_override:/home/sergino/.local/lib/python3.10/site-packages/colcon_core/task/python/colcon_distutils_commands:/home/sergino/rosws/install/benrover_launch/lib/python3.10/site-packages:${PYTHONPATH} WSLENV=ELECTRON_RUN_AS_NODE/w:WT_SESSION:WT_PROFILE_ID: /usr/bin/python3 -W ignore:setup.py install is deprecated setup.py egg_info --egg-base ../../build/benrover_launch build --build-base /home/sergino/rosws/build/benrover_launch/build install --record /home/sergino/rosws/build/benrover_launch/install.log --single-version-externally-managed install_data
[1.317s] running egg_info
[1.318s] creating ../../build/benrover_launch/benrover_launch.egg-info
[1.319s] writing ../../build/benrover_launch/benrover_launch.egg-info/PKG-INFO
[1.319s] writing dependency_links to ../../build/benrover_launch/benrover_launch.egg-info/dependency_links.txt
[1.321s] writing entry points to ../../build/benrover_launch/benrover_launch.egg-info/entry_points.txt
[1.321s] writing requirements to ../../build/benrover_launch/benrover_launch.egg-info/requires.txt
[1.321s] writing top-level names to ../../build/benrover_launch/benrover_launch.egg-info/top_level.txt
[1.321s] writing manifest file '../../build/benrover_launch/benrover_launch.egg-info/SOURCES.txt'
[1.325s] reading manifest file '../../build/benrover_launch/benrover_launch.egg-info/SOURCES.txt'
[1.326s] adding license file 'LICENSE'
[1.327s] writing manifest file '../../build/benrover_launch/benrover_launch.egg-info/SOURCES.txt'
[1.327s] running build
[1.327s] running build_py
[1.328s] creating /home/sergino/rosws/build/benrover_launch/build
[1.328s] creating /home/sergino/rosws/build/benrover_launch/build/lib
[1.328s] creating /home/sergino/rosws/build/benrover_launch/build/lib/benrover_launch
[1.328s] copying benrover_launch/__init__.py -> /home/sergino/rosws/build/benrover_launch/build/lib/benrover_launch
[1.328s] running install
[1.328s] running install_lib
[1.329s] creating /home/sergino/rosws/install/benrover_launch/lib/python3.10/site-packages/benrover_launch
[1.330s] copying /home/sergino/rosws/build/benrover_launch/build/lib/benrover_launch/__init__.py -> /home/sergino/rosws/install/benrover_launch/lib/python3.10/site-packages/benrover_launch
[1.330s] byte-compiling /home/sergino/rosws/install/benrover_launch/lib/python3.10/site-packages/benrover_launch/__init__.py to __init__.cpython-310.pyc
[1.332s] running install_data
[1.332s] creating /home/sergino/rosws/install/benrover_launch/share/ament_index
[1.333s] creating /home/sergino/rosws/install/benrover_launch/share/ament_index/resource_index
[1.335s] creating /home/sergino/rosws/install/benrover_launch/share/ament_index/resource_index/packages
[1.335s] copying resource/benrover_launch -> /home/sergino/rosws/install/benrover_launch/share/ament_index/resource_index/packages
[1.335s] copying package.xml -> /home/sergino/rosws/install/benrover_launch/share/benrover_launch
[1.335s] creating /home/sergino/rosws/install/benrover_launch/share/benrover_launch/launch
[1.335s] copying launch/_launch.py -> /home/sergino/rosws/install/benrover_launch/share/benrover_launch/launch
[1.336s] running install_egg_info
[1.338s] Copying ../../build/benrover_launch/benrover_launch.egg-info to /home/sergino/rosws/install/benrover_launch/lib/python3.10/site-packages/benrover_launch-0.0.0-py3.10.egg-info
[1.340s] running install_scripts
[1.365s] writing list of installed files to '/home/sergino/rosws/build/benrover_launch/install.log'
[1.410s] Invoked command in '/home/sergino/rosws/src/benrover_launch' returned '0': PYTHONPATH=/home/sergino/rosws/build/benrover_launch/prefix_override:/home/sergino/.local/lib/python3.10/site-packages/colcon_core/task/python/colcon_distutils_commands:/home/sergino/rosws/install/benrover_launch/lib/python3.10/site-packages:${PYTHONPATH} WSLENV=ELECTRON_RUN_AS_NODE/w:WT_SESSION:WT_PROFILE_ID: /usr/bin/python3 -W ignore:setup.py install is deprecated setup.py egg_info --egg-base ../../build/benrover_launch build --build-base /home/sergino/rosws/build/benrover_launch/build install --record /home/sergino/rosws/build/benrover_launch/install.log --single-version-externally-managed install_data
