running egg_info
creating ../../build/benrover_actuators/benrover_actuators.egg-info
writing ../../build/benrover_actuators/benrover_actuators.egg-info/PKG-INFO
writing dependency_links to ../../build/benrover_actuators/benrover_actuators.egg-info/dependency_links.txt
writing entry points to ../../build/benrover_actuators/benrover_actuators.egg-info/entry_points.txt
writing requirements to ../../build/benrover_actuators/benrover_actuators.egg-info/requires.txt
writing top-level names to ../../build/benrover_actuators/benrover_actuators.egg-info/top_level.txt
writing manifest file '../../build/benrover_actuators/benrover_actuators.egg-info/SOURCES.txt'
reading manifest file '../../build/benrover_actuators/benrover_actuators.egg-info/SOURCES.txt'
writing manifest file '../../build/benrover_actuators/benrover_actuators.egg-info/SOURCES.txt'
running build
running build_py
creating /home/elfriedkinzoun/rosws/build/benrover_actuators/build
creating /home/elfriedkinzoun/rosws/build/benrover_actuators/build/lib
creating /home/elfriedkinzoun/rosws/build/benrover_actuators/build/lib/benrover_actuator
copying benrover_actuator/actuator_node.py -> /home/elfriedkinzoun/rosws/build/benrover_actuators/build/lib/benrover_actuator
copying benrover_actuator/__init__.py -> /home/elfriedkinzoun/rosws/build/benrover_actuators/build/lib/benrover_actuator
copying benrover_actuator/servo_control_node.py -> /home/elfriedkinzoun/rosws/build/benrover_actuators/build/lib/benrover_actuator
running install
running install_lib
creating /home/elfriedkinzoun/rosws/install/benrover_actuators/lib/python3.10/site-packages/benrover_actuator
copying /home/elfriedkinzoun/rosws/build/benrover_actuators/build/lib/benrover_actuator/actuator_node.py -> /home/elfriedkinzoun/rosws/install/benrover_actuators/lib/python3.10/site-packages/benrover_actuator
copying /home/elfriedkinzoun/rosws/build/benrover_actuators/build/lib/benrover_actuator/__init__.py -> /home/elfriedkinzoun/rosws/install/benrover_actuators/lib/python3.10/site-packages/benrover_actuator
copying /home/elfriedkinzoun/rosws/build/benrover_actuators/build/lib/benrover_actuator/servo_control_node.py -> /home/elfriedkinzoun/rosws/install/benrover_actuators/lib/python3.10/site-packages/benrover_actuator
byte-compiling /home/elfriedkinzoun/rosws/install/benrover_actuators/lib/python3.10/site-packages/benrover_actuator/actuator_node.py to actuator_node.cpython-310.pyc
byte-compiling /home/elfriedkinzoun/rosws/install/benrover_actuators/lib/python3.10/site-packages/benrover_actuator/__init__.py to __init__.cpython-310.pyc
byte-compiling /home/elfriedkinzoun/rosws/install/benrover_actuators/lib/python3.10/site-packages/benrover_actuator/servo_control_node.py to servo_control_node.cpython-310.pyc
running install_data
creating /home/elfriedkinzoun/rosws/install/benrover_actuators/share
creating /home/elfriedkinzoun/rosws/install/benrover_actuators/share/ament_index
creating /home/elfriedkinzoun/rosws/install/benrover_actuators/share/ament_index/resource_index
creating /home/elfriedkinzoun/rosws/install/benrover_actuators/share/ament_index/resource_index/packages
