[1.773s] Invoking command in '/home/elfriedkinzoun/rosws/src/benrover_actuator': CONDA_PROMPT_MODIFIER=(base) PYTHONPATH=/home/elfriedkinzoun/rosws/build/benrover_actuators/prefix_override:/usr/lib/python3/dist-packages/colcon_core/task/python/colcon_distutils_commands:/home/elfriedkinzoun/rosws/install/benrover_actuators/lib/python3.10/site-packages:${PYTHONPATH} /usr/bin/python3 -W ignore:setup.py install is deprecated setup.py egg_info --egg-base ../../build/benrover_actuators build --build-base /home/elfriedkinzoun/rosws/build/benrover_actuators/build install --record /home/elfriedkinzoun/rosws/build/benrover_actuators/install.log --single-version-externally-managed install_data
[2.531s] running egg_info
[2.534s] creating ../../build/benrover_actuators/benrover_actuators.egg-info
[2.535s] writing ../../build/benrover_actuators/benrover_actuators.egg-info/PKG-INFO
[2.535s] writing dependency_links to ../../build/benrover_actuators/benrover_actuators.egg-info/dependency_links.txt
[2.536s] writing entry points to ../../build/benrover_actuators/benrover_actuators.egg-info/entry_points.txt
[2.537s] writing requirements to ../../build/benrover_actuators/benrover_actuators.egg-info/requires.txt
[2.537s] writing top-level names to ../../build/benrover_actuators/benrover_actuators.egg-info/top_level.txt
[2.538s] writing manifest file '../../build/benrover_actuators/benrover_actuators.egg-info/SOURCES.txt'
[2.542s] reading manifest file '../../build/benrover_actuators/benrover_actuators.egg-info/SOURCES.txt'
[2.547s] writing manifest file '../../build/benrover_actuators/benrover_actuators.egg-info/SOURCES.txt'
[2.548s] running build
[2.549s] running build_py
[2.549s] creating /home/elfriedkinzoun/rosws/build/benrover_actuators/build
[2.550s] creating /home/elfriedkinzoun/rosws/build/benrover_actuators/build/lib
[2.550s] creating /home/elfriedkinzoun/rosws/build/benrover_actuators/build/lib/benrover_actuator
[2.550s] copying benrover_actuator/actuator_node.py -> /home/elfriedkinzoun/rosws/build/benrover_actuators/build/lib/benrover_actuator
[2.551s] copying benrover_actuator/__init__.py -> /home/elfriedkinzoun/rosws/build/benrover_actuators/build/lib/benrover_actuator
[2.551s] copying benrover_actuator/servo_control_node.py -> /home/elfriedkinzoun/rosws/build/benrover_actuators/build/lib/benrover_actuator
[2.552s] running install
[2.553s] running install_lib
[2.556s] creating /home/elfriedkinzoun/rosws/install/benrover_actuators/lib/python3.10/site-packages/benrover_actuator
[2.560s] copying /home/elfriedkinzoun/rosws/build/benrover_actuators/build/lib/benrover_actuator/actuator_node.py -> /home/elfriedkinzoun/rosws/install/benrover_actuators/lib/python3.10/site-packages/benrover_actuator
[2.560s] copying /home/elfriedkinzoun/rosws/build/benrover_actuators/build/lib/benrover_actuator/__init__.py -> /home/elfriedkinzoun/rosws/install/benrover_actuators/lib/python3.10/site-packages/benrover_actuator
[2.560s] copying /home/elfriedkinzoun/rosws/build/benrover_actuators/build/lib/benrover_actuator/servo_control_node.py -> /home/elfriedkinzoun/rosws/install/benrover_actuators/lib/python3.10/site-packages/benrover_actuator
[2.566s] byte-compiling /home/elfriedkinzoun/rosws/install/benrover_actuators/lib/python3.10/site-packages/benrover_actuator/actuator_node.py to actuator_node.cpython-310.pyc
[2.567s] byte-compiling /home/elfriedkinzoun/rosws/install/benrover_actuators/lib/python3.10/site-packages/benrover_actuator/__init__.py to __init__.cpython-310.pyc
[2.568s] byte-compiling /home/elfriedkinzoun/rosws/install/benrover_actuators/lib/python3.10/site-packages/benrover_actuator/servo_control_node.py to servo_control_node.cpython-310.pyc
[2.571s] running install_data
[2.571s] creating /home/elfriedkinzoun/rosws/install/benrover_actuators/share
[2.571s] creating /home/elfriedkinzoun/rosws/install/benrover_actuators/share/ament_index
[2.571s] error: can't copy 'resource/benrover_actuators': doesn't exist or not a regular file
[2.571s] creating /home/elfriedkinzoun/rosws/install/benrover_actuators/share/ament_index/resource_index
[2.572s] creating /home/elfriedkinzoun/rosws/install/benrover_actuators/share/ament_index/resource_index/packages
[2.638s] Invoked command in '/home/elfriedkinzoun/rosws/src/benrover_actuator' returned '1': CONDA_PROMPT_MODIFIER=(base) PYTHONPATH=/home/elfriedkinzoun/rosws/build/benrover_actuators/prefix_override:/usr/lib/python3/dist-packages/colcon_core/task/python/colcon_distutils_commands:/home/elfriedkinzoun/rosws/install/benrover_actuators/lib/python3.10/site-packages:${PYTHONPATH} /usr/bin/python3 -W ignore:setup.py install is deprecated setup.py egg_info --egg-base ../../build/benrover_actuators build --build-base /home/elfriedkinzoun/rosws/build/benrover_actuators/build install --record /home/elfriedkinzoun/rosws/build/benrover_actuators/install.log --single-version-externally-managed install_data
