[2.913s] Invoking command in '/home/elfriedkinzoun/rosws/src/benrover_assembly': CONDA_PROMPT_MODIFIER=(base) PYTHONPATH=/home/elfriedkinzoun/rosws/build/benrover_assembly/prefix_override:/usr/lib/python3/dist-packages/colcon_core/task/python/colcon_distutils_commands:/home/elfriedkinzoun/rosws/install/benrover_assembly/lib/python3.10/site-packages:${PYTHONPATH} /usr/bin/python3 -W ignore:setup.py install is deprecated setup.py egg_info --egg-base ../../build/benrover_assembly build --build-base /home/elfriedkinzoun/rosws/build/benrover_assembly/build install --record /home/elfriedkinzoun/rosws/build/benrover_assembly/install.log --single-version-externally-managed install_data
[3.523s] running egg_info
[3.527s] writing ../../build/benrover_assembly/benrover_assembly.egg-info/PKG-INFO
[3.528s] writing dependency_links to ../../build/benrover_assembly/benrover_assembly.egg-info/dependency_links.txt
[3.528s] writing entry points to ../../build/benrover_assembly/benrover_assembly.egg-info/entry_points.txt
[3.528s] writing requirements to ../../build/benrover_assembly/benrover_assembly.egg-info/requires.txt
[3.529s] writing top-level names to ../../build/benrover_assembly/benrover_assembly.egg-info/top_level.txt
[3.538s] reading manifest file '../../build/benrover_assembly/benrover_assembly.egg-info/SOURCES.txt'
[3.540s] writing manifest file '../../build/benrover_assembly/benrover_assembly.egg-info/SOURCES.txt'
[3.540s] running build
[3.541s] running build_py
[3.541s] running install
[3.541s] running install_lib
[3.544s] running install_data
[3.546s] running install_egg_info
[3.547s] removing '/home/elfriedkinzoun/rosws/install/benrover_assembly/lib/python3.10/site-packages/benrover_assembly-0.0.0-py3.10.egg-info' (and everything under it)
[3.548s] Copying ../../build/benrover_assembly/benrover_assembly.egg-info to /home/elfriedkinzoun/rosws/install/benrover_assembly/lib/python3.10/site-packages/benrover_assembly-0.0.0-py3.10.egg-info
[3.549s] running install_scripts
[3.590s] writing list of installed files to '/home/elfriedkinzoun/rosws/build/benrover_assembly/install.log'
[3.655s] Invoked command in '/home/elfriedkinzoun/rosws/src/benrover_assembly' returned '0': CONDA_PROMPT_MODIFIER=(base) PYTHONPATH=/home/elfriedkinzoun/rosws/build/benrover_assembly/prefix_override:/usr/lib/python3/dist-packages/colcon_core/task/python/colcon_distutils_commands:/home/elfriedkinzoun/rosws/install/benrover_assembly/lib/python3.10/site-packages:${PYTHONPATH} /usr/bin/python3 -W ignore:setup.py install is deprecated setup.py egg_info --egg-base ../../build/benrover_assembly build --build-base /home/elfriedkinzoun/rosws/build/benrover_assembly/build install --record /home/elfriedkinzoun/rosws/build/benrover_assembly/install.log --single-version-externally-managed install_data
