[2.710s] Invoking command in '/home/elfriedkinzoun/rosws/src/benrover_navigation': CONDA_PROMPT_MODIFIER=(base) PYTHONPATH=/home/elfriedkinzoun/rosws/build/benrover_navigation/prefix_override:/usr/lib/python3/dist-packages/colcon_core/task/python/colcon_distutils_commands:/home/elfriedkinzoun/rosws/install/benrover_navigation/lib/python3.10/site-packages:${PYTHONPATH} /usr/bin/python3 -W ignore:setup.py install is deprecated setup.py egg_info --egg-base ../../build/benrover_navigation build --build-base /home/elfriedkinzoun/rosws/build/benrover_navigation/build install --record /home/elfriedkinzoun/rosws/build/benrover_navigation/install.log --single-version-externally-managed install_data
[3.304s] running egg_info
[3.306s] writing ../../build/benrover_navigation/benrover_navigation.egg-info/PKG-INFO
[3.306s] writing dependency_links to ../../build/benrover_navigation/benrover_navigation.egg-info/dependency_links.txt
[3.306s] writing entry points to ../../build/benrover_navigation/benrover_navigation.egg-info/entry_points.txt
[3.307s] writing requirements to ../../build/benrover_navigation/benrover_navigation.egg-info/requires.txt
[3.307s] writing top-level names to ../../build/benrover_navigation/benrover_navigation.egg-info/top_level.txt
[3.313s] reading manifest file '../../build/benrover_navigation/benrover_navigation.egg-info/SOURCES.txt'
[3.315s] writing manifest file '../../build/benrover_navigation/benrover_navigation.egg-info/SOURCES.txt'
[3.315s] running build
[3.315s] running build_py
[3.315s] running install
[3.316s] running install_lib
[3.328s] running install_data
[3.329s] running install_egg_info
[3.330s] removing '/home/elfriedkinzoun/rosws/install/benrover_navigation/lib/python3.10/site-packages/benrover_navigation-0.0.0-py3.10.egg-info' (and everything under it)
[3.344s] Copying ../../build/benrover_navigation/benrover_navigation.egg-info to /home/elfriedkinzoun/rosws/install/benrover_navigation/lib/python3.10/site-packages/benrover_navigation-0.0.0-py3.10.egg-info
[3.344s] running install_scripts
[3.380s] writing list of installed files to '/home/elfriedkinzoun/rosws/build/benrover_navigation/install.log'
[3.432s] Invoked command in '/home/elfriedkinzoun/rosws/src/benrover_navigation' returned '0': CONDA_PROMPT_MODIFIER=(base) PYTHONPATH=/home/elfriedkinzoun/rosws/build/benrover_navigation/prefix_override:/usr/lib/python3/dist-packages/colcon_core/task/python/colcon_distutils_commands:/home/elfriedkinzoun/rosws/install/benrover_navigation/lib/python3.10/site-packages:${PYTHONPATH} /usr/bin/python3 -W ignore:setup.py install is deprecated setup.py egg_info --egg-base ../../build/benrover_navigation build --build-base /home/elfriedkinzoun/rosws/build/benrover_navigation/build install --record /home/elfriedkinzoun/rosws/build/benrover_navigation/install.log --single-version-externally-managed install_data
