[2.756s] Invoking command in '/home/elfriedkinzoun/rosws/src/benrover_sensors': CONDA_PROMPT_MODIFIER=(base) PYTHONPATH=/home/elfriedkinzoun/rosws/build/benrover_sensors/prefix_override:/usr/lib/python3/dist-packages/colcon_core/task/python/colcon_distutils_commands:/home/elfriedkinzoun/rosws/install/benrover_sensors/lib/python3.10/site-packages:${PYTHONPATH} /usr/bin/python3 -W ignore:setup.py install is deprecated setup.py egg_info --egg-base ../../build/benrover_sensors build --build-base /home/elfriedkinzoun/rosws/build/benrover_sensors/build install --record /home/elfriedkinzoun/rosws/build/benrover_sensors/install.log --single-version-externally-managed install_data
[3.355s] running egg_info
[3.356s] writing ../../build/benrover_sensors/benrover_sensors.egg-info/PKG-INFO
[3.357s] writing dependency_links to ../../build/benrover_sensors/benrover_sensors.egg-info/dependency_links.txt
[3.357s] writing entry points to ../../build/benrover_sensors/benrover_sensors.egg-info/entry_points.txt
[3.358s] writing requirements to ../../build/benrover_sensors/benrover_sensors.egg-info/requires.txt
[3.358s] writing top-level names to ../../build/benrover_sensors/benrover_sensors.egg-info/top_level.txt
[3.365s] reading manifest file '../../build/benrover_sensors/benrover_sensors.egg-info/SOURCES.txt'
[3.367s] writing manifest file '../../build/benrover_sensors/benrover_sensors.egg-info/SOURCES.txt'
[3.368s] running build
[3.368s] running build_py
[3.369s] running install
[3.370s] running install_lib
[3.373s] running install_data
[3.374s] running install_egg_info
[3.379s] removing '/home/elfriedkinzoun/rosws/install/benrover_sensors/lib/python3.10/site-packages/benrover_sensors-0.0.0-py3.10.egg-info' (and everything under it)
[3.387s] Copying ../../build/benrover_sensors/benrover_sensors.egg-info to /home/elfriedkinzoun/rosws/install/benrover_sensors/lib/python3.10/site-packages/benrover_sensors-0.0.0-py3.10.egg-info
[3.389s] running install_scripts
[3.446s] writing list of installed files to '/home/elfriedkinzoun/rosws/build/benrover_sensors/install.log'
[3.500s] Invoked command in '/home/elfriedkinzoun/rosws/src/benrover_sensors' returned '0': CONDA_PROMPT_MODIFIER=(base) PYTHONPATH=/home/elfriedkinzoun/rosws/build/benrover_sensors/prefix_override:/usr/lib/python3/dist-packages/colcon_core/task/python/colcon_distutils_commands:/home/elfriedkinzoun/rosws/install/benrover_sensors/lib/python3.10/site-packages:${PYTHONPATH} /usr/bin/python3 -W ignore:setup.py install is deprecated setup.py egg_info --egg-base ../../build/benrover_sensors build --build-base /home/elfriedkinzoun/rosws/build/benrover_sensors/build install --record /home/elfriedkinzoun/rosws/build/benrover_sensors/install.log --single-version-externally-managed install_data
