running egg_info
writing ../../build/benrover_navigation/benrover_navigation.egg-info/PKG-INFO
writing dependency_links to ../../build/benrover_navigation/benrover_navigation.egg-info/dependency_links.txt
writing entry points to ../../build/benrover_navigation/benrover_navigation.egg-info/entry_points.txt
writing requirements to ../../build/benrover_navigation/benrover_navigation.egg-info/requires.txt
writing top-level names to ../../build/benrover_navigation/benrover_navigation.egg-info/top_level.txt
reading manifest file '../../build/benrover_navigation/benrover_navigation.egg-info/SOURCES.txt'
writing manifest file '../../build/benrover_navigation/benrover_navigation.egg-info/SOURCES.txt'
running build
running build_py
copying benrover_navigation/navigation.py -> /home/sergino/rosws/build/benrover_navigation/build/lib/benrover_navigation
running install
running install_lib
copying /home/sergino/rosws/build/benrover_navigation/build/lib/benrover_navigation/navigation.py -> /home/sergino/rosws/install/benrover_navigation/lib/python3.10/site-packages/benrover_navigation
byte-compiling /home/sergino/rosws/install/benrover_navigation/lib/python3.10/site-packages/benrover_navigation/navigation.py to navigation.cpython-310.pyc
running install_data
running install_egg_info
removing '/home/sergino/rosws/install/benrover_navigation/lib/python3.10/site-packages/benrover_navigation-0.0.0-py3.10.egg-info' (and everything under it)
Copying ../../build/benrover_navigation/benrover_navigation.egg-info to /home/sergino/rosws/install/benrover_navigation/lib/python3.10/site-packages/benrover_navigation-0.0.0-py3.10.egg-info
running install_scripts
Installing navigation script to /home/sergino/rosws/install/benrover_navigation/lib/benrover_navigation
writing list of installed files to '/home/sergino/rosws/build/benrover_navigation/install.log'
