running egg_info
writing ../../build/benrover_launch/benrover_launch.egg-info/PKG-INFO
writing dependency_links to ../../build/benrover_launch/benrover_launch.egg-info/dependency_links.txt
writing entry points to ../../build/benrover_launch/benrover_launch.egg-info/entry_points.txt
writing requirements to ../../build/benrover_launch/benrover_launch.egg-info/requires.txt
writing top-level names to ../../build/benrover_launch/benrover_launch.egg-info/top_level.txt
reading manifest file '../../build/benrover_launch/benrover_launch.egg-info/SOURCES.txt'
adding license file 'LICENSE'
writing manifest file '../../build/benrover_launch/benrover_launch.egg-info/SOURCES.txt'
running build
running build_py
running install
running install_lib
running install_data
copying config/benrover_params.yaml -> /home/sergino/rosws/install/benrover_launch/share/benrover_launch/config
running install_egg_info
removing '/home/sergino/rosws/install/benrover_launch/lib/python3.10/site-packages/benrover_launch-0.0.0-py3.10.egg-info' (and everything under it)
Copying ../../build/benrover_launch/benrover_launch.egg-info to /home/sergino/rosws/install/benrover_launch/lib/python3.10/site-packages/benrover_launch-0.0.0-py3.10.egg-info
running install_scripts
writing list of installed files to '/home/sergino/rosws/build/benrover_launch/install.log'
