[0.994s] Invoking command in '/home/sergino/rosws/src/benrover_launch': PYTHONPATH=/home/sergino/rosws/build/benrover_launch/prefix_override:/home/sergino/.local/lib/python3.10/site-packages/colcon_core/task/python/colcon_distutils_commands:/home/sergino/rosws/install/benrover_launch/lib/python3.10/site-packages:${PYTHONPATH} /usr/bin/python3 -W ignore:setup.py install is deprecated setup.py egg_info --egg-base ../../build/benrover_launch build --build-base /home/sergino/rosws/build/benrover_launch/build install --record /home/sergino/rosws/build/benrover_launch/install.log --single-version-externally-managed install_data
[1.326s] running egg_info
[1.327s] writing ../../build/benrover_launch/benrover_launch.egg-info/PKG-INFO
[1.327s] writing dependency_links to ../../build/benrover_launch/benrover_launch.egg-info/dependency_links.txt
[1.328s] writing entry points to ../../build/benrover_launch/benrover_launch.egg-info/entry_points.txt
[1.328s] writing requirements to ../../build/benrover_launch/benrover_launch.egg-info/requires.txt
[1.328s] writing top-level names to ../../build/benrover_launch/benrover_launch.egg-info/top_level.txt
[1.330s] reading manifest file '../../build/benrover_launch/benrover_launch.egg-info/SOURCES.txt'
[1.331s] adding license file 'LICENSE'
[1.332s] writing manifest file '../../build/benrover_launch/benrover_launch.egg-info/SOURCES.txt'
[1.332s] running build
[1.332s] running build_py
[1.332s] running install
[1.336s] running install_lib
[1.337s] running install_data
[1.338s] copying config/benrover_params.yaml -> /home/sergino/rosws/install/benrover_launch/share/benrover_launch/config
[1.338s] running install_egg_info
[1.340s] removing '/home/sergino/rosws/install/benrover_launch/lib/python3.10/site-packages/benrover_launch-0.0.0-py3.10.egg-info' (and everything under it)
[1.341s] Copying ../../build/benrover_launch/benrover_launch.egg-info to /home/sergino/rosws/install/benrover_launch/lib/python3.10/site-packages/benrover_launch-0.0.0-py3.10.egg-info
[1.344s] running install_scripts
[1.375s] writing list of installed files to '/home/sergino/rosws/build/benrover_launch/install.log'
[1.409s] Invoked command in '/home/sergino/rosws/src/benrover_launch' returned '0': PYTHONPATH=/home/sergino/rosws/build/benrover_launch/prefix_override:/home/sergino/.local/lib/python3.10/site-packages/colcon_core/task/python/colcon_distutils_commands:/home/sergino/rosws/install/benrover_launch/lib/python3.10/site-packages:${PYTHONPATH} /usr/bin/python3 -W ignore:setup.py install is deprecated setup.py egg_info --egg-base ../../build/benrover_launch build --build-base /home/sergino/rosws/build/benrover_launch/build install --record /home/sergino/rosws/build/benrover_launch/install.log --single-version-externally-managed install_data
