/usr/lib/python3/dist-packages/setuptools/dist.py:723: UserWarning: Usage of dash-separated 'script-dir' will not be supported in future versions. Please use the underscore name 'script_dir' instead
  warnings.warn(
running develop
/usr/lib/python3/dist-packages/setuptools/command/easy_install.py:158: EasyInstallDeprecationWarning: easy_install command is deprecated. Use build and pip and other standards-based tools.
  warnings.warn(
/usr/lib/python3/dist-packages/pkg_resources/__init__.py:116: PkgResourcesDeprecationWarning: 2.4.0-ubuntu3-zorin1 is an invalid version and will not be supported in a future release
  warnings.warn(
Removing /home/elfriedkinzoun/rosws/install/benrover_actuator/lib/python3.10/site-packages/benrover-actuator.egg-link (link to .)
/usr/lib/python3/dist-packages/setuptools/dist.py:723: UserWarning: Usage of dash-separated 'script-dir' will not be supported in future versions. Please use the underscore name 'script_dir' instead
  warnings.warn(
running egg_info
writing ../../build/benrover_actuator/benrover_actuator.egg-info/PKG-INFO
writing dependency_links to ../../build/benrover_actuator/benrover_actuator.egg-info/dependency_links.txt
writing entry points to ../../build/benrover_actuator/benrover_actuator.egg-info/entry_points.txt
writing requirements to ../../build/benrover_actuator/benrover_actuator.egg-info/requires.txt
writing top-level names to ../../build/benrover_actuator/benrover_actuator.egg-info/top_level.txt
reading manifest file '../../build/benrover_actuator/benrover_actuator.egg-info/SOURCES.txt'
writing manifest file '../../build/benrover_actuator/benrover_actuator.egg-info/SOURCES.txt'
running build
running build_py
creating /home/elfriedkinzoun/rosws/build/benrover_actuator/build
creating /home/elfriedkinzoun/rosws/build/benrover_actuator/build/lib
creating /home/elfriedkinzoun/rosws/build/benrover_actuator/build/lib/benrover_actuator
copying benrover_actuator/actuator_node.py -> /home/elfriedkinzoun/rosws/build/benrover_actuator/build/lib/benrover_actuator
copying benrover_actuator/__init__.py -> /home/elfriedkinzoun/rosws/build/benrover_actuator/build/lib/benrover_actuator
copying benrover_actuator/servo_control_node.py -> /home/elfriedkinzoun/rosws/build/benrover_actuator/build/lib/benrover_actuator
creating /home/elfriedkinzoun/rosws/build/benrover_actuator/build/lib/benrover_actuator/msg
copying benrover_actuator/msg/__init__.py -> /home/elfriedkinzoun/rosws/build/benrover_actuator/build/lib/benrover_actuator/msg
running install
running install_lib
creating /home/elfriedkinzoun/rosws/install/benrover_actuator/lib/python3.10/site-packages/benrover_actuator
copying /home/elfriedkinzoun/rosws/build/benrover_actuator/build/lib/benrover_actuator/actuator_node.py -> /home/elfriedkinzoun/rosws/install/benrover_actuator/lib/python3.10/site-packages/benrover_actuator
creating /home/elfriedkinzoun/rosws/install/benrover_actuator/lib/python3.10/site-packages/benrover_actuator/msg
copying /home/elfriedkinzoun/rosws/build/benrover_actuator/build/lib/benrover_actuator/msg/__init__.py -> /home/elfriedkinzoun/rosws/install/benrover_actuator/lib/python3.10/site-packages/benrover_actuator/msg
copying /home/elfriedkinzoun/rosws/build/benrover_actuator/build/lib/benrover_actuator/__init__.py -> /home/elfriedkinzoun/rosws/install/benrover_actuator/lib/python3.10/site-packages/benrover_actuator
copying /home/elfriedkinzoun/rosws/build/benrover_actuator/build/lib/benrover_actuator/servo_control_node.py -> /home/elfriedkinzoun/rosws/install/benrover_actuator/lib/python3.10/site-packages/benrover_actuator
byte-compiling /home/elfriedkinzoun/rosws/install/benrover_actuator/lib/python3.10/site-packages/benrover_actuator/actuator_node.py to actuator_node.cpython-310.pyc
byte-compiling /home/elfriedkinzoun/rosws/install/benrover_actuator/lib/python3.10/site-packages/benrover_actuator/msg/__init__.py to __init__.cpython-310.pyc
byte-compiling /home/elfriedkinzoun/rosws/install/benrover_actuator/lib/python3.10/site-packages/benrover_actuator/__init__.py to __init__.cpython-310.pyc
byte-compiling /home/elfriedkinzoun/rosws/install/benrover_actuator/lib/python3.10/site-packages/benrover_actuator/servo_control_node.py to servo_control_node.cpython-310.pyc
running install_data
copying resource/benrover_actuator -> /home/elfriedkinzoun/rosws/install/benrover_actuator/share/ament_index/resource_index/packages
copying package.xml -> /home/elfriedkinzoun/rosws/install/benrover_actuator/share/benrover_actuator
running install_egg_info
Copying ../../build/benrover_actuator/benrover_actuator.egg-info to /home/elfriedkinzoun/rosws/install/benrover_actuator/lib/python3.10/site-packages/benrover_actuator-0.0.0-py3.10.egg-info
running install_scripts
Installing my_node script to /home/elfriedkinzoun/rosws/install/benrover_actuator/lib/${PROJECT_NAME}
Installing servo_control_node script to /home/elfriedkinzoun/rosws/install/benrover_actuator/lib/${PROJECT_NAME}
writing list of installed files to '/home/elfriedkinzoun/rosws/build/benrover_actuator/install.log'
