[0.702s] DEBUG:colcon:Command line arguments: ['/usr/bin/colcon', 'list', '-p', '--base-paths', '/home/elfriedkinzoun/rosws']
[0.702s] DEBUG:colcon:Parsed command line arguments: Namespace(log_base=None, log_level=None, verb_name='list', build_base='build', ignore_user_meta=False, metas=['./colcon.meta'], base_paths=['/home/elfriedkinzoun/rosws'], packages_ignore=None, packages_ignore_regex=None, paths=None, packages_up_to=None, packages_up_to_regex=None, packages_above=None, packages_above_and_dependencies=None, packages_above_depth=None, packages_select_by_dep=None, packages_skip_by_dep=None, packages_skip_up_to=None, packages_select_build_failed=False, packages_skip_build_finished=False, packages_select_test_failures=False, packages_skip_test_passed=False, packages_select=None, packages_skip=None, packages_select_regex=None, packages_skip_regex=None, packages_start=None, packages_end=None, allow_overriding=[], topological_order=False, names_only=False, paths_only=True, topological_graph=False, topological_graph_dot=False, topological_graph_density=False, topological_graph_legend=False, topological_graph_dot_cluster=False, topological_graph_dot_include_skipped=False, mixin_files=None, mixin=None, verb_parser=<colcon_mixin.mixin.mixin_argument.MixinArgumentDecorator object at 0x7c081ed33760>, verb_extension=<colcon_package_information.verb.list.ListVerb object at 0x7c081ed329e0>, main=<bound method ListVerb.main of <colcon_package_information.verb.list.ListVerb object at 0x7c081ed329e0>>, mixin_verb=('list',))
[1.775s] Level 1:colcon.colcon_core.package_discovery:discover_packages(colcon_meta) check parameters
[1.775s] Level 1:colcon.colcon_core.package_discovery:discover_packages(recursive) check parameters
[1.775s] Level 1:colcon.colcon_core.package_discovery:discover_packages(ignore) check parameters
[1.776s] Level 1:colcon.colcon_core.package_discovery:discover_packages(path) check parameters
[1.776s] Level 1:colcon.colcon_core.package_discovery:discover_packages(recursive) discover
[1.776s] INFO:colcon.colcon_core.package_discovery:Crawling recursively for packages in '/home/elfriedkinzoun/rosws'
[1.776s] Level 1:colcon.colcon_core.package_identification:_identify(/home/elfriedkinzoun/rosws) by extensions ['ignore', 'ignore_ament_install']
[1.777s] Level 1:colcon.colcon_core.package_identification:_identify(/home/elfriedkinzoun/rosws) by extension 'ignore'
[1.777s] Level 1:colcon.colcon_core.package_identification:_identify(/home/elfriedkinzoun/rosws) by extension 'ignore_ament_install'
[1.777s] Level 1:colcon.colcon_core.package_identification:_identify(/home/elfriedkinzoun/rosws) by extensions ['colcon_pkg']
[1.777s] Level 1:colcon.colcon_core.package_identification:_identify(/home/elfriedkinzoun/rosws) by extension 'colcon_pkg'
[1.777s] Level 1:colcon.colcon_core.package_identification:_identify(/home/elfriedkinzoun/rosws) by extensions ['colcon_meta']
[1.777s] Level 1:colcon.colcon_core.package_identification:_identify(/home/elfriedkinzoun/rosws) by extension 'colcon_meta'
[1.778s] Level 1:colcon.colcon_core.package_identification:_identify(/home/elfriedkinzoun/rosws) by extensions ['ros']
[1.778s] Level 1:colcon.colcon_core.package_identification:_identify(/home/elfriedkinzoun/rosws) by extension 'ros'
[1.962s] Level 1:colcon.colcon_core.package_identification:_identify(/home/elfriedkinzoun/rosws) by extensions ['cmake', 'python']
[1.962s] Level 1:colcon.colcon_core.package_identification:_identify(/home/elfriedkinzoun/rosws) by extension 'cmake'
[1.962s] Level 1:colcon.colcon_core.package_identification:_identify(/home/elfriedkinzoun/rosws) by extension 'python'
[1.963s] Level 1:colcon.colcon_core.package_identification:_identify(/home/elfriedkinzoun/rosws) by extensions ['python_setup_py']
[1.963s] Level 1:colcon.colcon_core.package_identification:_identify(/home/elfriedkinzoun/rosws) by extension 'python_setup_py'
[1.963s] Level 1:colcon.colcon_core.package_identification:_identify(/home/elfriedkinzoun/rosws/arduino) by extensions ['ignore', 'ignore_ament_install']
[1.963s] Level 1:colcon.colcon_core.package_identification:_identify(/home/elfriedkinzoun/rosws/arduino) by extension 'ignore'
[1.964s] Level 1:colcon.colcon_core.package_identification:_identify(/home/elfriedkinzoun/rosws/arduino) by extension 'ignore_ament_install'
[1.964s] Level 1:colcon.colcon_core.package_identification:_identify(/home/elfriedkinzoun/rosws/arduino) by extensions ['colcon_pkg']
[1.964s] Level 1:colcon.colcon_core.package_identification:_identify(/home/elfriedkinzoun/rosws/arduino) by extension 'colcon_pkg'
[1.964s] Level 1:colcon.colcon_core.package_identification:_identify(/home/elfriedkinzoun/rosws/arduino) by extensions ['colcon_meta']
[1.964s] Level 1:colcon.colcon_core.package_identification:_identify(/home/elfriedkinzoun/rosws/arduino) by extension 'colcon_meta'
[1.964s] Level 1:colcon.colcon_core.package_identification:_identify(/home/elfriedkinzoun/rosws/arduino) by extensions ['ros']
[1.964s] Level 1:colcon.colcon_core.package_identification:_identify(/home/elfriedkinzoun/rosws/arduino) by extension 'ros'
[1.965s] Level 1:colcon.colcon_core.package_identification:_identify(/home/elfriedkinzoun/rosws/arduino) by extensions ['cmake', 'python']
[1.965s] Level 1:colcon.colcon_core.package_identification:_identify(/home/elfriedkinzoun/rosws/arduino) by extension 'cmake'
[1.966s] Level 1:colcon.colcon_core.package_identification:_identify(/home/elfriedkinzoun/rosws/arduino) by extension 'python'
[1.966s] Level 1:colcon.colcon_core.package_identification:_identify(/home/elfriedkinzoun/rosws/arduino) by extensions ['python_setup_py']
[1.966s] Level 1:colcon.colcon_core.package_identification:_identify(/home/elfriedkinzoun/rosws/arduino) by extension 'python_setup_py'
[1.966s] Level 1:colcon.colcon_core.package_identification:_identify(/home/elfriedkinzoun/rosws/build) by extensions ['ignore', 'ignore_ament_install']
[1.967s] Level 1:colcon.colcon_core.package_identification:_identify(/home/elfriedkinzoun/rosws/build) by extension 'ignore'
[1.967s] Level 1:colcon.colcon_core.package_identification:_identify(/home/elfriedkinzoun/rosws/build) ignored
[1.967s] Level 1:colcon.colcon_core.package_identification:_identify(/home/elfriedkinzoun/rosws/install) by extensions ['ignore', 'ignore_ament_install']
[1.967s] Level 1:colcon.colcon_core.package_identification:_identify(/home/elfriedkinzoun/rosws/install) by extension 'ignore'
[1.968s] Level 1:colcon.colcon_core.package_identification:_identify(/home/elfriedkinzoun/rosws/install) ignored
[1.969s] Level 1:colcon.colcon_core.package_identification:_identify(/home/elfriedkinzoun/rosws/log) by extensions ['ignore', 'ignore_ament_install']
[1.979s] Level 1:colcon.colcon_core.package_identification:_identify(/home/elfriedkinzoun/rosws/log) by extension 'ignore'
[1.980s] Level 1:colcon.colcon_core.package_identification:_identify(/home/elfriedkinzoun/rosws/log) ignored
[1.981s] Level 1:colcon.colcon_core.package_identification:_identify(/home/elfriedkinzoun/rosws/src) by extensions ['ignore', 'ignore_ament_install']
[1.981s] Level 1:colcon.colcon_core.package_identification:_identify(/home/elfriedkinzoun/rosws/src) by extension 'ignore'
[1.981s] Level 1:colcon.colcon_core.package_identification:_identify(/home/elfriedkinzoun/rosws/src) by extension 'ignore_ament_install'
[1.981s] Level 1:colcon.colcon_core.package_identification:_identify(/home/elfriedkinzoun/rosws/src) by extensions ['colcon_pkg']
[1.982s] Level 1:colcon.colcon_core.package_identification:_identify(/home/elfriedkinzoun/rosws/src) by extension 'colcon_pkg'
[1.982s] Level 1:colcon.colcon_core.package_identification:_identify(/home/elfriedkinzoun/rosws/src) by extensions ['colcon_meta']
[1.982s] Level 1:colcon.colcon_core.package_identification:_identify(/home/elfriedkinzoun/rosws/src) by extension 'colcon_meta'
[1.982s] Level 1:colcon.colcon_core.package_identification:_identify(/home/elfriedkinzoun/rosws/src) by extensions ['ros']
[1.982s] Level 1:colcon.colcon_core.package_identification:_identify(/home/elfriedkinzoun/rosws/src) by extension 'ros'
[1.982s] Level 1:colcon.colcon_core.package_identification:_identify(/home/elfriedkinzoun/rosws/src) by extensions ['cmake', 'python']
[1.982s] Level 1:colcon.colcon_core.package_identification:_identify(/home/elfriedkinzoun/rosws/src) by extension 'cmake'
[1.982s] Level 1:colcon.colcon_core.package_identification:_identify(/home/elfriedkinzoun/rosws/src) by extension 'python'
[1.983s] Level 1:colcon.colcon_core.package_identification:_identify(/home/elfriedkinzoun/rosws/src) by extensions ['python_setup_py']
[1.983s] Level 1:colcon.colcon_core.package_identification:_identify(/home/elfriedkinzoun/rosws/src) by extension 'python_setup_py'
[1.983s] Level 1:colcon.colcon_core.package_identification:_identify(/home/elfriedkinzoun/rosws/src/benrover_actuator) by extensions ['ignore', 'ignore_ament_install']
[1.983s] Level 1:colcon.colcon_core.package_identification:_identify(/home/elfriedkinzoun/rosws/src/benrover_actuator) by extension 'ignore'
[1.983s] Level 1:colcon.colcon_core.package_identification:_identify(/home/elfriedkinzoun/rosws/src/benrover_actuator) by extension 'ignore_ament_install'
[1.984s] Level 1:colcon.colcon_core.package_identification:_identify(/home/elfriedkinzoun/rosws/src/benrover_actuator) by extensions ['colcon_pkg']
[1.984s] Level 1:colcon.colcon_core.package_identification:_identify(/home/elfriedkinzoun/rosws/src/benrover_actuator) by extension 'colcon_pkg'
[1.984s] Level 1:colcon.colcon_core.package_identification:_identify(/home/elfriedkinzoun/rosws/src/benrover_actuator) by extensions ['colcon_meta']
[1.985s] Level 1:colcon.colcon_core.package_identification:_identify(/home/elfriedkinzoun/rosws/src/benrover_actuator) by extension 'colcon_meta'
[1.985s] Level 1:colcon.colcon_core.package_identification:_identify(/home/elfriedkinzoun/rosws/src/benrover_actuator) by extensions ['ros']
[1.986s] Level 1:colcon.colcon_core.package_identification:_identify(/home/elfriedkinzoun/rosws/src/benrover_actuator) by extension 'ros'
[2.001s] DEBUG:colcon.colcon_core.package_identification:Package '/home/elfriedkinzoun/rosws/src/benrover_actuator' with type 'ros.ament_python' and name 'benrover_actuator'
[2.003s] Level 1:colcon.colcon_core.package_identification:_identify(/home/elfriedkinzoun/rosws/src/benrover_assembly) by extensions ['ignore', 'ignore_ament_install']
[2.004s] Level 1:colcon.colcon_core.package_identification:_identify(/home/elfriedkinzoun/rosws/src/benrover_assembly) by extension 'ignore'
[2.005s] Level 1:colcon.colcon_core.package_identification:_identify(/home/elfriedkinzoun/rosws/src/benrover_assembly) by extension 'ignore_ament_install'
[2.006s] Level 1:colcon.colcon_core.package_identification:_identify(/home/elfriedkinzoun/rosws/src/benrover_assembly) by extensions ['colcon_pkg']
[2.007s] Level 1:colcon.colcon_core.package_identification:_identify(/home/elfriedkinzoun/rosws/src/benrover_assembly) by extension 'colcon_pkg'
[2.007s] Level 1:colcon.colcon_core.package_identification:_identify(/home/elfriedkinzoun/rosws/src/benrover_assembly) by extensions ['colcon_meta']
[2.007s] Level 1:colcon.colcon_core.package_identification:_identify(/home/elfriedkinzoun/rosws/src/benrover_assembly) by extension 'colcon_meta'
[2.008s] Level 1:colcon.colcon_core.package_identification:_identify(/home/elfriedkinzoun/rosws/src/benrover_assembly) by extensions ['ros']
[2.008s] Level 1:colcon.colcon_core.package_identification:_identify(/home/elfriedkinzoun/rosws/src/benrover_assembly) by extension 'ros'
[2.015s] DEBUG:colcon.colcon_core.package_identification:Package '/home/elfriedkinzoun/rosws/src/benrover_assembly' with type 'ros.ament_python' and name 'benrover_assembly'
[2.015s] Level 1:colcon.colcon_core.package_identification:_identify(/home/elfriedkinzoun/rosws/src/benrover_navigation) by extensions ['ignore', 'ignore_ament_install']
[2.015s] Level 1:colcon.colcon_core.package_identification:_identify(/home/elfriedkinzoun/rosws/src/benrover_navigation) by extension 'ignore'
[2.015s] Level 1:colcon.colcon_core.package_identification:_identify(/home/elfriedkinzoun/rosws/src/benrover_navigation) by extension 'ignore_ament_install'
[2.016s] Level 1:colcon.colcon_core.package_identification:_identify(/home/elfriedkinzoun/rosws/src/benrover_navigation) by extensions ['colcon_pkg']
[2.016s] Level 1:colcon.colcon_core.package_identification:_identify(/home/elfriedkinzoun/rosws/src/benrover_navigation) by extension 'colcon_pkg'
[2.016s] Level 1:colcon.colcon_core.package_identification:_identify(/home/elfriedkinzoun/rosws/src/benrover_navigation) by extensions ['colcon_meta']
[2.016s] Level 1:colcon.colcon_core.package_identification:_identify(/home/elfriedkinzoun/rosws/src/benrover_navigation) by extension 'colcon_meta'
[2.016s] Level 1:colcon.colcon_core.package_identification:_identify(/home/elfriedkinzoun/rosws/src/benrover_navigation) by extensions ['ros']
[2.016s] Level 1:colcon.colcon_core.package_identification:_identify(/home/elfriedkinzoun/rosws/src/benrover_navigation) by extension 'ros'
[2.019s] DEBUG:colcon.colcon_core.package_identification:Package '/home/elfriedkinzoun/rosws/src/benrover_navigation' with type 'ros.ament_python' and name 'benrover_navigation'
[2.021s] Level 1:colcon.colcon_core.package_identification:_identify(/home/elfriedkinzoun/rosws/src/benrover_sensors) by extensions ['ignore', 'ignore_ament_install']
[2.022s] Level 1:colcon.colcon_core.package_identification:_identify(/home/elfriedkinzoun/rosws/src/benrover_sensors) by extension 'ignore'
[2.022s] Level 1:colcon.colcon_core.package_identification:_identify(/home/elfriedkinzoun/rosws/src/benrover_sensors) by extension 'ignore_ament_install'
[2.023s] Level 1:colcon.colcon_core.package_identification:_identify(/home/elfriedkinzoun/rosws/src/benrover_sensors) by extensions ['colcon_pkg']
[2.023s] Level 1:colcon.colcon_core.package_identification:_identify(/home/elfriedkinzoun/rosws/src/benrover_sensors) by extension 'colcon_pkg'
[2.024s] Level 1:colcon.colcon_core.package_identification:_identify(/home/elfriedkinzoun/rosws/src/benrover_sensors) by extensions ['colcon_meta']
[2.024s] Level 1:colcon.colcon_core.package_identification:_identify(/home/elfriedkinzoun/rosws/src/benrover_sensors) by extension 'colcon_meta'
[2.025s] Level 1:colcon.colcon_core.package_identification:_identify(/home/elfriedkinzoun/rosws/src/benrover_sensors) by extensions ['ros']
[2.025s] Level 1:colcon.colcon_core.package_identification:_identify(/home/elfriedkinzoun/rosws/src/benrover_sensors) by extension 'ros'
[2.029s] DEBUG:colcon.colcon_core.package_identification:Package '/home/elfriedkinzoun/rosws/src/benrover_sensors' with type 'ros.ament_python' and name 'benrover_sensors'
[2.029s] Level 1:colcon.colcon_core.package_identification:_identify(/home/elfriedkinzoun/rosws/src/test_sim) by extensions ['ignore', 'ignore_ament_install']
[2.030s] Level 1:colcon.colcon_core.package_identification:_identify(/home/elfriedkinzoun/rosws/src/test_sim) by extension 'ignore'
[2.030s] Level 1:colcon.colcon_core.package_identification:_identify(/home/elfriedkinzoun/rosws/src/test_sim) by extension 'ignore_ament_install'
[2.030s] Level 1:colcon.colcon_core.package_identification:_identify(/home/elfriedkinzoun/rosws/src/test_sim) by extensions ['colcon_pkg']
[2.030s] Level 1:colcon.colcon_core.package_identification:_identify(/home/elfriedkinzoun/rosws/src/test_sim) by extension 'colcon_pkg'
[2.030s] Level 1:colcon.colcon_core.package_identification:_identify(/home/elfriedkinzoun/rosws/src/test_sim) by extensions ['colcon_meta']
[2.031s] Level 1:colcon.colcon_core.package_identification:_identify(/home/elfriedkinzoun/rosws/src/test_sim) by extension 'colcon_meta'
[2.031s] Level 1:colcon.colcon_core.package_identification:_identify(/home/elfriedkinzoun/rosws/src/test_sim) by extensions ['ros']
[2.031s] Level 1:colcon.colcon_core.package_identification:_identify(/home/elfriedkinzoun/rosws/src/test_sim) by extension 'ros'
[2.034s] DEBUG:colcon.colcon_core.package_identification:Package '/home/elfriedkinzoun/rosws/src/test_sim' with type 'ros.ament_cmake' and name 'test_sim'
[2.034s] Level 1:colcon.colcon_core.package_discovery:discover_packages(recursive) using defaults
