/home/elfriedkinzoun/rosws/install/benrover_assembly/lib/python3.10/site-packages/benrover_assembly/__init__.py
/home/elfriedkinzoun/rosws/install/benrover_assembly/lib/python3.10/site-packages/benrover_assembly/__pycache__/__init__.cpython-310.pyc
/home/elfriedkinzoun/rosws/install/benrover_assembly/share/ament_index/resource_index/packages/benrover_assembly
/home/elfriedkinzoun/rosws/install/benrover_assembly/share/benrover_assembly/package.xml
/home/elfriedkinzoun/rosws/install/benrover_assembly/share/benrover_assembly/launch/launch_simulation.py
/home/elfriedkinzoun/rosws/install/benrover_assembly/share/benrover_assembly/urdf/benrover_assembly.urdf
/home/elfriedkinzoun/rosws/install/benrover_assembly/share/benrover_assembly/meshes/Support_L.STL
/home/elfriedkinzoun/rosws/install/benrover_assembly/share/benrover_assembly/meshes/Rod_Mid.STL
/home/elfriedkinzoun/rosws/install/benrover_assembly/share/benrover_assembly/meshes/Rocker_L.STL
/home/elfriedkinzoun/rosws/install/benrover_assembly/share/benrover_assembly/meshes/Servo_BL.STL
/home/elfriedkinzoun/rosws/install/benrover_assembly/share/benrover_assembly/meshes/RodEnd_L.STL
/home/elfriedkinzoun/rosws/install/benrover_assembly/share/benrover_assembly/meshes/Wheel_MR.STL
/home/elfriedkinzoun/rosws/install/benrover_assembly/share/benrover_assembly/meshes/Servo_FL.STL
/home/elfriedkinzoun/rosws/install/benrover_assembly/share/benrover_assembly/meshes/Bogie_R.STL
/home/elfriedkinzoun/rosws/install/benrover_assembly/share/benrover_assembly/meshes/Wheel_FL.STL
/home/elfriedkinzoun/rosws/install/benrover_assembly/share/benrover_assembly/meshes/Wheel_BR.STL
/home/elfriedkinzoun/rosws/install/benrover_assembly/share/benrover_assembly/meshes/Wheel_FR.STL
/home/elfriedkinzoun/rosws/install/benrover_assembly/share/benrover_assembly/meshes/RodEnd_R.STL
/home/elfriedkinzoun/rosws/install/benrover_assembly/share/benrover_assembly/meshes/base_link.STL
/home/elfriedkinzoun/rosws/install/benrover_assembly/share/benrover_assembly/meshes/Wheel_ML.STL
/home/elfriedkinzoun/rosws/install/benrover_assembly/share/benrover_assembly/meshes/Stepper_Link.STL
/home/elfriedkinzoun/rosws/install/benrover_assembly/share/benrover_assembly/meshes/Servo_FR.STL
/home/elfriedkinzoun/rosws/install/benrover_assembly/share/benrover_assembly/meshes/Wheel_BL.STL
/home/elfriedkinzoun/rosws/install/benrover_assembly/share/benrover_assembly/meshes/Servo_BR.STL
/home/elfriedkinzoun/rosws/install/benrover_assembly/share/benrover_assembly/meshes/Bogie_L.STL
/home/elfriedkinzoun/rosws/install/benrover_assembly/share/benrover_assembly/meshes/Cam_servo_link.STL
/home/elfriedkinzoun/rosws/install/benrover_assembly/share/benrover_assembly/meshes/Support_R.STL
/home/elfriedkinzoun/rosws/install/benrover_assembly/share/benrover_assembly/meshes/Rocker_R.STL
/home/elfriedkinzoun/rosws/install/benrover_assembly/lib/python3.10/site-packages/benrover_assembly-0.0.0-py3.10.egg-info/SOURCES.txt
/home/elfriedkinzoun/rosws/install/benrover_assembly/lib/python3.10/site-packages/benrover_assembly-0.0.0-py3.10.egg-info/PKG-INFO
/home/elfriedkinzoun/rosws/install/benrover_assembly/lib/python3.10/site-packages/benrover_assembly-0.0.0-py3.10.egg-info/dependency_links.txt
/home/elfriedkinzoun/rosws/install/benrover_assembly/lib/python3.10/site-packages/benrover_assembly-0.0.0-py3.10.egg-info/entry_points.txt
/home/elfriedkinzoun/rosws/install/benrover_assembly/lib/python3.10/site-packages/benrover_assembly-0.0.0-py3.10.egg-info/zip-safe
/home/elfriedkinzoun/rosws/install/benrover_assembly/lib/python3.10/site-packages/benrover_assembly-0.0.0-py3.10.egg-info/top_level.txt
/home/elfriedkinzoun/rosws/install/benrover_assembly/lib/python3.10/site-packages/benrover_assembly-0.0.0-py3.10.egg-info/requires.txt
