[4.273s] Invoking command in '/home/elfriedkinzoun/rosws/src/benrover_actuators': CONDA_PROMPT_MODIFIER=(base) PYTHONPATH=/home/elfriedkinzoun/rosws/build/benrover_actuators/prefix_override:/usr/lib/python3/dist-packages/colcon_core/task/python/colcon_distutils_commands:/home/elfriedkinzoun/rosws/install/benrover_actuators/lib/python3.10/site-packages:${PYTHONPATH} /usr/bin/python3 -W ignore:setup.py install is deprecated setup.py egg_info --egg-base ../../build/benrover_actuators build --build-base /home/elfriedkinzoun/rosws/build/benrover_actuators/build install --record /home/elfriedkinzoun/rosws/build/benrover_actuators/install.log --single-version-externally-managed install_data
[5.791s] running egg_info
[5.795s] writing ../../build/benrover_actuators/benrover_actuators.egg-info/PKG-INFO
[5.795s] writing dependency_links to ../../build/benrover_actuators/benrover_actuators.egg-info/dependency_links.txt
[5.796s] writing entry points to ../../build/benrover_actuators/benrover_actuators.egg-info/entry_points.txt
[5.797s] writing requirements to ../../build/benrover_actuators/benrover_actuators.egg-info/requires.txt
[5.797s] writing top-level names to ../../build/benrover_actuators/benrover_actuators.egg-info/top_level.txt
[5.811s] reading manifest file '../../build/benrover_actuators/benrover_actuators.egg-info/SOURCES.txt'
[5.811s] adding license file 'LICENSE'
[5.821s] writing manifest file '../../build/benrover_actuators/benrover_actuators.egg-info/SOURCES.txt'
[5.822s] running build
[5.822s] running build_py
[5.823s] running install
[5.824s] running install_lib
[5.831s] running install_data
[5.832s] running install_egg_info
[5.860s] removing '/home/elfriedkinzoun/rosws/install/benrover_actuators/lib/python3.10/site-packages/benrover_actuators-0.0.0-py3.10.egg-info' (and everything under it)
[5.861s] Copying ../../build/benrover_actuators/benrover_actuators.egg-info to /home/elfriedkinzoun/rosws/install/benrover_actuators/lib/python3.10/site-packages/benrover_actuators-0.0.0-py3.10.egg-info
[5.867s] running install_scripts
[6.022s] Installing my_node script to /home/elfriedkinzoun/rosws/install/benrover_actuators/lib/benrover_actuators
[6.023s] writing list of installed files to '/home/elfriedkinzoun/rosws/build/benrover_actuators/install.log'
[6.228s] Invoked command in '/home/elfriedkinzoun/rosws/src/benrover_actuators' returned '0': CONDA_PROMPT_MODIFIER=(base) PYTHONPATH=/home/elfriedkinzoun/rosws/build/benrover_actuators/prefix_override:/usr/lib/python3/dist-packages/colcon_core/task/python/colcon_distutils_commands:/home/elfriedkinzoun/rosws/install/benrover_actuators/lib/python3.10/site-packages:${PYTHONPATH} /usr/bin/python3 -W ignore:setup.py install is deprecated setup.py egg_info --egg-base ../../build/benrover_actuators build --build-base /home/elfriedkinzoun/rosws/build/benrover_actuators/build install --record /home/elfriedkinzoun/rosws/build/benrover_actuators/install.log --single-version-externally-managed install_data
