[0.422s] DEBUG:colcon:Command line arguments: ['/home/sergino/.local/bin/colcon', 'build', '--packages-select', 'benrover_launch']
[0.422s] DEBUG:colcon:Parsed command line arguments: Namespace(log_base=None, log_level=None, verb_name='build', build_base='build', install_base='install', merge_install=False, symlink_install=False, test_result_base=None, continue_on_error=False, executor='parallel', parallel_workers=4, event_handlers=None, ignore_user_meta=False, metas=['./colcon.meta'], base_paths=['.'], packages_ignore=None, packages_ignore_regex=None, paths=None, packages_up_to=None, packages_up_to_regex=None, packages_above=None, packages_above_and_dependencies=None, packages_above_depth=None, packages_select_by_dep=None, packages_skip_by_dep=None, packages_skip_up_to=None, packages_select_build_failed=False, packages_skip_build_finished=False, packages_select_test_failures=False, packages_skip_test_passed=False, packages_select=['benrover_launch'], packages_skip=None, packages_select_regex=None, packages_skip_regex=None, packages_start=None, packages_end=None, allow_overriding=[], cmake_args=None, cmake_target=None, cmake_target_skip_unavailable=False, cmake_clean_cache=False, cmake_clean_first=False, cmake_force_configure=False, ament_cmake_args=None, catkin_cmake_args=None, catkin_skip_building_tests=False, mixin_files=None, mixin=None, verb_parser=<colcon_mixin.mixin.mixin_argument.MixinArgumentDecorator object at 0x7f64e454ebf0>, verb_extension=<colcon_core.verb.build.BuildVerb object at 0x7f64e454e5f0>, main=<bound method BuildVerb.main of <colcon_core.verb.build.BuildVerb object at 0x7f64e454e5f0>>, mixin_verb=('build',))
[0.826s] Level 1:colcon.colcon_core.package_discovery:discover_packages(colcon_meta) check parameters
[0.826s] Level 1:colcon.colcon_core.package_discovery:discover_packages(recursive) check parameters
[0.826s] Level 1:colcon.colcon_core.package_discovery:discover_packages(ignore) check parameters
[0.826s] Level 1:colcon.colcon_core.package_discovery:discover_packages(path) check parameters
[0.826s] Level 1:colcon.colcon_core.package_discovery:discover_packages(colcon_meta) discover
[0.826s] Level 1:colcon.colcon_core.package_discovery:discover_packages(recursive) discover
[0.826s] INFO:colcon.colcon_core.package_discovery:Crawling recursively for packages in '/home/sergino/rosws'
[0.827s] Level 1:colcon.colcon_core.package_identification:_identify(.) by extensions ['ignore', 'ignore_ament_install']
[0.827s] Level 1:colcon.colcon_core.package_identification:_identify(.) by extension 'ignore'
[0.827s] Level 1:colcon.colcon_core.package_identification:_identify(.) by extension 'ignore_ament_install'
[0.827s] Level 1:colcon.colcon_core.package_identification:_identify(.) by extensions ['colcon_pkg']
[0.827s] Level 1:colcon.colcon_core.package_identification:_identify(.) by extension 'colcon_pkg'
[0.827s] Level 1:colcon.colcon_core.package_identification:_identify(.) by extensions ['colcon_meta']
[0.827s] Level 1:colcon.colcon_core.package_identification:_identify(.) by extension 'colcon_meta'
[0.827s] Level 1:colcon.colcon_core.package_identification:_identify(.) by extensions ['ros']
[0.827s] Level 1:colcon.colcon_core.package_identification:_identify(.) by extension 'ros'
[0.881s] Level 1:colcon.colcon_core.package_identification:_identify(.) by extensions ['cmake', 'python']
[0.881s] Level 1:colcon.colcon_core.package_identification:_identify(.) by extension 'cmake'
[0.881s] Level 1:colcon.colcon_core.package_identification:_identify(.) by extension 'python'
[0.881s] Level 1:colcon.colcon_core.package_identification:_identify(.) by extensions ['python_setup_py']
[0.881s] Level 1:colcon.colcon_core.package_identification:_identify(.) by extension 'python_setup_py'
[0.881s] Level 1:colcon.colcon_core.package_identification:_identify(build) by extensions ['ignore', 'ignore_ament_install']
[0.881s] Level 1:colcon.colcon_core.package_identification:_identify(build) by extension 'ignore'
[0.881s] Level 1:colcon.colcon_core.package_identification:_identify(build) ignored
[0.882s] Level 1:colcon.colcon_core.package_identification:_identify(install) by extensions ['ignore', 'ignore_ament_install']
[0.882s] Level 1:colcon.colcon_core.package_identification:_identify(install) by extension 'ignore'
[0.882s] Level 1:colcon.colcon_core.package_identification:_identify(install) ignored
[0.882s] Level 1:colcon.colcon_core.package_identification:_identify(log) by extensions ['ignore', 'ignore_ament_install']
[0.882s] Level 1:colcon.colcon_core.package_identification:_identify(log) by extension 'ignore'
[0.882s] Level 1:colcon.colcon_core.package_identification:_identify(log) ignored
[0.883s] Level 1:colcon.colcon_core.package_identification:_identify(src) by extensions ['ignore', 'ignore_ament_install']
[0.883s] Level 1:colcon.colcon_core.package_identification:_identify(src) by extension 'ignore'
[0.883s] Level 1:colcon.colcon_core.package_identification:_identify(src) by extension 'ignore_ament_install'
[0.883s] Level 1:colcon.colcon_core.package_identification:_identify(src) by extensions ['colcon_pkg']
[0.883s] Level 1:colcon.colcon_core.package_identification:_identify(src) by extension 'colcon_pkg'
[0.883s] Level 1:colcon.colcon_core.package_identification:_identify(src) by extensions ['colcon_meta']
[0.883s] Level 1:colcon.colcon_core.package_identification:_identify(src) by extension 'colcon_meta'
[0.883s] Level 1:colcon.colcon_core.package_identification:_identify(src) by extensions ['ros']
[0.883s] Level 1:colcon.colcon_core.package_identification:_identify(src) by extension 'ros'
[0.883s] Level 1:colcon.colcon_core.package_identification:_identify(src) by extensions ['cmake', 'python']
[0.883s] Level 1:colcon.colcon_core.package_identification:_identify(src) by extension 'cmake'
[0.884s] Level 1:colcon.colcon_core.package_identification:_identify(src) by extension 'python'
[0.884s] Level 1:colcon.colcon_core.package_identification:_identify(src) by extensions ['python_setup_py']
[0.884s] Level 1:colcon.colcon_core.package_identification:_identify(src) by extension 'python_setup_py'
[0.884s] Level 1:colcon.colcon_core.package_identification:_identify(src/benrover_launch) by extensions ['ignore', 'ignore_ament_install']
[0.884s] Level 1:colcon.colcon_core.package_identification:_identify(src/benrover_launch) by extension 'ignore'
[0.884s] Level 1:colcon.colcon_core.package_identification:_identify(src/benrover_launch) by extension 'ignore_ament_install'
[0.884s] Level 1:colcon.colcon_core.package_identification:_identify(src/benrover_launch) by extensions ['colcon_pkg']
[0.884s] Level 1:colcon.colcon_core.package_identification:_identify(src/benrover_launch) by extension 'colcon_pkg'
[0.884s] Level 1:colcon.colcon_core.package_identification:_identify(src/benrover_launch) by extensions ['colcon_meta']
[0.884s] Level 1:colcon.colcon_core.package_identification:_identify(src/benrover_launch) by extension 'colcon_meta'
[0.884s] Level 1:colcon.colcon_core.package_identification:_identify(src/benrover_launch) by extensions ['ros']
[0.885s] Level 1:colcon.colcon_core.package_identification:_identify(src/benrover_launch) by extension 'ros'
[0.890s] DEBUG:colcon.colcon_core.package_identification:Package 'src/benrover_launch' with type 'ros.ament_python' and name 'benrover_launch'
[0.890s] Level 1:colcon.colcon_core.package_identification:_identify(src/benrover_navigation) by extensions ['ignore', 'ignore_ament_install']
[0.890s] Level 1:colcon.colcon_core.package_identification:_identify(src/benrover_navigation) by extension 'ignore'
[0.890s] Level 1:colcon.colcon_core.package_identification:_identify(src/benrover_navigation) by extension 'ignore_ament_install'
[0.890s] Level 1:colcon.colcon_core.package_identification:_identify(src/benrover_navigation) by extensions ['colcon_pkg']
[0.890s] Level 1:colcon.colcon_core.package_identification:_identify(src/benrover_navigation) by extension 'colcon_pkg'
[0.890s] Level 1:colcon.colcon_core.package_identification:_identify(src/benrover_navigation) by extensions ['colcon_meta']
[0.890s] Level 1:colcon.colcon_core.package_identification:_identify(src/benrover_navigation) by extension 'colcon_meta'
[0.890s] Level 1:colcon.colcon_core.package_identification:_identify(src/benrover_navigation) by extensions ['ros']
[0.891s] Level 1:colcon.colcon_core.package_identification:_identify(src/benrover_navigation) by extension 'ros'
[0.891s] DEBUG:colcon.colcon_core.package_identification:Package 'src/benrover_navigation' with type 'ros.ament_python' and name 'benrover_navigation'
[0.892s] Level 1:colcon.colcon_core.package_identification:_identify(src/benrover_sensors) by extensions ['ignore', 'ignore_ament_install']
[0.892s] Level 1:colcon.colcon_core.package_identification:_identify(src/benrover_sensors) by extension 'ignore'
[0.892s] Level 1:colcon.colcon_core.package_identification:_identify(src/benrover_sensors) by extension 'ignore_ament_install'
[0.892s] Level 1:colcon.colcon_core.package_identification:_identify(src/benrover_sensors) by extensions ['colcon_pkg']
[0.892s] Level 1:colcon.colcon_core.package_identification:_identify(src/benrover_sensors) by extension 'colcon_pkg'
[0.892s] Level 1:colcon.colcon_core.package_identification:_identify(src/benrover_sensors) by extensions ['colcon_meta']
[0.892s] Level 1:colcon.colcon_core.package_identification:_identify(src/benrover_sensors) by extension 'colcon_meta'
[0.892s] Level 1:colcon.colcon_core.package_identification:_identify(src/benrover_sensors) by extensions ['ros']
[0.892s] Level 1:colcon.colcon_core.package_identification:_identify(src/benrover_sensors) by extension 'ros'
[0.893s] DEBUG:colcon.colcon_core.package_identification:Package 'src/benrover_sensors' with type 'ros.ament_python' and name 'benrover_sensors'
[0.893s] Level 1:colcon.colcon_core.package_identification:_identify(src/remote_actuator) by extensions ['ignore', 'ignore_ament_install']
[0.894s] Level 1:colcon.colcon_core.package_identification:_identify(src/remote_actuator) by extension 'ignore'
[0.894s] Level 1:colcon.colcon_core.package_identification:_identify(src/remote_actuator) by extension 'ignore_ament_install'
[0.894s] Level 1:colcon.colcon_core.package_identification:_identify(src/remote_actuator) by extensions ['colcon_pkg']
[0.894s] Level 1:colcon.colcon_core.package_identification:_identify(src/remote_actuator) by extension 'colcon_pkg'
[0.894s] Level 1:colcon.colcon_core.package_identification:_identify(src/remote_actuator) by extensions ['colcon_meta']
[0.894s] Level 1:colcon.colcon_core.package_identification:_identify(src/remote_actuator) by extension 'colcon_meta'
[0.894s] Level 1:colcon.colcon_core.package_identification:_identify(src/remote_actuator) by extensions ['ros']
[0.894s] Level 1:colcon.colcon_core.package_identification:_identify(src/remote_actuator) by extension 'ros'
[0.895s] DEBUG:colcon.colcon_core.package_identification:Package 'src/remote_actuator' with type 'ros.ament_cmake' and name 'remote_actuator'
[0.895s] Level 1:colcon.colcon_core.package_identification:_identify(src/remote_encoder) by extensions ['ignore', 'ignore_ament_install']
[0.895s] Level 1:colcon.colcon_core.package_identification:_identify(src/remote_encoder) by extension 'ignore'
[0.896s] Level 1:colcon.colcon_core.package_identification:_identify(src/remote_encoder) by extension 'ignore_ament_install'
[0.896s] Level 1:colcon.colcon_core.package_identification:_identify(src/remote_encoder) by extensions ['colcon_pkg']
[0.896s] Level 1:colcon.colcon_core.package_identification:_identify(src/remote_encoder) by extension 'colcon_pkg'
[0.896s] Level 1:colcon.colcon_core.package_identification:_identify(src/remote_encoder) by extensions ['colcon_meta']
[0.896s] Level 1:colcon.colcon_core.package_identification:_identify(src/remote_encoder) by extension 'colcon_meta'
[0.896s] Level 1:colcon.colcon_core.package_identification:_identify(src/remote_encoder) by extensions ['ros']
[0.896s] Level 1:colcon.colcon_core.package_identification:_identify(src/remote_encoder) by extension 'ros'
[0.897s] DEBUG:colcon.colcon_core.package_identification:Package 'src/remote_encoder' with type 'ros.ament_cmake' and name 'remote_encoder'
[0.898s] Level 1:colcon.colcon_core.package_identification:_identify(src/remote_microcontroller) by extensions ['ignore', 'ignore_ament_install']
[0.898s] Level 1:colcon.colcon_core.package_identification:_identify(src/remote_microcontroller) by extension 'ignore'
[0.898s] Level 1:colcon.colcon_core.package_identification:_identify(src/remote_microcontroller) by extension 'ignore_ament_install'
[0.899s] Level 1:colcon.colcon_core.package_identification:_identify(src/remote_microcontroller) by extensions ['colcon_pkg']
[0.899s] Level 1:colcon.colcon_core.package_identification:_identify(src/remote_microcontroller) by extension 'colcon_pkg'
[0.899s] Level 1:colcon.colcon_core.package_identification:_identify(src/remote_microcontroller) by extensions ['colcon_meta']
[0.899s] Level 1:colcon.colcon_core.package_identification:_identify(src/remote_microcontroller) by extension 'colcon_meta'
[0.899s] Level 1:colcon.colcon_core.package_identification:_identify(src/remote_microcontroller) by extensions ['ros']
[0.899s] Level 1:colcon.colcon_core.package_identification:_identify(src/remote_microcontroller) by extension 'ros'
[0.901s] DEBUG:colcon.colcon_core.package_identification:Package 'src/remote_microcontroller' with type 'ros.ament_cmake' and name 'remote_microcontroller'
[0.901s] Level 1:colcon.colcon_core.package_identification:_identify(src/remote_serial) by extensions ['ignore', 'ignore_ament_install']
[0.901s] Level 1:colcon.colcon_core.package_identification:_identify(src/remote_serial) by extension 'ignore'
[0.901s] Level 1:colcon.colcon_core.package_identification:_identify(src/remote_serial) by extension 'ignore_ament_install'
[0.901s] Level 1:colcon.colcon_core.package_identification:_identify(src/remote_serial) by extensions ['colcon_pkg']
[0.901s] Level 1:colcon.colcon_core.package_identification:_identify(src/remote_serial) by extension 'colcon_pkg'
[0.901s] Level 1:colcon.colcon_core.package_identification:_identify(src/remote_serial) by extensions ['colcon_meta']
[0.901s] Level 1:colcon.colcon_core.package_identification:_identify(src/remote_serial) by extension 'colcon_meta'
[0.902s] Level 1:colcon.colcon_core.package_identification:_identify(src/remote_serial) by extensions ['ros']
[0.902s] Level 1:colcon.colcon_core.package_identification:_identify(src/remote_serial) by extension 'ros'
[0.903s] DEBUG:colcon.colcon_core.package_identification:Package 'src/remote_serial' with type 'ros.ament_cmake' and name 'remote_serial'
[0.903s] Level 1:colcon.colcon_core.package_identification:_identify(src/remote_switch) by extensions ['ignore', 'ignore_ament_install']
[0.903s] Level 1:colcon.colcon_core.package_identification:_identify(src/remote_switch) by extension 'ignore'
[0.903s] Level 1:colcon.colcon_core.package_identification:_identify(src/remote_switch) by extension 'ignore_ament_install'
[0.903s] Level 1:colcon.colcon_core.package_identification:_identify(src/remote_switch) by extensions ['colcon_pkg']
[0.904s] Level 1:colcon.colcon_core.package_identification:_identify(src/remote_switch) by extension 'colcon_pkg'
[0.904s] Level 1:colcon.colcon_core.package_identification:_identify(src/remote_switch) by extensions ['colcon_meta']
[0.904s] Level 1:colcon.colcon_core.package_identification:_identify(src/remote_switch) by extension 'colcon_meta'
[0.904s] Level 1:colcon.colcon_core.package_identification:_identify(src/remote_switch) by extensions ['ros']
[0.904s] Level 1:colcon.colcon_core.package_identification:_identify(src/remote_switch) by extension 'ros'
[0.905s] DEBUG:colcon.colcon_core.package_identification:Package 'src/remote_switch' with type 'ros.ament_cmake' and name 'remote_switch'
[0.905s] Level 1:colcon.colcon_core.package_discovery:discover_packages(recursive) using defaults
[0.905s] Level 1:colcon.colcon_core.package_discovery:discover_packages(ignore) discover
[0.905s] Level 1:colcon.colcon_core.package_discovery:discover_packages(ignore) using defaults
[0.905s] Level 1:colcon.colcon_core.package_discovery:discover_packages(path) discover
[0.905s] Level 1:colcon.colcon_core.package_discovery:discover_packages(path) using defaults
[1.010s] INFO:colcon.colcon_core.package_selection:Skipping not selected package 'benrover_navigation' in 'src/benrover_navigation'
[1.010s] INFO:colcon.colcon_core.package_selection:Skipping not selected package 'benrover_sensors' in 'src/benrover_sensors'
[1.010s] INFO:colcon.colcon_core.package_selection:Skipping not selected package 'remote_actuator' in 'src/remote_actuator'
[1.010s] INFO:colcon.colcon_core.package_selection:Skipping not selected package 'remote_serial' in 'src/remote_serial'
[1.010s] INFO:colcon.colcon_core.package_selection:Skipping not selected package 'remote_switch' in 'src/remote_switch'
[1.010s] INFO:colcon.colcon_core.package_selection:Skipping not selected package 'remote_encoder' in 'src/remote_encoder'
[1.010s] INFO:colcon.colcon_core.package_selection:Skipping not selected package 'remote_microcontroller' in 'src/remote_microcontroller'
[1.011s] Level 1:colcon.colcon_core.package_discovery:discover_packages(prefix_path) check parameters
[1.012s] Level 1:colcon.colcon_core.package_discovery:discover_packages(prefix_path) discover
[1.019s] DEBUG:colcon.colcon_installed_package_information.package_discovery:Found 270 installed packages in /opt/ros/humble
[1.023s] Level 1:colcon.colcon_core.package_discovery:discover_packages(prefix_path) using defaults
[1.125s] Level 5:colcon.colcon_core.verb:set package 'benrover_launch' build argument 'cmake_args' from command line to 'None'
[1.125s] Level 5:colcon.colcon_core.verb:set package 'benrover_launch' build argument 'cmake_target' from command line to 'None'
[1.125s] Level 5:colcon.colcon_core.verb:set package 'benrover_launch' build argument 'cmake_target_skip_unavailable' from command line to 'False'
[1.125s] Level 5:colcon.colcon_core.verb:set package 'benrover_launch' build argument 'cmake_clean_cache' from command line to 'False'
[1.125s] Level 5:colcon.colcon_core.verb:set package 'benrover_launch' build argument 'cmake_clean_first' from command line to 'False'
[1.125s] Level 5:colcon.colcon_core.verb:set package 'benrover_launch' build argument 'cmake_force_configure' from command line to 'False'
[1.125s] Level 5:colcon.colcon_core.verb:set package 'benrover_launch' build argument 'ament_cmake_args' from command line to 'None'
[1.125s] Level 5:colcon.colcon_core.verb:set package 'benrover_launch' build argument 'catkin_cmake_args' from command line to 'None'
[1.125s] Level 5:colcon.colcon_core.verb:set package 'benrover_launch' build argument 'catkin_skip_building_tests' from command line to 'False'
[1.125s] DEBUG:colcon.colcon_core.verb:Building package 'benrover_launch' with the following arguments: {'ament_cmake_args': None, 'build_base': '/home/sergino/rosws/build/benrover_launch', 'catkin_cmake_args': None, 'catkin_skip_building_tests': False, 'cmake_args': None, 'cmake_clean_cache': False, 'cmake_clean_first': False, 'cmake_force_configure': False, 'cmake_target': None, 'cmake_target_skip_unavailable': False, 'install_base': '/home/sergino/rosws/install/benrover_launch', 'merge_install': False, 'path': '/home/sergino/rosws/src/benrover_launch', 'symlink_install': False, 'test_result_base': None}
[1.125s] INFO:colcon.colcon_core.executor:Executing jobs using 'parallel' executor
[1.127s] DEBUG:colcon.colcon_parallel_executor.executor.parallel:run_until_complete
[1.127s] INFO:colcon.colcon_ros.task.ament_python.build:Building ROS package in '/home/sergino/rosws/src/benrover_launch' with build type 'ament_python'
[1.127s] Level 1:colcon.colcon_core.shell:create_environment_hook('benrover_launch', 'ament_prefix_path')
[1.131s] INFO:colcon.colcon_core.plugin_system:Skipping extension 'colcon_core.shell.bat': Not used on non-Windows systems
[1.132s] INFO:colcon.colcon_core.shell:Creating environment hook '/home/sergino/rosws/install/benrover_launch/share/benrover_launch/hook/ament_prefix_path.ps1'
[1.133s] INFO:colcon.colcon_core.shell:Creating environment descriptor '/home/sergino/rosws/install/benrover_launch/share/benrover_launch/hook/ament_prefix_path.dsv'
[1.133s] INFO:colcon.colcon_core.shell:Creating environment hook '/home/sergino/rosws/install/benrover_launch/share/benrover_launch/hook/ament_prefix_path.sh'
[1.135s] INFO:colcon.colcon_core.shell:Skip shell extension 'powershell' for command environment: Not usable outside of PowerShell
[1.135s] DEBUG:colcon.colcon_core.shell:Skip shell extension 'dsv' for command environment
[1.670s] INFO:colcon.colcon_core.task.python.build:Building Python package in '/home/sergino/rosws/src/benrover_launch'
[1.670s] INFO:colcon.colcon_core.shell:Skip shell extension 'powershell' for command environment: Not usable outside of PowerShell
[1.670s] DEBUG:colcon.colcon_core.shell:Skip shell extension 'dsv' for command environment
[2.236s] DEBUG:colcon.colcon_core.event_handler.log_command:Invoking command in '/home/sergino/rosws/src/benrover_launch': PYTHONPATH=/home/sergino/rosws/build/benrover_launch/prefix_override:/home/sergino/.local/lib/python3.10/site-packages/colcon_core/task/python/colcon_distutils_commands:/home/sergino/rosws/install/benrover_launch/lib/python3.10/site-packages:${PYTHONPATH} /usr/bin/python3 -W ignore:setup.py install is deprecated setup.py egg_info --egg-base ../../build/benrover_launch build --build-base /home/sergino/rosws/build/benrover_launch/build install --record /home/sergino/rosws/build/benrover_launch/install.log --single-version-externally-managed install_data
[2.638s] DEBUG:colcon.colcon_core.event_handler.log_command:Invoked command in '/home/sergino/rosws/src/benrover_launch' returned '0': PYTHONPATH=/home/sergino/rosws/build/benrover_launch/prefix_override:/home/sergino/.local/lib/python3.10/site-packages/colcon_core/task/python/colcon_distutils_commands:/home/sergino/rosws/install/benrover_launch/lib/python3.10/site-packages:${PYTHONPATH} /usr/bin/python3 -W ignore:setup.py install is deprecated setup.py egg_info --egg-base ../../build/benrover_launch build --build-base /home/sergino/rosws/build/benrover_launch/build install --record /home/sergino/rosws/build/benrover_launch/install.log --single-version-externally-managed install_data
[2.642s] Level 1:colcon.colcon_core.environment:checking '/home/sergino/rosws/install/benrover_launch' for CMake module files
[2.643s] Level 1:colcon.colcon_core.environment:checking '/home/sergino/rosws/install/benrover_launch' for CMake config files
[2.644s] Level 1:colcon.colcon_core.environment:checking '/home/sergino/rosws/install/benrover_launch/lib'
[2.644s] Level 1:colcon.colcon_core.environment:checking '/home/sergino/rosws/install/benrover_launch/bin'
[2.644s] Level 1:colcon.colcon_core.environment:checking '/home/sergino/rosws/install/benrover_launch/lib/pkgconfig/benrover_launch.pc'
[2.644s] Level 1:colcon.colcon_core.environment:checking '/home/sergino/rosws/install/benrover_launch/lib/python3.10/site-packages'
[2.645s] Level 1:colcon.colcon_core.shell:create_environment_hook('benrover_launch', 'pythonpath')
[2.645s] INFO:colcon.colcon_core.shell:Creating environment hook '/home/sergino/rosws/install/benrover_launch/share/benrover_launch/hook/pythonpath.ps1'
[2.648s] INFO:colcon.colcon_core.shell:Creating environment descriptor '/home/sergino/rosws/install/benrover_launch/share/benrover_launch/hook/pythonpath.dsv'
[2.649s] INFO:colcon.colcon_core.shell:Creating environment hook '/home/sergino/rosws/install/benrover_launch/share/benrover_launch/hook/pythonpath.sh'
[2.650s] Level 1:colcon.colcon_core.environment:checking '/home/sergino/rosws/install/benrover_launch/bin'
[2.650s] Level 1:colcon.colcon_core.environment:create_environment_scripts_only(benrover_launch)
[2.651s] INFO:colcon.colcon_core.shell:Creating package script '/home/sergino/rosws/install/benrover_launch/share/benrover_launch/package.ps1'
[2.652s] INFO:colcon.colcon_core.shell:Creating package descriptor '/home/sergino/rosws/install/benrover_launch/share/benrover_launch/package.dsv'
[2.653s] INFO:colcon.colcon_core.shell:Creating package script '/home/sergino/rosws/install/benrover_launch/share/benrover_launch/package.sh'
[2.656s] INFO:colcon.colcon_core.shell:Creating package script '/home/sergino/rosws/install/benrover_launch/share/benrover_launch/package.bash'
[2.658s] INFO:colcon.colcon_core.shell:Creating package script '/home/sergino/rosws/install/benrover_launch/share/benrover_launch/package.zsh'
[2.660s] Level 1:colcon.colcon_core.environment:create_file_with_runtime_dependencies(/home/sergino/rosws/install/benrover_launch/share/colcon-core/packages/benrover_launch)
[2.661s] DEBUG:colcon.colcon_parallel_executor.executor.parallel:closing loop
[2.661s] DEBUG:colcon.colcon_parallel_executor.executor.parallel:loop closed
[2.662s] DEBUG:colcon.colcon_parallel_executor.executor.parallel:run_until_complete finished with '0'
[2.663s] DEBUG:colcon.colcon_core.event_reactor:joining thread
[2.696s] INFO:colcon.colcon_core.plugin_system:Skipping extension 'colcon_notification.desktop_notification.notify_send': Could not find 'notify-send'
[2.696s] INFO:colcon.colcon_core.plugin_system:Skipping extension 'colcon_notification.desktop_notification.terminal_notifier': Not used on non-Darwin systems
[2.696s] INFO:colcon.colcon_core.plugin_system:Skipping extension 'colcon_notification.desktop_notification.win32': Not used on non-Windows systems
[2.697s] INFO:colcon.colcon_notification.desktop_notification:Sending desktop notification using 'notify2'
[2.698s] DEBUG:colcon.colcon_notification.desktop_notification.notify2:Failed to initialize notify2: org.freedesktop.DBus.Error.FileNotFound: Failed to connect to socket /run/user/1000/bus: No such file or directory
[2.698s] DEBUG:colcon.colcon_core.event_reactor:joined thread
[2.698s] INFO:colcon.colcon_core.shell:Creating prefix script '/home/sergino/rosws/install/local_setup.ps1'
[2.700s] INFO:colcon.colcon_core.shell:Creating prefix util module '/home/sergino/rosws/install/_local_setup_util_ps1.py'
[2.702s] INFO:colcon.colcon_core.shell:Creating prefix chain script '/home/sergino/rosws/install/setup.ps1'
[2.703s] INFO:colcon.colcon_core.shell:Creating prefix script '/home/sergino/rosws/install/local_setup.sh'
[2.704s] INFO:colcon.colcon_core.shell:Creating prefix util module '/home/sergino/rosws/install/_local_setup_util_sh.py'
[2.705s] INFO:colcon.colcon_core.shell:Creating prefix chain script '/home/sergino/rosws/install/setup.sh'
[2.707s] INFO:colcon.colcon_core.shell:Creating prefix script '/home/sergino/rosws/install/local_setup.bash'
[2.709s] INFO:colcon.colcon_core.shell:Creating prefix chain script '/home/sergino/rosws/install/setup.bash'
[2.710s] INFO:colcon.colcon_core.shell:Creating prefix script '/home/sergino/rosws/install/local_setup.zsh'
[2.711s] INFO:colcon.colcon_core.shell:Creating prefix chain script '/home/sergino/rosws/install/setup.zsh'
