running egg_info
creating ../../build/benrover_sensors/benrover_sensors.egg-info
writing ../../build/benrover_sensors/benrover_sensors.egg-info/PKG-INFO
writing dependency_links to ../../build/benrover_sensors/benrover_sensors.egg-info/dependency_links.txt
writing entry points to ../../build/benrover_sensors/benrover_sensors.egg-info/entry_points.txt
writing requirements to ../../build/benrover_sensors/benrover_sensors.egg-info/requires.txt
writing top-level names to ../../build/benrover_sensors/benrover_sensors.egg-info/top_level.txt
writing manifest file '../../build/benrover_sensors/benrover_sensors.egg-info/SOURCES.txt'
reading manifest file '../../build/benrover_sensors/benrover_sensors.egg-info/SOURCES.txt'
writing manifest file '../../build/benrover_sensors/benrover_sensors.egg-info/SOURCES.txt'
running build
running build_py
creating /home/celeste/workspace/benrover/rosws/build/benrover_sensors/build
creating /home/celeste/workspace/benrover/rosws/build/benrover_sensors/build/lib
creating /home/celeste/workspace/benrover/rosws/build/benrover_sensors/build/lib/benrover_sensors
copying benrover_sensors/__init__.py -> /home/celeste/workspace/benrover/rosws/build/benrover_sensors/build/lib/benrover_sensors
running install
running install_lib
creating /home/celeste/workspace/benrover/rosws/install/benrover_sensors/lib/python3.10/site-packages/benrover_sensors
copying /home/celeste/workspace/benrover/rosws/build/benrover_sensors/build/lib/benrover_sensors/__init__.py -> /home/celeste/workspace/benrover/rosws/install/benrover_sensors/lib/python3.10/site-packages/benrover_sensors
byte-compiling /home/celeste/workspace/benrover/rosws/install/benrover_sensors/lib/python3.10/site-packages/benrover_sensors/__init__.py to __init__.cpython-310.pyc
running install_data
creating /home/celeste/workspace/benrover/rosws/install/benrover_sensors/share/ament_index
creating /home/celeste/workspace/benrover/rosws/install/benrover_sensors/share/ament_index/resource_index
creating /home/celeste/workspace/benrover/rosws/install/benrover_sensors/share/ament_index/resource_index/packages
copying resource/benrover_sensors -> /home/celeste/workspace/benrover/rosws/install/benrover_sensors/share/ament_index/resource_index/packages
copying package.xml -> /home/celeste/workspace/benrover/rosws/install/benrover_sensors/share/benrover_sensors
running install_egg_info
Copying ../../build/benrover_sensors/benrover_sensors.egg-info to /home/celeste/workspace/benrover/rosws/install/benrover_sensors/lib/python3.10/site-packages/benrover_sensors-0.0.0-py3.10.egg-info
running install_scripts
writing list of installed files to '/home/celeste/workspace/benrover/rosws/build/benrover_sensors/install.log'
