[2.155s] Invoking command in '/home/elfriedkinzoun/rosws/build/benrover_navigation': CONDA_PROMPT_MODIFIER=(base) PYTHONPATH=/home/elfriedkinzoun/rosws/build/benrover_navigation/prefix_override:/usr/lib/python3/dist-packages/colcon_core/task/python/colcon_distutils_commands:/home/elfriedkinzoun/rosws/install/benrover_navigation/lib/python3.10/site-packages:${PYTHONPATH} /usr/bin/python3 -W ignore:setup.py install is deprecated setup.py develop --uninstall --editable --build-directory /home/elfriedkinzoun/rosws/build/benrover_navigation/build
[2.820s] running develop
[2.822s] /usr/lib/python3/dist-packages/setuptools/command/easy_install.py:158: EasyInstallDeprecationWarning: easy_install command is deprecated. Use build and pip and other standards-based tools.
[2.822s]   warnings.warn(
[3.080s] /usr/lib/python3/dist-packages/pkg_resources/__init__.py:116: PkgResourcesDeprecationWarning: 2.4.0-ubuntu3-zorin1 is an invalid version and will not be supported in a future release
[3.080s]   warnings.warn(
[3.528s] Removing /home/elfriedkinzoun/rosws/install/benrover_navigation/lib/python3.10/site-packages/benrover-navigation.egg-link (link to .)
[3.665s] Invoked command in '/home/elfriedkinzoun/rosws/build/benrover_navigation' returned '0': CONDA_PROMPT_MODIFIER=(base) PYTHONPATH=/home/elfriedkinzoun/rosws/build/benrover_navigation/prefix_override:/usr/lib/python3/dist-packages/colcon_core/task/python/colcon_distutils_commands:/home/elfriedkinzoun/rosws/install/benrover_navigation/lib/python3.10/site-packages:${PYTHONPATH} /usr/bin/python3 -W ignore:setup.py install is deprecated setup.py develop --uninstall --editable --build-directory /home/elfriedkinzoun/rosws/build/benrover_navigation/build
[3.666s] Invoking command in '/home/elfriedkinzoun/rosws/src/benrover_navigation': CONDA_PROMPT_MODIFIER=(base) PYTHONPATH=/home/elfriedkinzoun/rosws/build/benrover_navigation/prefix_override:/usr/lib/python3/dist-packages/colcon_core/task/python/colcon_distutils_commands:/home/elfriedkinzoun/rosws/install/benrover_navigation/lib/python3.10/site-packages:${PYTHONPATH} /usr/bin/python3 -W ignore:setup.py install is deprecated setup.py egg_info --egg-base ../../build/benrover_navigation build --build-base /home/elfriedkinzoun/rosws/build/benrover_navigation/build install --record /home/elfriedkinzoun/rosws/build/benrover_navigation/install.log --single-version-externally-managed install_data --force
[4.366s] running egg_info
[4.372s] writing ../../build/benrover_navigation/benrover_navigation.egg-info/PKG-INFO
[4.376s] writing dependency_links to ../../build/benrover_navigation/benrover_navigation.egg-info/dependency_links.txt
[4.378s] writing entry points to ../../build/benrover_navigation/benrover_navigation.egg-info/entry_points.txt
[4.378s] writing requirements to ../../build/benrover_navigation/benrover_navigation.egg-info/requires.txt
[4.378s] writing top-level names to ../../build/benrover_navigation/benrover_navigation.egg-info/top_level.txt
[4.395s] reading manifest file '../../build/benrover_navigation/benrover_navigation.egg-info/SOURCES.txt'
[4.397s] writing manifest file '../../build/benrover_navigation/benrover_navigation.egg-info/SOURCES.txt'
[4.397s] running build
[4.398s] running build_py
[4.398s] creating /home/elfriedkinzoun/rosws/build/benrover_navigation/build
[4.398s] creating /home/elfriedkinzoun/rosws/build/benrover_navigation/build/lib
[4.398s] creating /home/elfriedkinzoun/rosws/build/benrover_navigation/build/lib/benrover_navigation
[4.399s] copying benrover_navigation/__init__.py -> /home/elfriedkinzoun/rosws/build/benrover_navigation/build/lib/benrover_navigation
[4.399s] running install
[4.399s] running install_lib
[4.400s] creating /home/elfriedkinzoun/rosws/install/benrover_navigation/lib/python3.10/site-packages/benrover_navigation
[4.401s] copying /home/elfriedkinzoun/rosws/build/benrover_navigation/build/lib/benrover_navigation/__init__.py -> /home/elfriedkinzoun/rosws/install/benrover_navigation/lib/python3.10/site-packages/benrover_navigation
[4.401s] byte-compiling /home/elfriedkinzoun/rosws/install/benrover_navigation/lib/python3.10/site-packages/benrover_navigation/__init__.py to __init__.cpython-310.pyc
[4.402s] running install_data
[4.402s] copying resource/benrover_navigation -> /home/elfriedkinzoun/rosws/install/benrover_navigation/share/ament_index/resource_index/packages
[4.402s] copying package.xml -> /home/elfriedkinzoun/rosws/install/benrover_navigation/share/benrover_navigation
[4.403s] running install_egg_info
[4.416s] Copying ../../build/benrover_navigation/benrover_navigation.egg-info to /home/elfriedkinzoun/rosws/install/benrover_navigation/lib/python3.10/site-packages/benrover_navigation-0.0.0-py3.10.egg-info
[4.419s] running install_scripts
[4.476s] writing list of installed files to '/home/elfriedkinzoun/rosws/build/benrover_navigation/install.log'
[4.553s] Invoked command in '/home/elfriedkinzoun/rosws/src/benrover_navigation' returned '0': CONDA_PROMPT_MODIFIER=(base) PYTHONPATH=/home/elfriedkinzoun/rosws/build/benrover_navigation/prefix_override:/usr/lib/python3/dist-packages/colcon_core/task/python/colcon_distutils_commands:/home/elfriedkinzoun/rosws/install/benrover_navigation/lib/python3.10/site-packages:${PYTHONPATH} /usr/bin/python3 -W ignore:setup.py install is deprecated setup.py egg_info --egg-base ../../build/benrover_navigation build --build-base /home/elfriedkinzoun/rosws/build/benrover_navigation/build install --record /home/elfriedkinzoun/rosws/build/benrover_navigation/install.log --single-version-externally-managed install_data --force
