[4.014s] Invoking command in '/home/elfriedkinzoun/rosws/src/benrover_actuator': CONDA_PROMPT_MODIFIER=(base) PYTHONPATH=/home/elfriedkinzoun/rosws/build/benrover_actuator/prefix_override:/usr/lib/python3/dist-packages/colcon_core/task/python/colcon_distutils_commands:/home/elfriedkinzoun/rosws/install/benrover_actuator/lib/python3.10/site-packages:${PYTHONPATH} /usr/bin/python3 -W ignore:setup.py install is deprecated setup.py egg_info --egg-base ../../build/benrover_actuator build --build-base /home/elfriedkinzoun/rosws/build/benrover_actuator/build install --record /home/elfriedkinzoun/rosws/build/benrover_actuator/install.log --single-version-externally-managed install_data
[5.113s] running egg_info
[5.114s] creating ../../build/benrover_actuator/benrover_actuator.egg-info
[5.116s] writing ../../build/benrover_actuator/benrover_actuator.egg-info/PKG-INFO
[5.117s] writing dependency_links to ../../build/benrover_actuator/benrover_actuator.egg-info/dependency_links.txt
[5.117s] writing entry points to ../../build/benrover_actuator/benrover_actuator.egg-info/entry_points.txt
[5.118s] writing requirements to ../../build/benrover_actuator/benrover_actuator.egg-info/requires.txt
[5.118s] writing top-level names to ../../build/benrover_actuator/benrover_actuator.egg-info/top_level.txt
[5.118s] writing manifest file '../../build/benrover_actuator/benrover_actuator.egg-info/SOURCES.txt'
[5.124s] reading manifest file '../../build/benrover_actuator/benrover_actuator.egg-info/SOURCES.txt'
[5.126s] writing manifest file '../../build/benrover_actuator/benrover_actuator.egg-info/SOURCES.txt'
[5.126s] running build
[5.126s] running build_py
[5.127s] creating /home/elfriedkinzoun/rosws/build/benrover_actuator/build
[5.127s] creating /home/elfriedkinzoun/rosws/build/benrover_actuator/build/lib
[5.127s] creating /home/elfriedkinzoun/rosws/build/benrover_actuator/build/lib/benrover_actuator
[5.127s] copying benrover_actuator/__init__.py -> /home/elfriedkinzoun/rosws/build/benrover_actuator/build/lib/benrover_actuator
[5.128s] running install
[5.129s] running install_lib
[5.132s] creating /home/elfriedkinzoun/rosws/install/benrover_actuator/lib/python3.10/site-packages/benrover_actuator
[5.132s] copying /home/elfriedkinzoun/rosws/build/benrover_actuator/build/lib/benrover_actuator/__init__.py -> /home/elfriedkinzoun/rosws/install/benrover_actuator/lib/python3.10/site-packages/benrover_actuator
[5.134s] byte-compiling /home/elfriedkinzoun/rosws/install/benrover_actuator/lib/python3.10/site-packages/benrover_actuator/__init__.py to __init__.cpython-310.pyc
[5.135s] running install_data
[5.135s] creating /home/elfriedkinzoun/rosws/install/benrover_actuator/share/ament_index
[5.137s] creating /home/elfriedkinzoun/rosws/install/benrover_actuator/share/ament_index/resource_index
[5.137s] creating /home/elfriedkinzoun/rosws/install/benrover_actuator/share/ament_index/resource_index/packages
[5.137s] copying resource/benrover_actuator -> /home/elfriedkinzoun/rosws/install/benrover_actuator/share/ament_index/resource_index/packages
[5.138s] copying package.xml -> /home/elfriedkinzoun/rosws/install/benrover_actuator/share/benrover_actuator
[5.138s] running install_egg_info
[5.141s] Copying ../../build/benrover_actuator/benrover_actuator.egg-info to /home/elfriedkinzoun/rosws/install/benrover_actuator/lib/python3.10/site-packages/benrover_actuator-0.0.0-py3.10.egg-info
[5.144s] running install_scripts
[5.201s] writing list of installed files to '/home/elfriedkinzoun/rosws/build/benrover_actuator/install.log'
[5.316s] Invoked command in '/home/elfriedkinzoun/rosws/src/benrover_actuator' returned '0': CONDA_PROMPT_MODIFIER=(base) PYTHONPATH=/home/elfriedkinzoun/rosws/build/benrover_actuator/prefix_override:/usr/lib/python3/dist-packages/colcon_core/task/python/colcon_distutils_commands:/home/elfriedkinzoun/rosws/install/benrover_actuator/lib/python3.10/site-packages:${PYTHONPATH} /usr/bin/python3 -W ignore:setup.py install is deprecated setup.py egg_info --egg-base ../../build/benrover_actuator build --build-base /home/elfriedkinzoun/rosws/build/benrover_actuator/build install --record /home/elfriedkinzoun/rosws/build/benrover_actuator/install.log --single-version-externally-managed install_data
