running develop
running egg_info
creating benrover_actuator.egg-info
writing benrover_actuator.egg-info/PKG-INFO
writing dependency_links to benrover_actuator.egg-info/dependency_links.txt
writing entry points to benrover_actuator.egg-info/entry_points.txt
writing requirements to benrover_actuator.egg-info/requires.txt
writing top-level names to benrover_actuator.egg-info/top_level.txt
writing manifest file 'benrover_actuator.egg-info/SOURCES.txt'
reading manifest file 'benrover_actuator.egg-info/SOURCES.txt'
writing manifest file 'benrover_actuator.egg-info/SOURCES.txt'
running build_ext
Creating /home/elfriedkinzoun/rosws/install/benrover_actuator/lib/python3.10/site-packages/benrover-actuator.egg-link (link to .)
Installing my_node script to /home/elfriedkinzoun/rosws/install/benrover_actuator/lib/${PROJECT_NAME}
Installing servo_control_node script to /home/elfriedkinzoun/rosws/install/benrover_actuator/lib/${PROJECT_NAME}

Installed /home/elfriedkinzoun/rosws/build/benrover_actuator
running symlink_data
creating /home/elfriedkinzoun/rosws/install/benrover_actuator/share/ament_index
creating /home/elfriedkinzoun/rosws/install/benrover_actuator/share/ament_index/resource_index
creating /home/elfriedkinzoun/rosws/install/benrover_actuator/share/ament_index/resource_index/packages
symbolically linking /home/elfriedkinzoun/rosws/build/benrover_actuator/resource/benrover_actuator -> /home/elfriedkinzoun/rosws/install/benrover_actuator/share/ament_index/resource_index/packages
symbolically linking /home/elfriedkinzoun/rosws/build/benrover_actuator/package.xml -> /home/elfriedkinzoun/rosws/install/benrover_actuator/share/benrover_actuator
