[1.767s] Invoking command in '/home/elfriedkinzoun/rosws/src/benrover_sensors': CONDA_PROMPT_MODIFIER=(base) PYTHONPATH=/home/elfriedkinzoun/rosws/build/benrover_sensors/prefix_override:/usr/lib/python3/dist-packages/colcon_core/task/python/colcon_distutils_commands:/home/elfriedkinzoun/rosws/install/benrover_sensors/lib/python3.10/site-packages:${PYTHONPATH} /usr/bin/python3 -W ignore:setup.py install is deprecated setup.py egg_info --egg-base ../../build/benrover_sensors build --build-base /home/elfriedkinzoun/rosws/build/benrover_sensors/build install --record /home/elfriedkinzoun/rosws/build/benrover_sensors/install.log --single-version-externally-managed install_data
[2.361s] running egg_info
[2.362s] writing ../../build/benrover_sensors/benrover_sensors.egg-info/PKG-INFO
[2.363s] writing dependency_links to ../../build/benrover_sensors/benrover_sensors.egg-info/dependency_links.txt
[2.363s] writing entry points to ../../build/benrover_sensors/benrover_sensors.egg-info/entry_points.txt
[2.364s] writing requirements to ../../build/benrover_sensors/benrover_sensors.egg-info/requires.txt
[2.364s] writing top-level names to ../../build/benrover_sensors/benrover_sensors.egg-info/top_level.txt
[2.371s] reading manifest file '../../build/benrover_sensors/benrover_sensors.egg-info/SOURCES.txt'
[2.374s] writing manifest file '../../build/benrover_sensors/benrover_sensors.egg-info/SOURCES.txt'
[2.375s] running build
[2.375s] running build_py
[2.376s] running install
[2.377s] running install_lib
[2.380s] running install_data
[2.380s] running install_egg_info
[2.384s] removing '/home/elfriedkinzoun/rosws/install/benrover_sensors/lib/python3.10/site-packages/benrover_sensors-0.0.0-py3.10.egg-info' (and everything under it)
[2.385s] Copying ../../build/benrover_sensors/benrover_sensors.egg-info to /home/elfriedkinzoun/rosws/install/benrover_sensors/lib/python3.10/site-packages/benrover_sensors-0.0.0-py3.10.egg-info
[2.392s] running install_scripts
[2.449s] writing list of installed files to '/home/elfriedkinzoun/rosws/build/benrover_sensors/install.log'
[2.518s] Invoked command in '/home/elfriedkinzoun/rosws/src/benrover_sensors' returned '0': CONDA_PROMPT_MODIFIER=(base) PYTHONPATH=/home/elfriedkinzoun/rosws/build/benrover_sensors/prefix_override:/usr/lib/python3/dist-packages/colcon_core/task/python/colcon_distutils_commands:/home/elfriedkinzoun/rosws/install/benrover_sensors/lib/python3.10/site-packages:${PYTHONPATH} /usr/bin/python3 -W ignore:setup.py install is deprecated setup.py egg_info --egg-base ../../build/benrover_sensors build --build-base /home/elfriedkinzoun/rosws/build/benrover_sensors/build install --record /home/elfriedkinzoun/rosws/build/benrover_sensors/install.log --single-version-externally-managed install_data
