running develop
running egg_info
creating benrover_sensors.egg-info
writing benrover_sensors.egg-info/PKG-INFO
writing dependency_links to benrover_sensors.egg-info/dependency_links.txt
writing entry points to benrover_sensors.egg-info/entry_points.txt
writing requirements to benrover_sensors.egg-info/requires.txt
writing top-level names to benrover_sensors.egg-info/top_level.txt
writing manifest file 'benrover_sensors.egg-info/SOURCES.txt'
reading manifest file 'benrover_sensors.egg-info/SOURCES.txt'
writing manifest file 'benrover_sensors.egg-info/SOURCES.txt'
running build_ext
Creating /home/elfriedkinzoun/rosws/install/benrover_sensors/lib/python3.10/site-packages/benrover-sensors.egg-link (link to .)

Installed /home/elfriedkinzoun/rosws/build/benrover_sensors
running symlink_data
creating /home/elfriedkinzoun/rosws/install/benrover_sensors/share/ament_index
creating /home/elfriedkinzoun/rosws/install/benrover_sensors/share/ament_index/resource_index
creating /home/elfriedkinzoun/rosws/install/benrover_sensors/share/ament_index/resource_index/packages
symbolically linking /home/elfriedkinzoun/rosws/build/benrover_sensors/resource/benrover_sensors -> /home/elfriedkinzoun/rosws/install/benrover_sensors/share/ament_index/resource_index/packages
symbolically linking /home/elfriedkinzoun/rosws/build/benrover_sensors/package.xml -> /home/elfriedkinzoun/rosws/install/benrover_sensors/share/benrover_sensors
