[3.930s] Invoking command in '/home/elfriedkinzoun/rosws/build/benrover_sensors': CONDA_PROMPT_MODIFIER=(base) PYTHONPATH=/home/elfriedkinzoun/rosws/build/benrover_sensors/prefix_override:/usr/lib/python3/dist-packages/colcon_core/task/python/colcon_distutils_commands:/home/elfriedkinzoun/rosws/install/benrover_sensors/lib/python3.10/site-packages:${PYTHONPATH} /usr/bin/python3 -W ignore:setup.py install is deprecated setup.py develop --editable --build-directory /home/elfriedkinzoun/rosws/build/benrover_sensors/build --no-deps symlink_data
[4.746s] running develop
[4.757s] /usr/lib/python3/dist-packages/setuptools/command/easy_install.py:158: EasyInstallDeprecationWarning: easy_install command is deprecated. Use build and pip and other standards-based tools.
[4.757s]   warnings.warn(
[4.986s] /usr/lib/python3/dist-packages/pkg_resources/__init__.py:116: PkgResourcesDeprecationWarning: 2.4.0-ubuntu3-zorin1 is an invalid version and will not be supported in a future release
[4.986s]   warnings.warn(
[5.295s] running egg_info
[5.295s] creating benrover_sensors.egg-info
[5.295s] writing benrover_sensors.egg-info/PKG-INFO
[5.298s] writing dependency_links to benrover_sensors.egg-info/dependency_links.txt
[5.298s] writing entry points to benrover_sensors.egg-info/entry_points.txt
[5.298s] writing requirements to benrover_sensors.egg-info/requires.txt
[5.298s] writing top-level names to benrover_sensors.egg-info/top_level.txt
[5.299s] writing manifest file 'benrover_sensors.egg-info/SOURCES.txt'
[5.300s] reading manifest file 'benrover_sensors.egg-info/SOURCES.txt'
[5.301s] writing manifest file 'benrover_sensors.egg-info/SOURCES.txt'
[5.314s] running build_ext
[5.314s] Creating /home/elfriedkinzoun/rosws/install/benrover_sensors/lib/python3.10/site-packages/benrover-sensors.egg-link (link to .)
[5.318s] 
[5.318s] Installed /home/elfriedkinzoun/rosws/build/benrover_sensors
[5.318s] running symlink_data
[5.319s] creating /home/elfriedkinzoun/rosws/install/benrover_sensors/share/ament_index
[5.319s] creating /home/elfriedkinzoun/rosws/install/benrover_sensors/share/ament_index/resource_index
[5.319s] creating /home/elfriedkinzoun/rosws/install/benrover_sensors/share/ament_index/resource_index/packages
[5.319s] symbolically linking /home/elfriedkinzoun/rosws/build/benrover_sensors/resource/benrover_sensors -> /home/elfriedkinzoun/rosws/install/benrover_sensors/share/ament_index/resource_index/packages
[5.319s] symbolically linking /home/elfriedkinzoun/rosws/build/benrover_sensors/package.xml -> /home/elfriedkinzoun/rosws/install/benrover_sensors/share/benrover_sensors
[5.458s] Invoked command in '/home/elfriedkinzoun/rosws/build/benrover_sensors' returned '0': CONDA_PROMPT_MODIFIER=(base) PYTHONPATH=/home/elfriedkinzoun/rosws/build/benrover_sensors/prefix_override:/usr/lib/python3/dist-packages/colcon_core/task/python/colcon_distutils_commands:/home/elfriedkinzoun/rosws/install/benrover_sensors/lib/python3.10/site-packages:${PYTHONPATH} /usr/bin/python3 -W ignore:setup.py install is deprecated setup.py develop --editable --build-directory /home/elfriedkinzoun/rosws/build/benrover_sensors/build --no-deps symlink_data
