running develop
running egg_info
creating benrover_navigation.egg-info
writing benrover_navigation.egg-info/PKG-INFO
writing dependency_links to benrover_navigation.egg-info/dependency_links.txt
writing entry points to benrover_navigation.egg-info/entry_points.txt
writing requirements to benrover_navigation.egg-info/requires.txt
writing top-level names to benrover_navigation.egg-info/top_level.txt
writing manifest file 'benrover_navigation.egg-info/SOURCES.txt'
reading manifest file 'benrover_navigation.egg-info/SOURCES.txt'
writing manifest file 'benrover_navigation.egg-info/SOURCES.txt'
running build_ext
Creating /home/elfriedkinzoun/rosws/install/benrover_navigation/lib/python3.10/site-packages/benrover-navigation.egg-link (link to .)

Installed /home/elfriedkinzoun/rosws/build/benrover_navigation
running symlink_data
creating /home/elfriedkinzoun/rosws/install/benrover_navigation/share/ament_index
creating /home/elfriedkinzoun/rosws/install/benrover_navigation/share/ament_index/resource_index
creating /home/elfriedkinzoun/rosws/install/benrover_navigation/share/ament_index/resource_index/packages
symbolically linking /home/elfriedkinzoun/rosws/build/benrover_navigation/resource/benrover_navigation -> /home/elfriedkinzoun/rosws/install/benrover_navigation/share/ament_index/resource_index/packages
symbolically linking /home/elfriedkinzoun/rosws/build/benrover_navigation/package.xml -> /home/elfriedkinzoun/rosws/install/benrover_navigation/share/benrover_navigation
