[0.907s] Invoking command in '/home/sergino/rosws/src/benrover_launch': PYTHONPATH=/home/sergino/rosws/build/benrover_launch/prefix_override:/home/sergino/.local/lib/python3.10/site-packages/colcon_core/task/python/colcon_distutils_commands:/home/sergino/rosws/install/benrover_launch/lib/python3.10/site-packages:${PYTHONPATH} /usr/bin/python3 -W ignore:setup.py install is deprecated setup.py egg_info --egg-base ../../build/benrover_launch build --build-base /home/sergino/rosws/build/benrover_launch/build install --record /home/sergino/rosws/build/benrover_launch/install.log --single-version-externally-managed install_data
[1.273s] running egg_info
[1.274s] writing ../../build/benrover_launch/benrover_launch.egg-info/PKG-INFO
[1.274s] writing dependency_links to ../../build/benrover_launch/benrover_launch.egg-info/dependency_links.txt
[1.276s] writing entry points to ../../build/benrover_launch/benrover_launch.egg-info/entry_points.txt
[1.276s] writing requirements to ../../build/benrover_launch/benrover_launch.egg-info/requires.txt
[1.276s] writing top-level names to ../../build/benrover_launch/benrover_launch.egg-info/top_level.txt
[1.279s] reading manifest file '../../build/benrover_launch/benrover_launch.egg-info/SOURCES.txt'
[1.279s] adding license file 'LICENSE'
[1.280s] writing manifest file '../../build/benrover_launch/benrover_launch.egg-info/SOURCES.txt'
[1.280s] running build
[1.281s] running build_py
[1.281s] running install
[1.281s] running install_lib
[1.284s] running install_data
[1.285s] copying launch/_launch.py -> /home/sergino/rosws/install/benrover_launch/share/benrover_launch/launch
[1.286s] running install_egg_info
[1.288s] removing '/home/sergino/rosws/install/benrover_launch/lib/python3.10/site-packages/benrover_launch-0.0.0-py3.10.egg-info' (and everything under it)
[1.289s] Copying ../../build/benrover_launch/benrover_launch.egg-info to /home/sergino/rosws/install/benrover_launch/lib/python3.10/site-packages/benrover_launch-0.0.0-py3.10.egg-info
[1.291s] running install_scripts
[1.326s] writing list of installed files to '/home/sergino/rosws/build/benrover_launch/install.log'
[1.364s] Invoked command in '/home/sergino/rosws/src/benrover_launch' returned '0': PYTHONPATH=/home/sergino/rosws/build/benrover_launch/prefix_override:/home/sergino/.local/lib/python3.10/site-packages/colcon_core/task/python/colcon_distutils_commands:/home/sergino/rosws/install/benrover_launch/lib/python3.10/site-packages:${PYTHONPATH} /usr/bin/python3 -W ignore:setup.py install is deprecated setup.py egg_info --egg-base ../../build/benrover_launch build --build-base /home/sergino/rosws/build/benrover_launch/build install --record /home/sergino/rosws/build/benrover_launch/install.log --single-version-externally-managed install_data
