[0.143s] DEBUG:colcon:Command line arguments: ['/usr/bin/colcon', 'build']
[0.143s] DEBUG:colcon:Parsed command line arguments: Namespace(log_base=None, log_level=None, verb_name='build', build_base='build', install_base='install', merge_install=False, symlink_install=False, test_result_base=None, continue_on_error=False, executor='parallel', parallel_workers=4, event_handlers=None, ignore_user_meta=False, metas=['./colcon.meta'], base_paths=['.'], packages_ignore=None, packages_ignore_regex=None, paths=None, packages_up_to=None, packages_up_to_regex=None, packages_above=None, packages_above_and_dependencies=None, packages_above_depth=None, packages_select_by_dep=None, packages_skip_by_dep=None, packages_skip_up_to=None, packages_select_build_failed=False, packages_skip_build_finished=False, packages_select_test_failures=False, packages_skip_test_passed=False, packages_select=None, packages_skip=None, packages_select_regex=None, packages_skip_regex=None, packages_start=None, packages_end=None, allow_overriding=[], cmake_args=None, cmake_target=None, cmake_target_skip_unavailable=False, cmake_clean_cache=False, cmake_clean_first=False, cmake_force_configure=False, ament_cmake_args=None, catkin_cmake_args=None, catkin_skip_building_tests=False, verb_parser=<colcon_defaults.argument_parser.defaults.DefaultArgumentsDecorator object at 0x746c4913d780>, verb_extension=<colcon_core.verb.build.BuildVerb object at 0x746c4913d270>, main=<bound method BuildVerb.main of <colcon_core.verb.build.BuildVerb object at 0x746c4913d270>>)
[0.395s] Level 1:colcon.colcon_core.package_discovery:discover_packages(colcon_meta) check parameters
[0.395s] Level 1:colcon.colcon_core.package_discovery:discover_packages(recursive) check parameters
[0.395s] Level 1:colcon.colcon_core.package_discovery:discover_packages(ignore) check parameters
[0.395s] Level 1:colcon.colcon_core.package_discovery:discover_packages(path) check parameters
[0.395s] Level 1:colcon.colcon_core.package_discovery:discover_packages(colcon_meta) discover
[0.395s] Level 1:colcon.colcon_core.package_discovery:discover_packages(recursive) discover
[0.395s] INFO:colcon.colcon_core.package_discovery:Crawling recursively for packages in '/home/elfriedkinzoun/rosws'
[0.395s] Level 1:colcon.colcon_core.package_identification:_identify(.) by extensions ['ignore', 'ignore_ament_install']
[0.396s] Level 1:colcon.colcon_core.package_identification:_identify(.) by extension 'ignore'
[0.396s] Level 1:colcon.colcon_core.package_identification:_identify(.) by extension 'ignore_ament_install'
[0.396s] Level 1:colcon.colcon_core.package_identification:_identify(.) by extensions ['colcon_pkg']
[0.396s] Level 1:colcon.colcon_core.package_identification:_identify(.) by extension 'colcon_pkg'
[0.396s] Level 1:colcon.colcon_core.package_identification:_identify(.) by extensions ['colcon_meta']
[0.396s] Level 1:colcon.colcon_core.package_identification:_identify(.) by extension 'colcon_meta'
[0.396s] Level 1:colcon.colcon_core.package_identification:_identify(.) by extensions ['ros']
[0.396s] Level 1:colcon.colcon_core.package_identification:_identify(.) by extension 'ros'
[0.410s] Level 1:colcon.colcon_core.package_identification:_identify(.) by extensions ['cmake', 'python']
[0.410s] Level 1:colcon.colcon_core.package_identification:_identify(.) by extension 'cmake'
[0.411s] Level 1:colcon.colcon_core.package_identification:_identify(.) by extension 'python'
[0.411s] Level 1:colcon.colcon_core.package_identification:_identify(.) by extensions ['python_setup_py']
[0.411s] Level 1:colcon.colcon_core.package_identification:_identify(.) by extension 'python_setup_py'
[0.411s] Level 1:colcon.colcon_core.package_identification:_identify(arduino) by extensions ['ignore', 'ignore_ament_install']
[0.411s] Level 1:colcon.colcon_core.package_identification:_identify(arduino) by extension 'ignore'
[0.411s] Level 1:colcon.colcon_core.package_identification:_identify(arduino) by extension 'ignore_ament_install'
[0.411s] Level 1:colcon.colcon_core.package_identification:_identify(arduino) by extensions ['colcon_pkg']
[0.411s] Level 1:colcon.colcon_core.package_identification:_identify(arduino) by extension 'colcon_pkg'
[0.411s] Level 1:colcon.colcon_core.package_identification:_identify(arduino) by extensions ['colcon_meta']
[0.411s] Level 1:colcon.colcon_core.package_identification:_identify(arduino) by extension 'colcon_meta'
[0.411s] Level 1:colcon.colcon_core.package_identification:_identify(arduino) by extensions ['ros']
[0.411s] Level 1:colcon.colcon_core.package_identification:_identify(arduino) by extension 'ros'
[0.411s] Level 1:colcon.colcon_core.package_identification:_identify(arduino) by extensions ['cmake', 'python']
[0.411s] Level 1:colcon.colcon_core.package_identification:_identify(arduino) by extension 'cmake'
[0.412s] Level 1:colcon.colcon_core.package_identification:_identify(arduino) by extension 'python'
[0.412s] Level 1:colcon.colcon_core.package_identification:_identify(arduino) by extensions ['python_setup_py']
[0.412s] Level 1:colcon.colcon_core.package_identification:_identify(arduino) by extension 'python_setup_py'
[0.412s] Level 1:colcon.colcon_core.package_identification:_identify(build) by extensions ['ignore', 'ignore_ament_install']
[0.412s] Level 1:colcon.colcon_core.package_identification:_identify(build) by extension 'ignore'
[0.412s] Level 1:colcon.colcon_core.package_identification:_identify(build) ignored
[0.412s] Level 1:colcon.colcon_core.package_identification:_identify(install) by extensions ['ignore', 'ignore_ament_install']
[0.412s] Level 1:colcon.colcon_core.package_identification:_identify(install) by extension 'ignore'
[0.412s] Level 1:colcon.colcon_core.package_identification:_identify(install) ignored
[0.412s] Level 1:colcon.colcon_core.package_identification:_identify(log) by extensions ['ignore', 'ignore_ament_install']
[0.413s] Level 1:colcon.colcon_core.package_identification:_identify(log) by extension 'ignore'
[0.413s] Level 1:colcon.colcon_core.package_identification:_identify(log) ignored
[0.413s] Level 1:colcon.colcon_core.package_identification:_identify(src) by extensions ['ignore', 'ignore_ament_install']
[0.413s] Level 1:colcon.colcon_core.package_identification:_identify(src) by extension 'ignore'
[0.413s] Level 1:colcon.colcon_core.package_identification:_identify(src) by extension 'ignore_ament_install'
[0.413s] Level 1:colcon.colcon_core.package_identification:_identify(src) by extensions ['colcon_pkg']
[0.413s] Level 1:colcon.colcon_core.package_identification:_identify(src) by extension 'colcon_pkg'
[0.413s] Level 1:colcon.colcon_core.package_identification:_identify(src) by extensions ['colcon_meta']
[0.413s] Level 1:colcon.colcon_core.package_identification:_identify(src) by extension 'colcon_meta'
[0.413s] Level 1:colcon.colcon_core.package_identification:_identify(src) by extensions ['ros']
[0.413s] Level 1:colcon.colcon_core.package_identification:_identify(src) by extension 'ros'
[0.413s] Level 1:colcon.colcon_core.package_identification:_identify(src) by extensions ['cmake', 'python']
[0.413s] Level 1:colcon.colcon_core.package_identification:_identify(src) by extension 'cmake'
[0.413s] Level 1:colcon.colcon_core.package_identification:_identify(src) by extension 'python'
[0.414s] Level 1:colcon.colcon_core.package_identification:_identify(src) by extensions ['python_setup_py']
[0.414s] Level 1:colcon.colcon_core.package_identification:_identify(src) by extension 'python_setup_py'
[0.414s] Level 1:colcon.colcon_core.package_identification:_identify(src/benrover_actuator) by extensions ['ignore', 'ignore_ament_install']
[0.414s] Level 1:colcon.colcon_core.package_identification:_identify(src/benrover_actuator) by extension 'ignore'
[0.414s] Level 1:colcon.colcon_core.package_identification:_identify(src/benrover_actuator) by extension 'ignore_ament_install'
[0.414s] Level 1:colcon.colcon_core.package_identification:_identify(src/benrover_actuator) by extensions ['colcon_pkg']
[0.414s] Level 1:colcon.colcon_core.package_identification:_identify(src/benrover_actuator) by extension 'colcon_pkg'
[0.414s] Level 1:colcon.colcon_core.package_identification:_identify(src/benrover_actuator) by extensions ['colcon_meta']
[0.414s] Level 1:colcon.colcon_core.package_identification:_identify(src/benrover_actuator) by extension 'colcon_meta'
[0.414s] Level 1:colcon.colcon_core.package_identification:_identify(src/benrover_actuator) by extensions ['ros']
[0.414s] Level 1:colcon.colcon_core.package_identification:_identify(src/benrover_actuator) by extension 'ros'
[0.417s] DEBUG:colcon.colcon_core.package_identification:Package 'src/benrover_actuator' with type 'ros.ament_python' and name 'benrover_actuator'
[0.418s] Level 1:colcon.colcon_core.package_identification:_identify(src/benrover_assembly) by extensions ['ignore', 'ignore_ament_install']
[0.418s] Level 1:colcon.colcon_core.package_identification:_identify(src/benrover_assembly) by extension 'ignore'
[0.418s] Level 1:colcon.colcon_core.package_identification:_identify(src/benrover_assembly) by extension 'ignore_ament_install'
[0.418s] Level 1:colcon.colcon_core.package_identification:_identify(src/benrover_assembly) by extensions ['colcon_pkg']
[0.418s] Level 1:colcon.colcon_core.package_identification:_identify(src/benrover_assembly) by extension 'colcon_pkg'
[0.418s] Level 1:colcon.colcon_core.package_identification:_identify(src/benrover_assembly) by extensions ['colcon_meta']
[0.418s] Level 1:colcon.colcon_core.package_identification:_identify(src/benrover_assembly) by extension 'colcon_meta'
[0.418s] Level 1:colcon.colcon_core.package_identification:_identify(src/benrover_assembly) by extensions ['ros']
[0.418s] Level 1:colcon.colcon_core.package_identification:_identify(src/benrover_assembly) by extension 'ros'
[0.420s] DEBUG:colcon.colcon_core.package_identification:Package 'src/benrover_assembly' with type 'ros.ament_python' and name 'benrover_assembly'
[0.420s] Level 1:colcon.colcon_core.package_identification:_identify(src/benrover_navigation) by extensions ['ignore', 'ignore_ament_install']
[0.420s] Level 1:colcon.colcon_core.package_identification:_identify(src/benrover_navigation) by extension 'ignore'
[0.420s] Level 1:colcon.colcon_core.package_identification:_identify(src/benrover_navigation) by extension 'ignore_ament_install'
[0.420s] Level 1:colcon.colcon_core.package_identification:_identify(src/benrover_navigation) by extensions ['colcon_pkg']
[0.420s] Level 1:colcon.colcon_core.package_identification:_identify(src/benrover_navigation) by extension 'colcon_pkg'
[0.420s] Level 1:colcon.colcon_core.package_identification:_identify(src/benrover_navigation) by extensions ['colcon_meta']
[0.420s] Level 1:colcon.colcon_core.package_identification:_identify(src/benrover_navigation) by extension 'colcon_meta'
[0.420s] Level 1:colcon.colcon_core.package_identification:_identify(src/benrover_navigation) by extensions ['ros']
[0.420s] Level 1:colcon.colcon_core.package_identification:_identify(src/benrover_navigation) by extension 'ros'
[0.421s] DEBUG:colcon.colcon_core.package_identification:Package 'src/benrover_navigation' with type 'ros.ament_python' and name 'benrover_navigation'
[0.421s] Level 1:colcon.colcon_core.package_identification:_identify(src/benrover_sensors) by extensions ['ignore', 'ignore_ament_install']
[0.421s] Level 1:colcon.colcon_core.package_identification:_identify(src/benrover_sensors) by extension 'ignore'
[0.421s] Level 1:colcon.colcon_core.package_identification:_identify(src/benrover_sensors) by extension 'ignore_ament_install'
[0.422s] Level 1:colcon.colcon_core.package_identification:_identify(src/benrover_sensors) by extensions ['colcon_pkg']
[0.422s] Level 1:colcon.colcon_core.package_identification:_identify(src/benrover_sensors) by extension 'colcon_pkg'
[0.422s] Level 1:colcon.colcon_core.package_identification:_identify(src/benrover_sensors) by extensions ['colcon_meta']
[0.422s] Level 1:colcon.colcon_core.package_identification:_identify(src/benrover_sensors) by extension 'colcon_meta'
[0.422s] Level 1:colcon.colcon_core.package_identification:_identify(src/benrover_sensors) by extensions ['ros']
[0.422s] Level 1:colcon.colcon_core.package_identification:_identify(src/benrover_sensors) by extension 'ros'
[0.422s] DEBUG:colcon.colcon_core.package_identification:Package 'src/benrover_sensors' with type 'ros.ament_python' and name 'benrover_sensors'
[0.423s] Level 1:colcon.colcon_core.package_identification:_identify(src/test_sim) by extensions ['ignore', 'ignore_ament_install']
[0.423s] Level 1:colcon.colcon_core.package_identification:_identify(src/test_sim) by extension 'ignore'
[0.423s] Level 1:colcon.colcon_core.package_identification:_identify(src/test_sim) by extension 'ignore_ament_install'
[0.423s] Level 1:colcon.colcon_core.package_identification:_identify(src/test_sim) by extensions ['colcon_pkg']
[0.423s] Level 1:colcon.colcon_core.package_identification:_identify(src/test_sim) by extension 'colcon_pkg'
[0.423s] Level 1:colcon.colcon_core.package_identification:_identify(src/test_sim) by extensions ['colcon_meta']
[0.423s] Level 1:colcon.colcon_core.package_identification:_identify(src/test_sim) by extension 'colcon_meta'
[0.423s] Level 1:colcon.colcon_core.package_identification:_identify(src/test_sim) by extensions ['ros']
[0.423s] Level 1:colcon.colcon_core.package_identification:_identify(src/test_sim) by extension 'ros'
[0.424s] DEBUG:colcon.colcon_core.package_identification:Package 'src/test_sim' with type 'ros.ament_cmake' and name 'test_sim'
[0.424s] Level 1:colcon.colcon_core.package_discovery:discover_packages(recursive) using defaults
[0.424s] Level 1:colcon.colcon_core.package_discovery:discover_packages(ignore) discover
[0.424s] Level 1:colcon.colcon_core.package_discovery:discover_packages(ignore) using defaults
[0.424s] Level 1:colcon.colcon_core.package_discovery:discover_packages(path) discover
[0.425s] Level 1:colcon.colcon_core.package_discovery:discover_packages(path) using defaults
[0.450s] Level 1:colcon.colcon_core.package_discovery:discover_packages(prefix_path) check parameters
[0.451s] Level 1:colcon.colcon_core.package_discovery:discover_packages(prefix_path) discover
[0.455s] DEBUG:colcon.colcon_installed_package_information.package_discovery:Found 5 installed packages in /home/elfriedkinzoun/rosws/install
[0.457s] DEBUG:colcon.colcon_installed_package_information.package_discovery:Found 280 installed packages in /opt/ros/humble
[0.473s] Level 1:colcon.colcon_core.package_discovery:discover_packages(prefix_path) using defaults
[0.529s] Level 5:colcon.colcon_core.verb:set package 'benrover_actuator' build argument 'cmake_args' from command line to 'None'
[0.530s] Level 5:colcon.colcon_core.verb:set package 'benrover_actuator' build argument 'cmake_target' from command line to 'None'
[0.530s] Level 5:colcon.colcon_core.verb:set package 'benrover_actuator' build argument 'cmake_target_skip_unavailable' from command line to 'False'
[0.530s] Level 5:colcon.colcon_core.verb:set package 'benrover_actuator' build argument 'cmake_clean_cache' from command line to 'False'
[0.530s] Level 5:colcon.colcon_core.verb:set package 'benrover_actuator' build argument 'cmake_clean_first' from command line to 'False'
[0.530s] Level 5:colcon.colcon_core.verb:set package 'benrover_actuator' build argument 'cmake_force_configure' from command line to 'False'
[0.530s] Level 5:colcon.colcon_core.verb:set package 'benrover_actuator' build argument 'ament_cmake_args' from command line to 'None'
[0.531s] Level 5:colcon.colcon_core.verb:set package 'benrover_actuator' build argument 'catkin_cmake_args' from command line to 'None'
[0.531s] Level 5:colcon.colcon_core.verb:set package 'benrover_actuator' build argument 'catkin_skip_building_tests' from command line to 'False'
[0.531s] DEBUG:colcon.colcon_core.verb:Building package 'benrover_actuator' with the following arguments: {'ament_cmake_args': None, 'build_base': '/home/elfriedkinzoun/rosws/build/benrover_actuator', 'catkin_cmake_args': None, 'catkin_skip_building_tests': False, 'cmake_args': None, 'cmake_clean_cache': False, 'cmake_clean_first': False, 'cmake_force_configure': False, 'cmake_target': None, 'cmake_target_skip_unavailable': False, 'install_base': '/home/elfriedkinzoun/rosws/install/benrover_actuator', 'merge_install': False, 'path': '/home/elfriedkinzoun/rosws/src/benrover_actuator', 'symlink_install': False, 'test_result_base': None}
[0.532s] Level 5:colcon.colcon_core.verb:set package 'benrover_assembly' build argument 'cmake_args' from command line to 'None'
[0.532s] Level 5:colcon.colcon_core.verb:set package 'benrover_assembly' build argument 'cmake_target' from command line to 'None'
[0.532s] Level 5:colcon.colcon_core.verb:set package 'benrover_assembly' build argument 'cmake_target_skip_unavailable' from command line to 'False'
[0.532s] Level 5:colcon.colcon_core.verb:set package 'benrover_assembly' build argument 'cmake_clean_cache' from command line to 'False'
[0.532s] Level 5:colcon.colcon_core.verb:set package 'benrover_assembly' build argument 'cmake_clean_first' from command line to 'False'
[0.532s] Level 5:colcon.colcon_core.verb:set package 'benrover_assembly' build argument 'cmake_force_configure' from command line to 'False'
[0.532s] Level 5:colcon.colcon_core.verb:set package 'benrover_assembly' build argument 'ament_cmake_args' from command line to 'None'
[0.532s] Level 5:colcon.colcon_core.verb:set package 'benrover_assembly' build argument 'catkin_cmake_args' from command line to 'None'
[0.532s] Level 5:colcon.colcon_core.verb:set package 'benrover_assembly' build argument 'catkin_skip_building_tests' from command line to 'False'
[0.532s] DEBUG:colcon.colcon_core.verb:Building package 'benrover_assembly' with the following arguments: {'ament_cmake_args': None, 'build_base': '/home/elfriedkinzoun/rosws/build/benrover_assembly', 'catkin_cmake_args': None, 'catkin_skip_building_tests': False, 'cmake_args': None, 'cmake_clean_cache': False, 'cmake_clean_first': False, 'cmake_force_configure': False, 'cmake_target': None, 'cmake_target_skip_unavailable': False, 'install_base': '/home/elfriedkinzoun/rosws/install/benrover_assembly', 'merge_install': False, 'path': '/home/elfriedkinzoun/rosws/src/benrover_assembly', 'symlink_install': False, 'test_result_base': None}
[0.533s] Level 5:colcon.colcon_core.verb:set package 'benrover_navigation' build argument 'cmake_args' from command line to 'None'
[0.533s] Level 5:colcon.colcon_core.verb:set package 'benrover_navigation' build argument 'cmake_target' from command line to 'None'
[0.533s] Level 5:colcon.colcon_core.verb:set package 'benrover_navigation' build argument 'cmake_target_skip_unavailable' from command line to 'False'
[0.533s] Level 5:colcon.colcon_core.verb:set package 'benrover_navigation' build argument 'cmake_clean_cache' from command line to 'False'
[0.533s] Level 5:colcon.colcon_core.verb:set package 'benrover_navigation' build argument 'cmake_clean_first' from command line to 'False'
[0.533s] Level 5:colcon.colcon_core.verb:set package 'benrover_navigation' build argument 'cmake_force_configure' from command line to 'False'
[0.533s] Level 5:colcon.colcon_core.verb:set package 'benrover_navigation' build argument 'ament_cmake_args' from command line to 'None'
[0.533s] Level 5:colcon.colcon_core.verb:set package 'benrover_navigation' build argument 'catkin_cmake_args' from command line to 'None'
[0.533s] Level 5:colcon.colcon_core.verb:set package 'benrover_navigation' build argument 'catkin_skip_building_tests' from command line to 'False'
[0.533s] DEBUG:colcon.colcon_core.verb:Building package 'benrover_navigation' with the following arguments: {'ament_cmake_args': None, 'build_base': '/home/elfriedkinzoun/rosws/build/benrover_navigation', 'catkin_cmake_args': None, 'catkin_skip_building_tests': False, 'cmake_args': None, 'cmake_clean_cache': False, 'cmake_clean_first': False, 'cmake_force_configure': False, 'cmake_target': None, 'cmake_target_skip_unavailable': False, 'install_base': '/home/elfriedkinzoun/rosws/install/benrover_navigation', 'merge_install': False, 'path': '/home/elfriedkinzoun/rosws/src/benrover_navigation', 'symlink_install': False, 'test_result_base': None}
[0.533s] Level 5:colcon.colcon_core.verb:set package 'benrover_sensors' build argument 'cmake_args' from command line to 'None'
[0.534s] Level 5:colcon.colcon_core.verb:set package 'benrover_sensors' build argument 'cmake_target' from command line to 'None'
[0.534s] Level 5:colcon.colcon_core.verb:set package 'benrover_sensors' build argument 'cmake_target_skip_unavailable' from command line to 'False'
[0.534s] Level 5:colcon.colcon_core.verb:set package 'benrover_sensors' build argument 'cmake_clean_cache' from command line to 'False'
[0.534s] Level 5:colcon.colcon_core.verb:set package 'benrover_sensors' build argument 'cmake_clean_first' from command line to 'False'
[0.534s] Level 5:colcon.colcon_core.verb:set package 'benrover_sensors' build argument 'cmake_force_configure' from command line to 'False'
[0.534s] Level 5:colcon.colcon_core.verb:set package 'benrover_sensors' build argument 'ament_cmake_args' from command line to 'None'
[0.534s] Level 5:colcon.colcon_core.verb:set package 'benrover_sensors' build argument 'catkin_cmake_args' from command line to 'None'
[0.534s] Level 5:colcon.colcon_core.verb:set package 'benrover_sensors' build argument 'catkin_skip_building_tests' from command line to 'False'
[0.534s] DEBUG:colcon.colcon_core.verb:Building package 'benrover_sensors' with the following arguments: {'ament_cmake_args': None, 'build_base': '/home/elfriedkinzoun/rosws/build/benrover_sensors', 'catkin_cmake_args': None, 'catkin_skip_building_tests': False, 'cmake_args': None, 'cmake_clean_cache': False, 'cmake_clean_first': False, 'cmake_force_configure': False, 'cmake_target': None, 'cmake_target_skip_unavailable': False, 'install_base': '/home/elfriedkinzoun/rosws/install/benrover_sensors', 'merge_install': False, 'path': '/home/elfriedkinzoun/rosws/src/benrover_sensors', 'symlink_install': False, 'test_result_base': None}
[0.534s] Level 5:colcon.colcon_core.verb:set package 'test_sim' build argument 'cmake_args' from command line to 'None'
[0.534s] Level 5:colcon.colcon_core.verb:set package 'test_sim' build argument 'cmake_target' from command line to 'None'
[0.534s] Level 5:colcon.colcon_core.verb:set package 'test_sim' build argument 'cmake_target_skip_unavailable' from command line to 'False'
[0.534s] Level 5:colcon.colcon_core.verb:set package 'test_sim' build argument 'cmake_clean_cache' from command line to 'False'
[0.535s] Level 5:colcon.colcon_core.verb:set package 'test_sim' build argument 'cmake_clean_first' from command line to 'False'
[0.535s] Level 5:colcon.colcon_core.verb:set package 'test_sim' build argument 'cmake_force_configure' from command line to 'False'
[0.535s] Level 5:colcon.colcon_core.verb:set package 'test_sim' build argument 'ament_cmake_args' from command line to 'None'
[0.535s] Level 5:colcon.colcon_core.verb:set package 'test_sim' build argument 'catkin_cmake_args' from command line to 'None'
[0.535s] Level 5:colcon.colcon_core.verb:set package 'test_sim' build argument 'catkin_skip_building_tests' from command line to 'False'
[0.535s] DEBUG:colcon.colcon_core.verb:Building package 'test_sim' with the following arguments: {'ament_cmake_args': None, 'build_base': '/home/elfriedkinzoun/rosws/build/test_sim', 'catkin_cmake_args': None, 'catkin_skip_building_tests': False, 'cmake_args': None, 'cmake_clean_cache': False, 'cmake_clean_first': False, 'cmake_force_configure': False, 'cmake_target': None, 'cmake_target_skip_unavailable': False, 'install_base': '/home/elfriedkinzoun/rosws/install/test_sim', 'merge_install': False, 'path': '/home/elfriedkinzoun/rosws/src/test_sim', 'symlink_install': False, 'test_result_base': None}
[0.535s] INFO:colcon.colcon_core.executor:Executing jobs using 'parallel' executor
[0.536s] DEBUG:colcon.colcon_parallel_executor.executor.parallel:run_until_complete
[0.537s] INFO:colcon.colcon_ros.task.ament_python.build:Building ROS package in '/home/elfriedkinzoun/rosws/src/benrover_actuator' with build type 'ament_python'
[0.537s] Level 1:colcon.colcon_core.shell:create_environment_hook('benrover_actuator', 'ament_prefix_path')
[0.540s] INFO:colcon.colcon_core.plugin_system:Skipping extension 'colcon_core.shell.bat': Not used on non-Windows systems
[0.540s] INFO:colcon.colcon_core.shell:Creating environment hook '/home/elfriedkinzoun/rosws/install/benrover_actuator/share/benrover_actuator/hook/ament_prefix_path.ps1'
[0.541s] INFO:colcon.colcon_core.shell:Creating environment descriptor '/home/elfriedkinzoun/rosws/install/benrover_actuator/share/benrover_actuator/hook/ament_prefix_path.dsv'
[0.542s] INFO:colcon.colcon_core.shell:Creating environment hook '/home/elfriedkinzoun/rosws/install/benrover_actuator/share/benrover_actuator/hook/ament_prefix_path.sh'
[0.543s] INFO:colcon.colcon_core.shell:Skip shell extension 'powershell' for command environment: Not usable outside of PowerShell
[0.543s] DEBUG:colcon.colcon_core.shell:Skip shell extension 'dsv' for command environment
[0.547s] INFO:colcon.colcon_ros.task.ament_python.build:Building ROS package in '/home/elfriedkinzoun/rosws/src/benrover_assembly' with build type 'ament_python'
[0.547s] Level 1:colcon.colcon_core.shell:create_environment_hook('benrover_assembly', 'ament_prefix_path')
[0.548s] INFO:colcon.colcon_core.shell:Creating environment hook '/home/elfriedkinzoun/rosws/install/benrover_assembly/share/benrover_assembly/hook/ament_prefix_path.ps1'
[0.548s] INFO:colcon.colcon_core.shell:Creating environment descriptor '/home/elfriedkinzoun/rosws/install/benrover_assembly/share/benrover_assembly/hook/ament_prefix_path.dsv'
[0.549s] INFO:colcon.colcon_core.shell:Creating environment hook '/home/elfriedkinzoun/rosws/install/benrover_assembly/share/benrover_assembly/hook/ament_prefix_path.sh'
[0.550s] INFO:colcon.colcon_core.shell:Skip shell extension 'powershell' for command environment: Not usable outside of PowerShell
[0.550s] DEBUG:colcon.colcon_core.shell:Skip shell extension 'dsv' for command environment
[0.555s] INFO:colcon.colcon_ros.task.ament_python.build:Building ROS package in '/home/elfriedkinzoun/rosws/src/benrover_navigation' with build type 'ament_python'
[0.555s] Level 1:colcon.colcon_core.shell:create_environment_hook('benrover_navigation', 'ament_prefix_path')
[0.555s] INFO:colcon.colcon_core.shell:Creating environment hook '/home/elfriedkinzoun/rosws/install/benrover_navigation/share/benrover_navigation/hook/ament_prefix_path.ps1'
[0.556s] INFO:colcon.colcon_core.shell:Creating environment descriptor '/home/elfriedkinzoun/rosws/install/benrover_navigation/share/benrover_navigation/hook/ament_prefix_path.dsv'
[0.561s] INFO:colcon.colcon_core.shell:Creating environment hook '/home/elfriedkinzoun/rosws/install/benrover_navigation/share/benrover_navigation/hook/ament_prefix_path.sh'
[0.562s] INFO:colcon.colcon_core.shell:Skip shell extension 'powershell' for command environment: Not usable outside of PowerShell
[0.562s] DEBUG:colcon.colcon_core.shell:Skip shell extension 'dsv' for command environment
[0.569s] INFO:colcon.colcon_ros.task.ament_python.build:Building ROS package in '/home/elfriedkinzoun/rosws/src/benrover_sensors' with build type 'ament_python'
[0.570s] Level 1:colcon.colcon_core.shell:create_environment_hook('benrover_sensors', 'ament_prefix_path')
[0.570s] INFO:colcon.colcon_core.shell:Creating environment hook '/home/elfriedkinzoun/rosws/install/benrover_sensors/share/benrover_sensors/hook/ament_prefix_path.ps1'
[0.571s] INFO:colcon.colcon_core.shell:Creating environment descriptor '/home/elfriedkinzoun/rosws/install/benrover_sensors/share/benrover_sensors/hook/ament_prefix_path.dsv'
[0.572s] INFO:colcon.colcon_core.shell:Creating environment hook '/home/elfriedkinzoun/rosws/install/benrover_sensors/share/benrover_sensors/hook/ament_prefix_path.sh'
[0.573s] INFO:colcon.colcon_core.shell:Skip shell extension 'powershell' for command environment: Not usable outside of PowerShell
[0.573s] DEBUG:colcon.colcon_core.shell:Skip shell extension 'dsv' for command environment
[1.098s] INFO:colcon.colcon_core.task.python.build:Building Python package in '/home/elfriedkinzoun/rosws/src/benrover_actuator'
[1.098s] INFO:colcon.colcon_core.shell:Skip shell extension 'powershell' for command environment: Not usable outside of PowerShell
[1.098s] DEBUG:colcon.colcon_core.shell:Skip shell extension 'dsv' for command environment
[1.536s] INFO:colcon.colcon_core.task.python.build:Building Python package in '/home/elfriedkinzoun/rosws/src/benrover_assembly'
[1.537s] INFO:colcon.colcon_core.shell:Skip shell extension 'powershell' for command environment: Not usable outside of PowerShell
[1.537s] DEBUG:colcon.colcon_core.shell:Skip shell extension 'dsv' for command environment
[1.925s] INFO:colcon.colcon_core.task.python.build:Building Python package in '/home/elfriedkinzoun/rosws/src/benrover_navigation'
[1.926s] INFO:colcon.colcon_core.shell:Skip shell extension 'powershell' for command environment: Not usable outside of PowerShell
[1.926s] DEBUG:colcon.colcon_core.shell:Skip shell extension 'dsv' for command environment
[2.299s] INFO:colcon.colcon_core.task.python.build:Building Python package in '/home/elfriedkinzoun/rosws/src/benrover_sensors'
[2.299s] INFO:colcon.colcon_core.shell:Skip shell extension 'powershell' for command environment: Not usable outside of PowerShell
[2.299s] DEBUG:colcon.colcon_core.shell:Skip shell extension 'dsv' for command environment
[3.200s] DEBUG:colcon.colcon_core.event_handler.log_command:Invoking command in '/home/elfriedkinzoun/rosws/build/benrover_actuator': CONDA_PROMPT_MODIFIER=(base) PYTHONPATH=/home/elfriedkinzoun/rosws/build/benrover_actuator/prefix_override:/usr/lib/python3/dist-packages/colcon_core/task/python/colcon_distutils_commands:/home/elfriedkinzoun/rosws/install/benrover_actuator/lib/python3.10/site-packages:${PYTHONPATH} /usr/bin/python3 -W ignore:setup.py install is deprecated setup.py develop --uninstall --editable --build-directory /home/elfriedkinzoun/rosws/build/benrover_actuator/build
[3.412s] DEBUG:colcon.colcon_core.event_handler.log_command:Invoking command in '/home/elfriedkinzoun/rosws/build/benrover_sensors': CONDA_PROMPT_MODIFIER=(base) PYTHONPATH=/home/elfriedkinzoun/rosws/build/benrover_sensors/prefix_override:/usr/lib/python3/dist-packages/colcon_core/task/python/colcon_distutils_commands:/home/elfriedkinzoun/rosws/install/benrover_sensors/lib/python3.10/site-packages:${PYTHONPATH} /usr/bin/python3 -W ignore:setup.py install is deprecated setup.py develop --uninstall --editable --build-directory /home/elfriedkinzoun/rosws/build/benrover_sensors/build
[3.432s] DEBUG:colcon.colcon_core.event_handler.log_command:Invoking command in '/home/elfriedkinzoun/rosws/build/benrover_navigation': CONDA_PROMPT_MODIFIER=(base) PYTHONPATH=/home/elfriedkinzoun/rosws/build/benrover_navigation/prefix_override:/usr/lib/python3/dist-packages/colcon_core/task/python/colcon_distutils_commands:/home/elfriedkinzoun/rosws/install/benrover_navigation/lib/python3.10/site-packages:${PYTHONPATH} /usr/bin/python3 -W ignore:setup.py install is deprecated setup.py develop --uninstall --editable --build-directory /home/elfriedkinzoun/rosws/build/benrover_navigation/build
[3.482s] DEBUG:colcon.colcon_core.event_handler.log_command:Invoking command in '/home/elfriedkinzoun/rosws/build/benrover_assembly': CONDA_PROMPT_MODIFIER=(base) PYTHONPATH=/home/elfriedkinzoun/rosws/build/benrover_assembly/prefix_override:/usr/lib/python3/dist-packages/colcon_core/task/python/colcon_distutils_commands:/home/elfriedkinzoun/rosws/install/benrover_assembly/lib/python3.10/site-packages:${PYTHONPATH} /usr/bin/python3 -W ignore:setup.py install is deprecated setup.py develop --uninstall --editable --build-directory /home/elfriedkinzoun/rosws/build/benrover_assembly/build
[4.546s] DEBUG:colcon.colcon_core.event_handler.log_command:Invoked command in '/home/elfriedkinzoun/rosws/build/benrover_actuator' returned '0': CONDA_PROMPT_MODIFIER=(base) PYTHONPATH=/home/elfriedkinzoun/rosws/build/benrover_actuator/prefix_override:/usr/lib/python3/dist-packages/colcon_core/task/python/colcon_distutils_commands:/home/elfriedkinzoun/rosws/install/benrover_actuator/lib/python3.10/site-packages:${PYTHONPATH} /usr/bin/python3 -W ignore:setup.py install is deprecated setup.py develop --uninstall --editable --build-directory /home/elfriedkinzoun/rosws/build/benrover_actuator/build
[4.547s] DEBUG:colcon.colcon_core.event_handler.log_command:Invoking command in '/home/elfriedkinzoun/rosws/src/benrover_actuator': CONDA_PROMPT_MODIFIER=(base) PYTHONPATH=/home/elfriedkinzoun/rosws/build/benrover_actuator/prefix_override:/usr/lib/python3/dist-packages/colcon_core/task/python/colcon_distutils_commands:/home/elfriedkinzoun/rosws/install/benrover_actuator/lib/python3.10/site-packages:${PYTHONPATH} /usr/bin/python3 -W ignore:setup.py install is deprecated setup.py egg_info --egg-base ../../build/benrover_actuator build --build-base /home/elfriedkinzoun/rosws/build/benrover_actuator/build install --record /home/elfriedkinzoun/rosws/build/benrover_actuator/install.log --install-scripts $base/lib/${PROJECT_NAME} --single-version-externally-managed install_data --force
[4.823s] DEBUG:colcon.colcon_core.event_handler.log_command:Invoked command in '/home/elfriedkinzoun/rosws/build/benrover_sensors' returned '0': CONDA_PROMPT_MODIFIER=(base) PYTHONPATH=/home/elfriedkinzoun/rosws/build/benrover_sensors/prefix_override:/usr/lib/python3/dist-packages/colcon_core/task/python/colcon_distutils_commands:/home/elfriedkinzoun/rosws/install/benrover_sensors/lib/python3.10/site-packages:${PYTHONPATH} /usr/bin/python3 -W ignore:setup.py install is deprecated setup.py develop --uninstall --editable --build-directory /home/elfriedkinzoun/rosws/build/benrover_sensors/build
[4.824s] DEBUG:colcon.colcon_core.event_handler.log_command:Invoking command in '/home/elfriedkinzoun/rosws/src/benrover_sensors': CONDA_PROMPT_MODIFIER=(base) PYTHONPATH=/home/elfriedkinzoun/rosws/build/benrover_sensors/prefix_override:/usr/lib/python3/dist-packages/colcon_core/task/python/colcon_distutils_commands:/home/elfriedkinzoun/rosws/install/benrover_sensors/lib/python3.10/site-packages:${PYTHONPATH} /usr/bin/python3 -W ignore:setup.py install is deprecated setup.py egg_info --egg-base ../../build/benrover_sensors build --build-base /home/elfriedkinzoun/rosws/build/benrover_sensors/build install --record /home/elfriedkinzoun/rosws/build/benrover_sensors/install.log --single-version-externally-managed install_data --force
[4.965s] DEBUG:colcon.colcon_core.event_handler.log_command:Invoked command in '/home/elfriedkinzoun/rosws/build/benrover_navigation' returned '0': CONDA_PROMPT_MODIFIER=(base) PYTHONPATH=/home/elfriedkinzoun/rosws/build/benrover_navigation/prefix_override:/usr/lib/python3/dist-packages/colcon_core/task/python/colcon_distutils_commands:/home/elfriedkinzoun/rosws/install/benrover_navigation/lib/python3.10/site-packages:${PYTHONPATH} /usr/bin/python3 -W ignore:setup.py install is deprecated setup.py develop --uninstall --editable --build-directory /home/elfriedkinzoun/rosws/build/benrover_navigation/build
[4.966s] DEBUG:colcon.colcon_core.event_handler.log_command:Invoking command in '/home/elfriedkinzoun/rosws/src/benrover_navigation': CONDA_PROMPT_MODIFIER=(base) PYTHONPATH=/home/elfriedkinzoun/rosws/build/benrover_navigation/prefix_override:/usr/lib/python3/dist-packages/colcon_core/task/python/colcon_distutils_commands:/home/elfriedkinzoun/rosws/install/benrover_navigation/lib/python3.10/site-packages:${PYTHONPATH} /usr/bin/python3 -W ignore:setup.py install is deprecated setup.py egg_info --egg-base ../../build/benrover_navigation build --build-base /home/elfriedkinzoun/rosws/build/benrover_navigation/build install --record /home/elfriedkinzoun/rosws/build/benrover_navigation/install.log --single-version-externally-managed install_data --force
[4.971s] DEBUG:colcon.colcon_core.event_handler.log_command:Invoked command in '/home/elfriedkinzoun/rosws/build/benrover_assembly' returned '0': CONDA_PROMPT_MODIFIER=(base) PYTHONPATH=/home/elfriedkinzoun/rosws/build/benrover_assembly/prefix_override:/usr/lib/python3/dist-packages/colcon_core/task/python/colcon_distutils_commands:/home/elfriedkinzoun/rosws/install/benrover_assembly/lib/python3.10/site-packages:${PYTHONPATH} /usr/bin/python3 -W ignore:setup.py install is deprecated setup.py develop --uninstall --editable --build-directory /home/elfriedkinzoun/rosws/build/benrover_assembly/build
[4.972s] DEBUG:colcon.colcon_core.event_handler.log_command:Invoking command in '/home/elfriedkinzoun/rosws/src/benrover_assembly': CONDA_PROMPT_MODIFIER=(base) PYTHONPATH=/home/elfriedkinzoun/rosws/build/benrover_assembly/prefix_override:/usr/lib/python3/dist-packages/colcon_core/task/python/colcon_distutils_commands:/home/elfriedkinzoun/rosws/install/benrover_assembly/lib/python3.10/site-packages:${PYTHONPATH} /usr/bin/python3 -W ignore:setup.py install is deprecated setup.py egg_info --egg-base ../../build/benrover_assembly build --build-base /home/elfriedkinzoun/rosws/build/benrover_assembly/build install --record /home/elfriedkinzoun/rosws/build/benrover_assembly/install.log --single-version-externally-managed install_data --force
[5.376s] Level 1:colcon.colcon_core.environment:checking '/home/elfriedkinzoun/rosws/install/benrover_actuator' for CMake module files
[5.377s] DEBUG:colcon.colcon_core.event_handler.log_command:Invoked command in '/home/elfriedkinzoun/rosws/src/benrover_actuator' returned '0': CONDA_PROMPT_MODIFIER=(base) PYTHONPATH=/home/elfriedkinzoun/rosws/build/benrover_actuator/prefix_override:/usr/lib/python3/dist-packages/colcon_core/task/python/colcon_distutils_commands:/home/elfriedkinzoun/rosws/install/benrover_actuator/lib/python3.10/site-packages:${PYTHONPATH} /usr/bin/python3 -W ignore:setup.py install is deprecated setup.py egg_info --egg-base ../../build/benrover_actuator build --build-base /home/elfriedkinzoun/rosws/build/benrover_actuator/build install --record /home/elfriedkinzoun/rosws/build/benrover_actuator/install.log --install-scripts $base/lib/${PROJECT_NAME} --single-version-externally-managed install_data --force
[5.380s] Level 1:colcon.colcon_core.environment:checking '/home/elfriedkinzoun/rosws/install/benrover_actuator' for CMake config files
[5.382s] Level 1:colcon.colcon_core.environment:checking '/home/elfriedkinzoun/rosws/install/benrover_actuator/lib'
[5.384s] Level 1:colcon.colcon_core.environment:checking '/home/elfriedkinzoun/rosws/install/benrover_actuator/bin'
[5.384s] Level 1:colcon.colcon_core.environment:checking '/home/elfriedkinzoun/rosws/install/benrover_actuator/lib/pkgconfig/benrover_actuator.pc'
[5.385s] Level 1:colcon.colcon_core.environment:checking '/home/elfriedkinzoun/rosws/install/benrover_actuator/lib/python3.10/site-packages'
[5.385s] Level 1:colcon.colcon_core.shell:create_environment_hook('benrover_actuator', 'pythonpath')
[5.386s] INFO:colcon.colcon_core.shell:Creating environment hook '/home/elfriedkinzoun/rosws/install/benrover_actuator/share/benrover_actuator/hook/pythonpath.ps1'
[5.388s] INFO:colcon.colcon_core.shell:Creating environment descriptor '/home/elfriedkinzoun/rosws/install/benrover_actuator/share/benrover_actuator/hook/pythonpath.dsv'
[5.389s] INFO:colcon.colcon_core.shell:Creating environment hook '/home/elfriedkinzoun/rosws/install/benrover_actuator/share/benrover_actuator/hook/pythonpath.sh'
[5.393s] Level 1:colcon.colcon_core.environment:checking '/home/elfriedkinzoun/rosws/install/benrover_actuator/bin'
[5.393s] Level 1:colcon.colcon_core.environment:create_environment_scripts_only(benrover_actuator)
[5.394s] INFO:colcon.colcon_core.shell:Creating package script '/home/elfriedkinzoun/rosws/install/benrover_actuator/share/benrover_actuator/package.ps1'
[5.397s] INFO:colcon.colcon_core.shell:Creating package descriptor '/home/elfriedkinzoun/rosws/install/benrover_actuator/share/benrover_actuator/package.dsv'
[5.400s] INFO:colcon.colcon_core.shell:Creating package script '/home/elfriedkinzoun/rosws/install/benrover_actuator/share/benrover_actuator/package.sh'
[5.404s] INFO:colcon.colcon_core.shell:Creating package script '/home/elfriedkinzoun/rosws/install/benrover_actuator/share/benrover_actuator/package.bash'
[5.406s] INFO:colcon.colcon_core.shell:Creating package script '/home/elfriedkinzoun/rosws/install/benrover_actuator/share/benrover_actuator/package.zsh'
[5.408s] Level 1:colcon.colcon_core.environment:create_file_with_runtime_dependencies(/home/elfriedkinzoun/rosws/install/benrover_actuator/share/colcon-core/packages/benrover_actuator)
[5.411s] INFO:colcon.colcon_ros.task.ament_cmake.build:Building ROS package in '/home/elfriedkinzoun/rosws/src/test_sim' with build type 'ament_cmake'
[5.412s] INFO:colcon.colcon_cmake.task.cmake.build:Building CMake package in '/home/elfriedkinzoun/rosws/src/test_sim'
[5.413s] INFO:colcon.colcon_core.shell:Skip shell extension 'powershell' for command environment: Not usable outside of PowerShell
[5.413s] DEBUG:colcon.colcon_core.shell:Skip shell extension 'dsv' for command environment
[5.526s] DEBUG:colcon.colcon_core.event_handler.log_command:Invoking command in '/home/elfriedkinzoun/rosws/build/test_sim': CMAKE_PREFIX_PATH=/home/elfriedkinzoun/rosws/install/benrover_sensors:/home/elfriedkinzoun/rosws/install/benrover_navigation:/home/elfriedkinzoun/rosws/install/benrover_assembly:/home/elfriedkinzoun/rosws/install/benrover_actuator:/opt/ros/humble CONDA_PROMPT_MODIFIER=(base) /usr/bin/cmake /home/elfriedkinzoun/rosws/src/test_sim -DCMAKE_INSTALL_PREFIX=/home/elfriedkinzoun/rosws/install/test_sim
[5.779s] Level 1:colcon.colcon_core.environment:checking '/home/elfriedkinzoun/rosws/install/benrover_sensors' for CMake module files
[5.780s] DEBUG:colcon.colcon_core.event_handler.log_command:Invoked command in '/home/elfriedkinzoun/rosws/src/benrover_sensors' returned '0': CONDA_PROMPT_MODIFIER=(base) PYTHONPATH=/home/elfriedkinzoun/rosws/build/benrover_sensors/prefix_override:/usr/lib/python3/dist-packages/colcon_core/task/python/colcon_distutils_commands:/home/elfriedkinzoun/rosws/install/benrover_sensors/lib/python3.10/site-packages:${PYTHONPATH} /usr/bin/python3 -W ignore:setup.py install is deprecated setup.py egg_info --egg-base ../../build/benrover_sensors build --build-base /home/elfriedkinzoun/rosws/build/benrover_sensors/build install --record /home/elfriedkinzoun/rosws/build/benrover_sensors/install.log --single-version-externally-managed install_data --force
[5.781s] Level 1:colcon.colcon_core.environment:checking '/home/elfriedkinzoun/rosws/install/benrover_sensors' for CMake config files
[5.782s] Level 1:colcon.colcon_core.environment:checking '/home/elfriedkinzoun/rosws/install/benrover_sensors/lib'
[5.782s] Level 1:colcon.colcon_core.environment:checking '/home/elfriedkinzoun/rosws/install/benrover_sensors/bin'
[5.782s] Level 1:colcon.colcon_core.environment:checking '/home/elfriedkinzoun/rosws/install/benrover_sensors/lib/pkgconfig/benrover_sensors.pc'
[5.782s] Level 1:colcon.colcon_core.environment:checking '/home/elfriedkinzoun/rosws/install/benrover_sensors/lib/python3.10/site-packages'
[5.783s] Level 1:colcon.colcon_core.shell:create_environment_hook('benrover_sensors', 'pythonpath')
[5.783s] INFO:colcon.colcon_core.shell:Creating environment hook '/home/elfriedkinzoun/rosws/install/benrover_sensors/share/benrover_sensors/hook/pythonpath.ps1'
[5.784s] INFO:colcon.colcon_core.shell:Creating environment descriptor '/home/elfriedkinzoun/rosws/install/benrover_sensors/share/benrover_sensors/hook/pythonpath.dsv'
[5.785s] INFO:colcon.colcon_core.shell:Creating environment hook '/home/elfriedkinzoun/rosws/install/benrover_sensors/share/benrover_sensors/hook/pythonpath.sh'
[5.786s] Level 1:colcon.colcon_core.environment:checking '/home/elfriedkinzoun/rosws/install/benrover_sensors/bin'
[5.787s] Level 1:colcon.colcon_core.environment:create_environment_scripts_only(benrover_sensors)
[5.788s] INFO:colcon.colcon_core.shell:Creating package script '/home/elfriedkinzoun/rosws/install/benrover_sensors/share/benrover_sensors/package.ps1'
[5.789s] INFO:colcon.colcon_core.shell:Creating package descriptor '/home/elfriedkinzoun/rosws/install/benrover_sensors/share/benrover_sensors/package.dsv'
[5.791s] INFO:colcon.colcon_core.shell:Creating package script '/home/elfriedkinzoun/rosws/install/benrover_sensors/share/benrover_sensors/package.sh'
[5.792s] INFO:colcon.colcon_core.shell:Creating package script '/home/elfriedkinzoun/rosws/install/benrover_sensors/share/benrover_sensors/package.bash'
[5.793s] INFO:colcon.colcon_core.shell:Creating package script '/home/elfriedkinzoun/rosws/install/benrover_sensors/share/benrover_sensors/package.zsh'
[5.793s] Level 1:colcon.colcon_core.environment:create_file_with_runtime_dependencies(/home/elfriedkinzoun/rosws/install/benrover_sensors/share/colcon-core/packages/benrover_sensors)
[5.814s] Level 1:colcon.colcon_core.environment:checking '/home/elfriedkinzoun/rosws/install/benrover_navigation' for CMake module files
[5.816s] Level 1:colcon.colcon_core.environment:checking '/home/elfriedkinzoun/rosws/install/benrover_navigation' for CMake config files
[5.816s] DEBUG:colcon.colcon_core.event_handler.log_command:Invoked command in '/home/elfriedkinzoun/rosws/src/benrover_navigation' returned '0': CONDA_PROMPT_MODIFIER=(base) PYTHONPATH=/home/elfriedkinzoun/rosws/build/benrover_navigation/prefix_override:/usr/lib/python3/dist-packages/colcon_core/task/python/colcon_distutils_commands:/home/elfriedkinzoun/rosws/install/benrover_navigation/lib/python3.10/site-packages:${PYTHONPATH} /usr/bin/python3 -W ignore:setup.py install is deprecated setup.py egg_info --egg-base ../../build/benrover_navigation build --build-base /home/elfriedkinzoun/rosws/build/benrover_navigation/build install --record /home/elfriedkinzoun/rosws/build/benrover_navigation/install.log --single-version-externally-managed install_data --force
[5.818s] Level 1:colcon.colcon_core.environment:checking '/home/elfriedkinzoun/rosws/install/benrover_navigation/lib'
[5.818s] Level 1:colcon.colcon_core.environment:checking '/home/elfriedkinzoun/rosws/install/benrover_navigation/bin'
[5.819s] Level 1:colcon.colcon_core.environment:checking '/home/elfriedkinzoun/rosws/install/benrover_navigation/lib/pkgconfig/benrover_navigation.pc'
[5.819s] Level 1:colcon.colcon_core.environment:checking '/home/elfriedkinzoun/rosws/install/benrover_navigation/lib/python3.10/site-packages'
[5.820s] Level 1:colcon.colcon_core.shell:create_environment_hook('benrover_navigation', 'pythonpath')
[5.820s] INFO:colcon.colcon_core.shell:Creating environment hook '/home/elfriedkinzoun/rosws/install/benrover_navigation/share/benrover_navigation/hook/pythonpath.ps1'
[5.821s] INFO:colcon.colcon_core.shell:Creating environment descriptor '/home/elfriedkinzoun/rosws/install/benrover_navigation/share/benrover_navigation/hook/pythonpath.dsv'
[5.821s] INFO:colcon.colcon_core.shell:Creating environment hook '/home/elfriedkinzoun/rosws/install/benrover_navigation/share/benrover_navigation/hook/pythonpath.sh'
[5.822s] Level 1:colcon.colcon_core.environment:checking '/home/elfriedkinzoun/rosws/install/benrover_navigation/bin'
[5.822s] Level 1:colcon.colcon_core.environment:create_environment_scripts_only(benrover_navigation)
[5.822s] INFO:colcon.colcon_core.shell:Creating package script '/home/elfriedkinzoun/rosws/install/benrover_navigation/share/benrover_navigation/package.ps1'
[5.823s] INFO:colcon.colcon_core.shell:Creating package descriptor '/home/elfriedkinzoun/rosws/install/benrover_navigation/share/benrover_navigation/package.dsv'
[5.823s] INFO:colcon.colcon_core.shell:Creating package script '/home/elfriedkinzoun/rosws/install/benrover_navigation/share/benrover_navigation/package.sh'
[5.824s] INFO:colcon.colcon_core.shell:Creating package script '/home/elfriedkinzoun/rosws/install/benrover_navigation/share/benrover_navigation/package.bash'
[5.824s] INFO:colcon.colcon_core.shell:Creating package script '/home/elfriedkinzoun/rosws/install/benrover_navigation/share/benrover_navigation/package.zsh'
[5.825s] Level 1:colcon.colcon_core.environment:create_file_with_runtime_dependencies(/home/elfriedkinzoun/rosws/install/benrover_navigation/share/colcon-core/packages/benrover_navigation)
[10.698s] Level 1:colcon.colcon_core.environment:checking '/home/elfriedkinzoun/rosws/install/benrover_assembly' for CMake module files
[10.699s] Level 1:colcon.colcon_core.environment:checking '/home/elfriedkinzoun/rosws/install/benrover_assembly' for CMake config files
[10.701s] Level 1:colcon.colcon_core.environment:checking '/home/elfriedkinzoun/rosws/install/benrover_assembly/lib'
[10.702s] DEBUG:colcon.colcon_core.event_handler.log_command:Invoked command in '/home/elfriedkinzoun/rosws/src/benrover_assembly' returned '0': CONDA_PROMPT_MODIFIER=(base) PYTHONPATH=/home/elfriedkinzoun/rosws/build/benrover_assembly/prefix_override:/usr/lib/python3/dist-packages/colcon_core/task/python/colcon_distutils_commands:/home/elfriedkinzoun/rosws/install/benrover_assembly/lib/python3.10/site-packages:${PYTHONPATH} /usr/bin/python3 -W ignore:setup.py install is deprecated setup.py egg_info --egg-base ../../build/benrover_assembly build --build-base /home/elfriedkinzoun/rosws/build/benrover_assembly/build install --record /home/elfriedkinzoun/rosws/build/benrover_assembly/install.log --single-version-externally-managed install_data --force
[10.702s] Level 1:colcon.colcon_core.environment:checking '/home/elfriedkinzoun/rosws/install/benrover_assembly/bin'
[10.702s] Level 1:colcon.colcon_core.environment:checking '/home/elfriedkinzoun/rosws/install/benrover_assembly/lib/pkgconfig/benrover_assembly.pc'
[10.703s] Level 1:colcon.colcon_core.environment:checking '/home/elfriedkinzoun/rosws/install/benrover_assembly/lib/python3.10/site-packages'
[10.703s] Level 1:colcon.colcon_core.shell:create_environment_hook('benrover_assembly', 'pythonpath')
[10.704s] INFO:colcon.colcon_core.shell:Creating environment hook '/home/elfriedkinzoun/rosws/install/benrover_assembly/share/benrover_assembly/hook/pythonpath.ps1'
[10.705s] INFO:colcon.colcon_core.shell:Creating environment descriptor '/home/elfriedkinzoun/rosws/install/benrover_assembly/share/benrover_assembly/hook/pythonpath.dsv'
[10.712s] INFO:colcon.colcon_core.shell:Creating environment hook '/home/elfriedkinzoun/rosws/install/benrover_assembly/share/benrover_assembly/hook/pythonpath.sh'
[10.738s] Level 1:colcon.colcon_core.environment:checking '/home/elfriedkinzoun/rosws/install/benrover_assembly/bin'
[10.748s] Level 1:colcon.colcon_core.environment:create_environment_scripts_only(benrover_assembly)
[10.755s] INFO:colcon.colcon_core.shell:Creating package script '/home/elfriedkinzoun/rosws/install/benrover_assembly/share/benrover_assembly/package.ps1'
[10.772s] INFO:colcon.colcon_core.shell:Creating package descriptor '/home/elfriedkinzoun/rosws/install/benrover_assembly/share/benrover_assembly/package.dsv'
[10.778s] INFO:colcon.colcon_core.shell:Creating package script '/home/elfriedkinzoun/rosws/install/benrover_assembly/share/benrover_assembly/package.sh'
[10.781s] INFO:colcon.colcon_core.shell:Creating package script '/home/elfriedkinzoun/rosws/install/benrover_assembly/share/benrover_assembly/package.bash'
[10.782s] INFO:colcon.colcon_core.shell:Creating package script '/home/elfriedkinzoun/rosws/install/benrover_assembly/share/benrover_assembly/package.zsh'
[10.783s] Level 1:colcon.colcon_core.environment:create_file_with_runtime_dependencies(/home/elfriedkinzoun/rosws/install/benrover_assembly/share/colcon-core/packages/benrover_assembly)
[15.075s] DEBUG:colcon.colcon_core.event_handler.log_command:Invoked command in '/home/elfriedkinzoun/rosws/build/test_sim' returned '1': CMAKE_PREFIX_PATH=/home/elfriedkinzoun/rosws/install/benrover_sensors:/home/elfriedkinzoun/rosws/install/benrover_navigation:/home/elfriedkinzoun/rosws/install/benrover_assembly:/home/elfriedkinzoun/rosws/install/benrover_actuator:/opt/ros/humble CONDA_PROMPT_MODIFIER=(base) /usr/bin/cmake /home/elfriedkinzoun/rosws/src/test_sim -DCMAKE_INSTALL_PREFIX=/home/elfriedkinzoun/rosws/install/test_sim
[15.106s] Level 1:colcon.colcon_core.environment:create_environment_scripts_only(test_sim)
[15.107s] Level 1:colcon.colcon_core.environment:checking '/home/elfriedkinzoun/rosws/install/test_sim' for CMake module files
[15.107s] Level 1:colcon.colcon_core.environment:checking '/home/elfriedkinzoun/rosws/install/test_sim' for CMake config files
[15.108s] Level 1:colcon.colcon_core.environment:checking '/home/elfriedkinzoun/rosws/install/test_sim/bin'
[15.108s] Level 1:colcon.colcon_core.environment:checking '/home/elfriedkinzoun/rosws/install/test_sim/lib/pkgconfig/test_sim.pc'
[15.108s] Level 1:colcon.colcon_core.environment:checking '/home/elfriedkinzoun/rosws/install/test_sim/lib/python3.10/site-packages'
[15.108s] Level 1:colcon.colcon_core.environment:checking '/home/elfriedkinzoun/rosws/install/test_sim/bin'
[15.109s] INFO:colcon.colcon_core.shell:Creating package script '/home/elfriedkinzoun/rosws/install/test_sim/share/test_sim/package.ps1'
[15.109s] INFO:colcon.colcon_core.shell:Creating package descriptor '/home/elfriedkinzoun/rosws/install/test_sim/share/test_sim/package.dsv'
[15.109s] INFO:colcon.colcon_core.shell:Creating package script '/home/elfriedkinzoun/rosws/install/test_sim/share/test_sim/package.sh'
[15.110s] INFO:colcon.colcon_core.shell:Creating package script '/home/elfriedkinzoun/rosws/install/test_sim/share/test_sim/package.bash'
[15.111s] INFO:colcon.colcon_core.shell:Creating package script '/home/elfriedkinzoun/rosws/install/test_sim/share/test_sim/package.zsh'
[15.111s] Level 1:colcon.colcon_core.environment:create_file_with_runtime_dependencies(/home/elfriedkinzoun/rosws/install/test_sim/share/colcon-core/packages/test_sim)
[15.122s] DEBUG:colcon.colcon_parallel_executor.executor.parallel:closing loop
[15.122s] DEBUG:colcon.colcon_parallel_executor.executor.parallel:loop closed
[15.122s] DEBUG:colcon.colcon_parallel_executor.executor.parallel:run_until_complete finished with '1'
[15.122s] DEBUG:colcon.colcon_core.event_reactor:joining thread
[15.129s] INFO:colcon.colcon_core.plugin_system:Skipping extension 'colcon_notification.desktop_notification.terminal_notifier': Not used on non-Darwin systems
[15.130s] INFO:colcon.colcon_core.plugin_system:Skipping extension 'colcon_notification.desktop_notification.win32': Not used on non-Windows systems
[15.130s] INFO:colcon.colcon_notification.desktop_notification:Sending desktop notification using 'notify2'
[15.147s] DEBUG:colcon.colcon_core.event_reactor:joined thread
[15.147s] INFO:colcon.colcon_core.shell:Creating prefix script '/home/elfriedkinzoun/rosws/install/local_setup.ps1'
[15.149s] INFO:colcon.colcon_core.shell:Creating prefix util module '/home/elfriedkinzoun/rosws/install/_local_setup_util_ps1.py'
[15.151s] INFO:colcon.colcon_core.shell:Creating prefix chain script '/home/elfriedkinzoun/rosws/install/setup.ps1'
[15.153s] INFO:colcon.colcon_core.shell:Creating prefix script '/home/elfriedkinzoun/rosws/install/local_setup.sh'
[15.154s] INFO:colcon.colcon_core.shell:Creating prefix util module '/home/elfriedkinzoun/rosws/install/_local_setup_util_sh.py'
[15.155s] INFO:colcon.colcon_core.shell:Creating prefix chain script '/home/elfriedkinzoun/rosws/install/setup.sh'
[15.157s] INFO:colcon.colcon_core.shell:Creating prefix script '/home/elfriedkinzoun/rosws/install/local_setup.bash'
[15.158s] INFO:colcon.colcon_core.shell:Creating prefix chain script '/home/elfriedkinzoun/rosws/install/setup.bash'
[15.160s] INFO:colcon.colcon_core.shell:Creating prefix script '/home/elfriedkinzoun/rosws/install/local_setup.zsh'
[15.162s] INFO:colcon.colcon_core.shell:Creating prefix chain script '/home/elfriedkinzoun/rosws/install/setup.zsh'
