[1.166s] Invoking command in '/home/elfriedkinzoun/rosws/src/benrover_assembly': CONDA_PROMPT_MODIFIER=(base) PYTHONPATH=/home/elfriedkinzoun/rosws/build/benrover_assembly/prefix_override:/usr/lib/python3/dist-packages/colcon_core/task/python/colcon_distutils_commands:/home/elfriedkinzoun/rosws/install/benrover_assembly/lib/python3.10/site-packages:${PYTHONPATH} /usr/bin/python3 -W ignore:setup.py install is deprecated setup.py egg_info --egg-base ../../build/benrover_assembly build --build-base /home/elfriedkinzoun/rosws/build/benrover_assembly/build install --record /home/elfriedkinzoun/rosws/build/benrover_assembly/install.log --single-version-externally-managed install_data
[1.600s] running egg_info
[1.601s] creating ../../build/benrover_assembly/benrover_assembly.egg-info
[1.602s] writing ../../build/benrover_assembly/benrover_assembly.egg-info/PKG-INFO
[1.602s] writing dependency_links to ../../build/benrover_assembly/benrover_assembly.egg-info/dependency_links.txt
[1.602s] writing entry points to ../../build/benrover_assembly/benrover_assembly.egg-info/entry_points.txt
[1.603s] writing requirements to ../../build/benrover_assembly/benrover_assembly.egg-info/requires.txt
[1.603s] writing top-level names to ../../build/benrover_assembly/benrover_assembly.egg-info/top_level.txt
[1.603s] writing manifest file '../../build/benrover_assembly/benrover_assembly.egg-info/SOURCES.txt'
[1.608s] reading manifest file '../../build/benrover_assembly/benrover_assembly.egg-info/SOURCES.txt'
[1.610s] writing manifest file '../../build/benrover_assembly/benrover_assembly.egg-info/SOURCES.txt'
[1.610s] running build
[1.610s] running build_py
[1.610s] creating /home/elfriedkinzoun/rosws/build/benrover_assembly/build
[1.611s] creating /home/elfriedkinzoun/rosws/build/benrover_assembly/build/lib
[1.611s] creating /home/elfriedkinzoun/rosws/build/benrover_assembly/build/lib/benrover_assembly
[1.611s] copying benrover_assembly/__init__.py -> /home/elfriedkinzoun/rosws/build/benrover_assembly/build/lib/benrover_assembly
[1.611s] running install
[1.611s] running install_lib
[1.614s] creating /home/elfriedkinzoun/rosws/install/benrover_assembly/lib/python3.10/site-packages/benrover_assembly
[1.615s] copying /home/elfriedkinzoun/rosws/build/benrover_assembly/build/lib/benrover_assembly/__init__.py -> /home/elfriedkinzoun/rosws/install/benrover_assembly/lib/python3.10/site-packages/benrover_assembly
[1.616s] byte-compiling /home/elfriedkinzoun/rosws/install/benrover_assembly/lib/python3.10/site-packages/benrover_assembly/__init__.py to __init__.cpython-310.pyc
[1.617s] running install_data
[1.617s] creating /home/elfriedkinzoun/rosws/install/benrover_assembly/share/ament_index
[1.617s] creating /home/elfriedkinzoun/rosws/install/benrover_assembly/share/ament_index/resource_index
[1.617s] creating /home/elfriedkinzoun/rosws/install/benrover_assembly/share/ament_index/resource_index/packages
[1.618s] copying resource/benrover_assembly -> /home/elfriedkinzoun/rosws/install/benrover_assembly/share/ament_index/resource_index/packages
[1.618s] copying package.xml -> /home/elfriedkinzoun/rosws/install/benrover_assembly/share/benrover_assembly
[1.618s] creating /home/elfriedkinzoun/rosws/install/benrover_assembly/share/benrover_assembly/launch
[1.618s] copying launch/launch_simulation.py -> /home/elfriedkinzoun/rosws/install/benrover_assembly/share/benrover_assembly/launch
[1.619s] creating /home/elfriedkinzoun/rosws/install/benrover_assembly/share/benrover_assembly/urdf
[1.619s] copying urdf/benrover_assembly.urdf -> /home/elfriedkinzoun/rosws/install/benrover_assembly/share/benrover_assembly/urdf
[1.619s] creating /home/elfriedkinzoun/rosws/install/benrover_assembly/share/benrover_assembly/meshes
[1.619s] copying meshes/Support_L.STL -> /home/elfriedkinzoun/rosws/install/benrover_assembly/share/benrover_assembly/meshes
[1.622s] copying meshes/Rod_Mid.STL -> /home/elfriedkinzoun/rosws/install/benrover_assembly/share/benrover_assembly/meshes
[1.622s] copying meshes/Rocker_L.STL -> /home/elfriedkinzoun/rosws/install/benrover_assembly/share/benrover_assembly/meshes
[1.627s] copying meshes/Servo_BL.STL -> /home/elfriedkinzoun/rosws/install/benrover_assembly/share/benrover_assembly/meshes
[1.628s] copying meshes/RodEnd_L.STL -> /home/elfriedkinzoun/rosws/install/benrover_assembly/share/benrover_assembly/meshes
[1.635s] copying meshes/Wheel_MR.STL -> /home/elfriedkinzoun/rosws/install/benrover_assembly/share/benrover_assembly/meshes
[1.638s] copying meshes/Servo_FL.STL -> /home/elfriedkinzoun/rosws/install/benrover_assembly/share/benrover_assembly/meshes
[1.640s] copying meshes/Bogie_R.STL -> /home/elfriedkinzoun/rosws/install/benrover_assembly/share/benrover_assembly/meshes
[1.646s] copying meshes/Wheel_FL.STL -> /home/elfriedkinzoun/rosws/install/benrover_assembly/share/benrover_assembly/meshes
[1.649s] copying meshes/Wheel_BR.STL -> /home/elfriedkinzoun/rosws/install/benrover_assembly/share/benrover_assembly/meshes
[1.651s] copying meshes/Wheel_FR.STL -> /home/elfriedkinzoun/rosws/install/benrover_assembly/share/benrover_assembly/meshes
[1.653s] copying meshes/RodEnd_R.STL -> /home/elfriedkinzoun/rosws/install/benrover_assembly/share/benrover_assembly/meshes
[1.653s] copying meshes/base_link.STL -> /home/elfriedkinzoun/rosws/install/benrover_assembly/share/benrover_assembly/meshes
[1.657s] copying meshes/Wheel_ML.STL -> /home/elfriedkinzoun/rosws/install/benrover_assembly/share/benrover_assembly/meshes
[1.659s] copying meshes/Stepper_Link.STL -> /home/elfriedkinzoun/rosws/install/benrover_assembly/share/benrover_assembly/meshes
[1.663s] copying meshes/Servo_FR.STL -> /home/elfriedkinzoun/rosws/install/benrover_assembly/share/benrover_assembly/meshes
[1.668s] copying meshes/Wheel_BL.STL -> /home/elfriedkinzoun/rosws/install/benrover_assembly/share/benrover_assembly/meshes
[1.669s] copying meshes/Servo_BR.STL -> /home/elfriedkinzoun/rosws/install/benrover_assembly/share/benrover_assembly/meshes
[1.671s] copying meshes/Bogie_L.STL -> /home/elfriedkinzoun/rosws/install/benrover_assembly/share/benrover_assembly/meshes
[1.678s] copying meshes/Cam_servo_link.STL -> /home/elfriedkinzoun/rosws/install/benrover_assembly/share/benrover_assembly/meshes
[1.686s] copying meshes/Support_R.STL -> /home/elfriedkinzoun/rosws/install/benrover_assembly/share/benrover_assembly/meshes
[1.688s] copying meshes/Rocker_R.STL -> /home/elfriedkinzoun/rosws/install/benrover_assembly/share/benrover_assembly/meshes
[1.700s] running install_egg_info
[1.705s] Copying ../../build/benrover_assembly/benrover_assembly.egg-info to /home/elfriedkinzoun/rosws/install/benrover_assembly/lib/python3.10/site-packages/benrover_assembly-0.0.0-py3.10.egg-info
[1.706s] running install_scripts
[1.738s] writing list of installed files to '/home/elfriedkinzoun/rosws/build/benrover_assembly/install.log'
[1.801s] Invoked command in '/home/elfriedkinzoun/rosws/src/benrover_assembly' returned '0': CONDA_PROMPT_MODIFIER=(base) PYTHONPATH=/home/elfriedkinzoun/rosws/build/benrover_assembly/prefix_override:/usr/lib/python3/dist-packages/colcon_core/task/python/colcon_distutils_commands:/home/elfriedkinzoun/rosws/install/benrover_assembly/lib/python3.10/site-packages:${PYTHONPATH} /usr/bin/python3 -W ignore:setup.py install is deprecated setup.py egg_info --egg-base ../../build/benrover_assembly build --build-base /home/elfriedkinzoun/rosws/build/benrover_assembly/build install --record /home/elfriedkinzoun/rosws/build/benrover_assembly/install.log --single-version-externally-managed install_data
