[1.348s] Invoking command in '/home/sergino/rosws/src/benrover_navigation': PYTHONPATH=/home/sergino/rosws/build/benrover_navigation/prefix_override:/home/sergino/.local/lib/python3.10/site-packages/colcon_core/task/python/colcon_distutils_commands:/home/sergino/rosws/install/benrover_navigation/lib/python3.10/site-packages:${PYTHONPATH} WSLENV=ELECTRON_RUN_AS_NODE/w:WT_SESSION:WT_PROFILE_ID: /usr/bin/python3 -W ignore:setup.py install is deprecated setup.py egg_info --egg-base ../../build/benrover_navigation build --build-base /home/sergino/rosws/build/benrover_navigation/build install --record /home/sergino/rosws/build/benrover_navigation/install.log --single-version-externally-managed install_data
[1.912s] running egg_info
[1.913s] writing ../../build/benrover_navigation/benrover_navigation.egg-info/PKG-INFO
[1.914s] writing dependency_links to ../../build/benrover_navigation/benrover_navigation.egg-info/dependency_links.txt
[1.917s] writing entry points to ../../build/benrover_navigation/benrover_navigation.egg-info/entry_points.txt
[1.917s] writing requirements to ../../build/benrover_navigation/benrover_navigation.egg-info/requires.txt
[1.918s] writing top-level names to ../../build/benrover_navigation/benrover_navigation.egg-info/top_level.txt
[1.920s] reading manifest file '../../build/benrover_navigation/benrover_navigation.egg-info/SOURCES.txt'
[1.921s] writing manifest file '../../build/benrover_navigation/benrover_navigation.egg-info/SOURCES.txt'
[1.922s] running build
[1.922s] running build_py
[1.922s] copying benrover_navigation/navigation.py -> /home/sergino/rosws/build/benrover_navigation/build/lib/benrover_navigation
[1.922s] running install
[1.923s] running install_lib
[1.924s] copying /home/sergino/rosws/build/benrover_navigation/build/lib/benrover_navigation/navigation.py -> /home/sergino/rosws/install/benrover_navigation/lib/python3.10/site-packages/benrover_navigation
[1.924s] byte-compiling /home/sergino/rosws/install/benrover_navigation/lib/python3.10/site-packages/benrover_navigation/navigation.py to navigation.cpython-310.pyc
[1.927s] running install_data
[1.928s] running install_egg_info
[1.928s] removing '/home/sergino/rosws/install/benrover_navigation/lib/python3.10/site-packages/benrover_navigation-0.0.0-py3.10.egg-info' (and everything under it)
[1.929s] Copying ../../build/benrover_navigation/benrover_navigation.egg-info to /home/sergino/rosws/install/benrover_navigation/lib/python3.10/site-packages/benrover_navigation-0.0.0-py3.10.egg-info
[1.930s] running install_scripts
[1.976s] Installing rover_navigation script to /home/sergino/rosws/install/benrover_navigation/lib/benrover_navigation
[1.978s] writing list of installed files to '/home/sergino/rosws/build/benrover_navigation/install.log'
[2.008s] Invoked command in '/home/sergino/rosws/src/benrover_navigation' returned '0': PYTHONPATH=/home/sergino/rosws/build/benrover_navigation/prefix_override:/home/sergino/.local/lib/python3.10/site-packages/colcon_core/task/python/colcon_distutils_commands:/home/sergino/rosws/install/benrover_navigation/lib/python3.10/site-packages:${PYTHONPATH} WSLENV=ELECTRON_RUN_AS_NODE/w:WT_SESSION:WT_PROFILE_ID: /usr/bin/python3 -W ignore:setup.py install is deprecated setup.py egg_info --egg-base ../../build/benrover_navigation build --build-base /home/sergino/rosws/build/benrover_navigation/build install --record /home/sergino/rosws/build/benrover_navigation/install.log --single-version-externally-managed install_data
