[2.336s] Invoking command in '/home/elfriedkinzoun/rosws/build/benrover_sensors': CONDA_PROMPT_MODIFIER=(base) PYTHONPATH=/home/elfriedkinzoun/rosws/build/benrover_sensors/prefix_override:/usr/lib/python3/dist-packages/colcon_core/task/python/colcon_distutils_commands:/home/elfriedkinzoun/rosws/install/benrover_sensors/lib/python3.10/site-packages:${PYTHONPATH} /usr/bin/python3 -W ignore:setup.py install is deprecated setup.py develop --editable --build-directory /home/elfriedkinzoun/rosws/build/benrover_sensors/build --no-deps symlink_data --force
[2.832s] running develop
[2.847s] /usr/lib/python3/dist-packages/setuptools/command/easy_install.py:158: EasyInstallDeprecationWarning: easy_install command is deprecated. Use build and pip and other standards-based tools.
[2.847s]   warnings.warn(
[2.955s] /usr/lib/python3/dist-packages/pkg_resources/__init__.py:116: PkgResourcesDeprecationWarning: 2.4.0-ubuntu3-zorin1 is an invalid version and will not be supported in a future release
[2.955s]   warnings.warn(
[3.128s] running egg_info
[3.128s] writing benrover_sensors.egg-info/PKG-INFO
[3.129s] writing dependency_links to benrover_sensors.egg-info/dependency_links.txt
[3.129s] writing entry points to benrover_sensors.egg-info/entry_points.txt
[3.129s] writing requirements to benrover_sensors.egg-info/requires.txt
[3.129s] writing top-level names to benrover_sensors.egg-info/top_level.txt
[3.132s] reading manifest file 'benrover_sensors.egg-info/SOURCES.txt'
[3.133s] writing manifest file 'benrover_sensors.egg-info/SOURCES.txt'
[3.135s] running build_ext
[3.135s] Creating /home/elfriedkinzoun/rosws/install/benrover_sensors/lib/python3.10/site-packages/benrover-sensors.egg-link (link to .)
[3.137s] 
[3.137s] Installed /home/elfriedkinzoun/rosws/build/benrover_sensors
[3.138s] running symlink_data
[3.138s] symbolically linking /home/elfriedkinzoun/rosws/build/benrover_sensors/resource/benrover_sensors -> /home/elfriedkinzoun/rosws/install/benrover_sensors/share/ament_index/resource_index/packages
[3.138s] symbolically linking /home/elfriedkinzoun/rosws/build/benrover_sensors/package.xml -> /home/elfriedkinzoun/rosws/install/benrover_sensors/share/benrover_sensors
[3.200s] Invoked command in '/home/elfriedkinzoun/rosws/build/benrover_sensors' returned '0': CONDA_PROMPT_MODIFIER=(base) PYTHONPATH=/home/elfriedkinzoun/rosws/build/benrover_sensors/prefix_override:/usr/lib/python3/dist-packages/colcon_core/task/python/colcon_distutils_commands:/home/elfriedkinzoun/rosws/install/benrover_sensors/lib/python3.10/site-packages:${PYTHONPATH} /usr/bin/python3 -W ignore:setup.py install is deprecated setup.py develop --editable --build-directory /home/elfriedkinzoun/rosws/build/benrover_sensors/build --no-deps symlink_data --force
