[0.716s] DEBUG:colcon:Command line arguments: ['/home/sergino/.local/bin/colcon', 'build', '--packages-select', 'benrover_launch']
[0.716s] DEBUG:colcon:Parsed command line arguments: Namespace(log_base=None, log_level=None, verb_name='build', build_base='build', install_base='install', merge_install=False, symlink_install=False, test_result_base=None, continue_on_error=False, executor='parallel', parallel_workers=4, event_handlers=None, ignore_user_meta=False, metas=['./colcon.meta'], base_paths=['.'], packages_ignore=None, packages_ignore_regex=None, paths=None, packages_up_to=None, packages_up_to_regex=None, packages_above=None, packages_above_and_dependencies=None, packages_above_depth=None, packages_select_by_dep=None, packages_skip_by_dep=None, packages_skip_up_to=None, packages_select_build_failed=False, packages_skip_build_finished=False, packages_select_test_failures=False, packages_skip_test_passed=False, packages_select=['benrover_launch'], packages_skip=None, packages_select_regex=None, packages_skip_regex=None, packages_start=None, packages_end=None, allow_overriding=[], cmake_args=None, cmake_target=None, cmake_target_skip_unavailable=False, cmake_clean_cache=False, cmake_clean_first=False, cmake_force_configure=False, ament_cmake_args=None, catkin_cmake_args=None, catkin_skip_building_tests=False, mixin_files=None, mixin=None, verb_parser=<colcon_mixin.mixin.mixin_argument.MixinArgumentDecorator object at 0x7f0713466bf0>, verb_extension=<colcon_core.verb.build.BuildVerb object at 0x7f07134665f0>, main=<bound method BuildVerb.main of <colcon_core.verb.build.BuildVerb object at 0x7f07134665f0>>, mixin_verb=('build',))
[1.252s] Level 1:colcon.colcon_core.package_discovery:discover_packages(colcon_meta) check parameters
[1.253s] Level 1:colcon.colcon_core.package_discovery:discover_packages(recursive) check parameters
[1.253s] Level 1:colcon.colcon_core.package_discovery:discover_packages(ignore) check parameters
[1.253s] Level 1:colcon.colcon_core.package_discovery:discover_packages(path) check parameters
[1.253s] Level 1:colcon.colcon_core.package_discovery:discover_packages(colcon_meta) discover
[1.253s] Level 1:colcon.colcon_core.package_discovery:discover_packages(recursive) discover
[1.253s] INFO:colcon.colcon_core.package_discovery:Crawling recursively for packages in '/home/sergino/rosws'
[1.253s] Level 1:colcon.colcon_core.package_identification:_identify(.) by extensions ['ignore', 'ignore_ament_install']
[1.253s] Level 1:colcon.colcon_core.package_identification:_identify(.) by extension 'ignore'
[1.254s] Level 1:colcon.colcon_core.package_identification:_identify(.) by extension 'ignore_ament_install'
[1.254s] Level 1:colcon.colcon_core.package_identification:_identify(.) by extensions ['colcon_pkg']
[1.254s] Level 1:colcon.colcon_core.package_identification:_identify(.) by extension 'colcon_pkg'
[1.254s] Level 1:colcon.colcon_core.package_identification:_identify(.) by extensions ['colcon_meta']
[1.254s] Level 1:colcon.colcon_core.package_identification:_identify(.) by extension 'colcon_meta'
[1.254s] Level 1:colcon.colcon_core.package_identification:_identify(.) by extensions ['ros']
[1.254s] Level 1:colcon.colcon_core.package_identification:_identify(.) by extension 'ros'
[1.321s] Level 1:colcon.colcon_core.package_identification:_identify(.) by extensions ['cmake', 'python']
[1.321s] Level 1:colcon.colcon_core.package_identification:_identify(.) by extension 'cmake'
[1.321s] Level 1:colcon.colcon_core.package_identification:_identify(.) by extension 'python'
[1.321s] Level 1:colcon.colcon_core.package_identification:_identify(.) by extensions ['python_setup_py']
[1.321s] Level 1:colcon.colcon_core.package_identification:_identify(.) by extension 'python_setup_py'
[1.322s] Level 1:colcon.colcon_core.package_identification:_identify(build) by extensions ['ignore', 'ignore_ament_install']
[1.322s] Level 1:colcon.colcon_core.package_identification:_identify(build) by extension 'ignore'
[1.322s] Level 1:colcon.colcon_core.package_identification:_identify(build) ignored
[1.322s] Level 1:colcon.colcon_core.package_identification:_identify(install) by extensions ['ignore', 'ignore_ament_install']
[1.322s] Level 1:colcon.colcon_core.package_identification:_identify(install) by extension 'ignore'
[1.323s] Level 1:colcon.colcon_core.package_identification:_identify(install) ignored
[1.323s] Level 1:colcon.colcon_core.package_identification:_identify(log) by extensions ['ignore', 'ignore_ament_install']
[1.323s] Level 1:colcon.colcon_core.package_identification:_identify(log) by extension 'ignore'
[1.323s] Level 1:colcon.colcon_core.package_identification:_identify(log) ignored
[1.323s] Level 1:colcon.colcon_core.package_identification:_identify(src) by extensions ['ignore', 'ignore_ament_install']
[1.323s] Level 1:colcon.colcon_core.package_identification:_identify(src) by extension 'ignore'
[1.323s] Level 1:colcon.colcon_core.package_identification:_identify(src) by extension 'ignore_ament_install'
[1.324s] Level 1:colcon.colcon_core.package_identification:_identify(src) by extensions ['colcon_pkg']
[1.324s] Level 1:colcon.colcon_core.package_identification:_identify(src) by extension 'colcon_pkg'
[1.324s] Level 1:colcon.colcon_core.package_identification:_identify(src) by extensions ['colcon_meta']
[1.324s] Level 1:colcon.colcon_core.package_identification:_identify(src) by extension 'colcon_meta'
[1.324s] Level 1:colcon.colcon_core.package_identification:_identify(src) by extensions ['ros']
[1.324s] Level 1:colcon.colcon_core.package_identification:_identify(src) by extension 'ros'
[1.324s] Level 1:colcon.colcon_core.package_identification:_identify(src) by extensions ['cmake', 'python']
[1.324s] Level 1:colcon.colcon_core.package_identification:_identify(src) by extension 'cmake'
[1.324s] Level 1:colcon.colcon_core.package_identification:_identify(src) by extension 'python'
[1.324s] Level 1:colcon.colcon_core.package_identification:_identify(src) by extensions ['python_setup_py']
[1.324s] Level 1:colcon.colcon_core.package_identification:_identify(src) by extension 'python_setup_py'
[1.324s] Level 1:colcon.colcon_core.package_identification:_identify(src/benrover_launch) by extensions ['ignore', 'ignore_ament_install']
[1.325s] Level 1:colcon.colcon_core.package_identification:_identify(src/benrover_launch) by extension 'ignore'
[1.325s] Level 1:colcon.colcon_core.package_identification:_identify(src/benrover_launch) by extension 'ignore_ament_install'
[1.325s] Level 1:colcon.colcon_core.package_identification:_identify(src/benrover_launch) by extensions ['colcon_pkg']
[1.325s] Level 1:colcon.colcon_core.package_identification:_identify(src/benrover_launch) by extension 'colcon_pkg'
[1.325s] Level 1:colcon.colcon_core.package_identification:_identify(src/benrover_launch) by extensions ['colcon_meta']
[1.325s] Level 1:colcon.colcon_core.package_identification:_identify(src/benrover_launch) by extension 'colcon_meta'
[1.325s] Level 1:colcon.colcon_core.package_identification:_identify(src/benrover_launch) by extensions ['ros']
[1.325s] Level 1:colcon.colcon_core.package_identification:_identify(src/benrover_launch) by extension 'ros'
[1.343s] DEBUG:colcon.colcon_core.package_identification:Package 'src/benrover_launch' with type 'ros.ament_python' and name 'benrover_launch'
[1.343s] Level 1:colcon.colcon_core.package_identification:_identify(src/benrover_navigation) by extensions ['ignore', 'ignore_ament_install']
[1.343s] Level 1:colcon.colcon_core.package_identification:_identify(src/benrover_navigation) by extension 'ignore'
[1.343s] Level 1:colcon.colcon_core.package_identification:_identify(src/benrover_navigation) by extension 'ignore_ament_install'
[1.343s] Level 1:colcon.colcon_core.package_identification:_identify(src/benrover_navigation) by extensions ['colcon_pkg']
[1.344s] Level 1:colcon.colcon_core.package_identification:_identify(src/benrover_navigation) by extension 'colcon_pkg'
[1.344s] Level 1:colcon.colcon_core.package_identification:_identify(src/benrover_navigation) by extensions ['colcon_meta']
[1.344s] Level 1:colcon.colcon_core.package_identification:_identify(src/benrover_navigation) by extension 'colcon_meta'
[1.344s] Level 1:colcon.colcon_core.package_identification:_identify(src/benrover_navigation) by extensions ['ros']
[1.344s] Level 1:colcon.colcon_core.package_identification:_identify(src/benrover_navigation) by extension 'ros'
[1.346s] DEBUG:colcon.colcon_core.package_identification:Package 'src/benrover_navigation' with type 'ros.ament_python' and name 'benrover_navigation'
[1.346s] Level 1:colcon.colcon_core.package_identification:_identify(src/benrover_sensors) by extensions ['ignore', 'ignore_ament_install']
[1.346s] Level 1:colcon.colcon_core.package_identification:_identify(src/benrover_sensors) by extension 'ignore'
[1.347s] Level 1:colcon.colcon_core.package_identification:_identify(src/benrover_sensors) by extension 'ignore_ament_install'
[1.347s] Level 1:colcon.colcon_core.package_identification:_identify(src/benrover_sensors) by extensions ['colcon_pkg']
[1.347s] Level 1:colcon.colcon_core.package_identification:_identify(src/benrover_sensors) by extension 'colcon_pkg'
[1.347s] Level 1:colcon.colcon_core.package_identification:_identify(src/benrover_sensors) by extensions ['colcon_meta']
[1.347s] Level 1:colcon.colcon_core.package_identification:_identify(src/benrover_sensors) by extension 'colcon_meta'
[1.347s] Level 1:colcon.colcon_core.package_identification:_identify(src/benrover_sensors) by extensions ['ros']
[1.347s] Level 1:colcon.colcon_core.package_identification:_identify(src/benrover_sensors) by extension 'ros'
[1.349s] DEBUG:colcon.colcon_core.package_identification:Package 'src/benrover_sensors' with type 'ros.ament_python' and name 'benrover_sensors'
[1.349s] Level 1:colcon.colcon_core.package_identification:_identify(src/remote_actuator) by extensions ['ignore', 'ignore_ament_install']
[1.349s] Level 1:colcon.colcon_core.package_identification:_identify(src/remote_actuator) by extension 'ignore'
[1.350s] Level 1:colcon.colcon_core.package_identification:_identify(src/remote_actuator) by extension 'ignore_ament_install'
[1.350s] Level 1:colcon.colcon_core.package_identification:_identify(src/remote_actuator) by extensions ['colcon_pkg']
[1.350s] Level 1:colcon.colcon_core.package_identification:_identify(src/remote_actuator) by extension 'colcon_pkg'
[1.350s] Level 1:colcon.colcon_core.package_identification:_identify(src/remote_actuator) by extensions ['colcon_meta']
[1.350s] Level 1:colcon.colcon_core.package_identification:_identify(src/remote_actuator) by extension 'colcon_meta'
[1.350s] Level 1:colcon.colcon_core.package_identification:_identify(src/remote_actuator) by extensions ['ros']
[1.350s] Level 1:colcon.colcon_core.package_identification:_identify(src/remote_actuator) by extension 'ros'
[1.353s] DEBUG:colcon.colcon_core.package_identification:Package 'src/remote_actuator' with type 'ros.ament_cmake' and name 'remote_actuator'
[1.354s] Level 1:colcon.colcon_core.package_identification:_identify(src/remote_encoder) by extensions ['ignore', 'ignore_ament_install']
[1.354s] Level 1:colcon.colcon_core.package_identification:_identify(src/remote_encoder) by extension 'ignore'
[1.354s] Level 1:colcon.colcon_core.package_identification:_identify(src/remote_encoder) by extension 'ignore_ament_install'
[1.355s] Level 1:colcon.colcon_core.package_identification:_identify(src/remote_encoder) by extensions ['colcon_pkg']
[1.355s] Level 1:colcon.colcon_core.package_identification:_identify(src/remote_encoder) by extension 'colcon_pkg'
[1.355s] Level 1:colcon.colcon_core.package_identification:_identify(src/remote_encoder) by extensions ['colcon_meta']
[1.355s] Level 1:colcon.colcon_core.package_identification:_identify(src/remote_encoder) by extension 'colcon_meta'
[1.355s] Level 1:colcon.colcon_core.package_identification:_identify(src/remote_encoder) by extensions ['ros']
[1.355s] Level 1:colcon.colcon_core.package_identification:_identify(src/remote_encoder) by extension 'ros'
[1.357s] DEBUG:colcon.colcon_core.package_identification:Package 'src/remote_encoder' with type 'ros.ament_cmake' and name 'remote_encoder'
[1.357s] Level 1:colcon.colcon_core.package_identification:_identify(src/remote_microcontroller) by extensions ['ignore', 'ignore_ament_install']
[1.358s] Level 1:colcon.colcon_core.package_identification:_identify(src/remote_microcontroller) by extension 'ignore'
[1.358s] Level 1:colcon.colcon_core.package_identification:_identify(src/remote_microcontroller) by extension 'ignore_ament_install'
[1.358s] Level 1:colcon.colcon_core.package_identification:_identify(src/remote_microcontroller) by extensions ['colcon_pkg']
[1.358s] Level 1:colcon.colcon_core.package_identification:_identify(src/remote_microcontroller) by extension 'colcon_pkg'
[1.358s] Level 1:colcon.colcon_core.package_identification:_identify(src/remote_microcontroller) by extensions ['colcon_meta']
[1.358s] Level 1:colcon.colcon_core.package_identification:_identify(src/remote_microcontroller) by extension 'colcon_meta'
[1.358s] Level 1:colcon.colcon_core.package_identification:_identify(src/remote_microcontroller) by extensions ['ros']
[1.358s] Level 1:colcon.colcon_core.package_identification:_identify(src/remote_microcontroller) by extension 'ros'
[1.361s] DEBUG:colcon.colcon_core.package_identification:Package 'src/remote_microcontroller' with type 'ros.ament_cmake' and name 'remote_microcontroller'
[1.361s] Level 1:colcon.colcon_core.package_identification:_identify(src/remote_serial) by extensions ['ignore', 'ignore_ament_install']
[1.362s] Level 1:colcon.colcon_core.package_identification:_identify(src/remote_serial) by extension 'ignore'
[1.362s] Level 1:colcon.colcon_core.package_identification:_identify(src/remote_serial) by extension 'ignore_ament_install'
[1.362s] Level 1:colcon.colcon_core.package_identification:_identify(src/remote_serial) by extensions ['colcon_pkg']
[1.362s] Level 1:colcon.colcon_core.package_identification:_identify(src/remote_serial) by extension 'colcon_pkg'
[1.362s] Level 1:colcon.colcon_core.package_identification:_identify(src/remote_serial) by extensions ['colcon_meta']
[1.362s] Level 1:colcon.colcon_core.package_identification:_identify(src/remote_serial) by extension 'colcon_meta'
[1.362s] Level 1:colcon.colcon_core.package_identification:_identify(src/remote_serial) by extensions ['ros']
[1.362s] Level 1:colcon.colcon_core.package_identification:_identify(src/remote_serial) by extension 'ros'
[1.363s] DEBUG:colcon.colcon_core.package_identification:Package 'src/remote_serial' with type 'ros.ament_cmake' and name 'remote_serial'
[1.364s] Level 1:colcon.colcon_core.package_identification:_identify(src/remote_switch) by extensions ['ignore', 'ignore_ament_install']
[1.364s] Level 1:colcon.colcon_core.package_identification:_identify(src/remote_switch) by extension 'ignore'
[1.364s] Level 1:colcon.colcon_core.package_identification:_identify(src/remote_switch) by extension 'ignore_ament_install'
[1.364s] Level 1:colcon.colcon_core.package_identification:_identify(src/remote_switch) by extensions ['colcon_pkg']
[1.364s] Level 1:colcon.colcon_core.package_identification:_identify(src/remote_switch) by extension 'colcon_pkg'
[1.364s] Level 1:colcon.colcon_core.package_identification:_identify(src/remote_switch) by extensions ['colcon_meta']
[1.364s] Level 1:colcon.colcon_core.package_identification:_identify(src/remote_switch) by extension 'colcon_meta'
[1.364s] Level 1:colcon.colcon_core.package_identification:_identify(src/remote_switch) by extensions ['ros']
[1.364s] Level 1:colcon.colcon_core.package_identification:_identify(src/remote_switch) by extension 'ros'
[1.367s] DEBUG:colcon.colcon_core.package_identification:Package 'src/remote_switch' with type 'ros.ament_cmake' and name 'remote_switch'
[1.367s] Level 1:colcon.colcon_core.package_discovery:discover_packages(recursive) using defaults
[1.367s] Level 1:colcon.colcon_core.package_discovery:discover_packages(ignore) discover
[1.367s] Level 1:colcon.colcon_core.package_discovery:discover_packages(ignore) using defaults
[1.367s] Level 1:colcon.colcon_core.package_discovery:discover_packages(path) discover
[1.367s] Level 1:colcon.colcon_core.package_discovery:discover_packages(path) using defaults
[1.448s] INFO:colcon.colcon_core.package_selection:Skipping not selected package 'benrover_navigation' in 'src/benrover_navigation'
[1.448s] INFO:colcon.colcon_core.package_selection:Skipping not selected package 'benrover_sensors' in 'src/benrover_sensors'
[1.448s] INFO:colcon.colcon_core.package_selection:Skipping not selected package 'remote_actuator' in 'src/remote_actuator'
[1.448s] INFO:colcon.colcon_core.package_selection:Skipping not selected package 'remote_serial' in 'src/remote_serial'
[1.448s] INFO:colcon.colcon_core.package_selection:Skipping not selected package 'remote_switch' in 'src/remote_switch'
[1.448s] INFO:colcon.colcon_core.package_selection:Skipping not selected package 'remote_encoder' in 'src/remote_encoder'
[1.448s] INFO:colcon.colcon_core.package_selection:Skipping not selected package 'remote_microcontroller' in 'src/remote_microcontroller'
[1.449s] Level 1:colcon.colcon_core.package_discovery:discover_packages(prefix_path) check parameters
[1.449s] Level 1:colcon.colcon_core.package_discovery:discover_packages(prefix_path) discover
[1.456s] DEBUG:colcon.colcon_installed_package_information.package_discovery:Found 270 installed packages in /opt/ros/humble
[1.459s] Level 1:colcon.colcon_core.package_discovery:discover_packages(prefix_path) using defaults
[1.523s] Level 5:colcon.colcon_core.verb:set package 'benrover_launch' build argument 'cmake_args' from command line to 'None'
[1.523s] Level 5:colcon.colcon_core.verb:set package 'benrover_launch' build argument 'cmake_target' from command line to 'None'
[1.524s] Level 5:colcon.colcon_core.verb:set package 'benrover_launch' build argument 'cmake_target_skip_unavailable' from command line to 'False'
[1.524s] Level 5:colcon.colcon_core.verb:set package 'benrover_launch' build argument 'cmake_clean_cache' from command line to 'False'
[1.524s] Level 5:colcon.colcon_core.verb:set package 'benrover_launch' build argument 'cmake_clean_first' from command line to 'False'
[1.524s] Level 5:colcon.colcon_core.verb:set package 'benrover_launch' build argument 'cmake_force_configure' from command line to 'False'
[1.524s] Level 5:colcon.colcon_core.verb:set package 'benrover_launch' build argument 'ament_cmake_args' from command line to 'None'
[1.524s] Level 5:colcon.colcon_core.verb:set package 'benrover_launch' build argument 'catkin_cmake_args' from command line to 'None'
[1.524s] Level 5:colcon.colcon_core.verb:set package 'benrover_launch' build argument 'catkin_skip_building_tests' from command line to 'False'
[1.524s] DEBUG:colcon.colcon_core.verb:Building package 'benrover_launch' with the following arguments: {'ament_cmake_args': None, 'build_base': '/home/sergino/rosws/build/benrover_launch', 'catkin_cmake_args': None, 'catkin_skip_building_tests': False, 'cmake_args': None, 'cmake_clean_cache': False, 'cmake_clean_first': False, 'cmake_force_configure': False, 'cmake_target': None, 'cmake_target_skip_unavailable': False, 'install_base': '/home/sergino/rosws/install/benrover_launch', 'merge_install': False, 'path': '/home/sergino/rosws/src/benrover_launch', 'symlink_install': False, 'test_result_base': None}
[1.524s] INFO:colcon.colcon_core.executor:Executing jobs using 'parallel' executor
[1.526s] DEBUG:colcon.colcon_parallel_executor.executor.parallel:run_until_complete
[1.526s] INFO:colcon.colcon_ros.task.ament_python.build:Building ROS package in '/home/sergino/rosws/src/benrover_launch' with build type 'ament_python'
[1.526s] Level 1:colcon.colcon_core.shell:create_environment_hook('benrover_launch', 'ament_prefix_path')
[1.538s] INFO:colcon.colcon_core.plugin_system:Skipping extension 'colcon_core.shell.bat': Not used on non-Windows systems
[1.538s] INFO:colcon.colcon_core.shell:Creating environment hook '/home/sergino/rosws/install/benrover_launch/share/benrover_launch/hook/ament_prefix_path.ps1'
[1.541s] INFO:colcon.colcon_core.shell:Creating environment descriptor '/home/sergino/rosws/install/benrover_launch/share/benrover_launch/hook/ament_prefix_path.dsv'
[1.546s] INFO:colcon.colcon_core.shell:Creating environment hook '/home/sergino/rosws/install/benrover_launch/share/benrover_launch/hook/ament_prefix_path.sh'
[1.548s] INFO:colcon.colcon_core.shell:Skip shell extension 'powershell' for command environment: Not usable outside of PowerShell
[1.548s] DEBUG:colcon.colcon_core.shell:Skip shell extension 'dsv' for command environment
[2.010s] INFO:colcon.colcon_core.task.python.build:Building Python package in '/home/sergino/rosws/src/benrover_launch'
[2.011s] INFO:colcon.colcon_core.shell:Skip shell extension 'powershell' for command environment: Not usable outside of PowerShell
[2.011s] DEBUG:colcon.colcon_core.shell:Skip shell extension 'dsv' for command environment
[2.675s] DEBUG:colcon.colcon_core.event_handler.log_command:Invoking command in '/home/sergino/rosws/src/benrover_launch': PYTHONPATH=/home/sergino/rosws/build/benrover_launch/prefix_override:/home/sergino/.local/lib/python3.10/site-packages/colcon_core/task/python/colcon_distutils_commands:/home/sergino/rosws/install/benrover_launch/lib/python3.10/site-packages:${PYTHONPATH} /usr/bin/python3 -W ignore:setup.py install is deprecated setup.py egg_info --egg-base ../../build/benrover_launch build --build-base /home/sergino/rosws/build/benrover_launch/build install --record /home/sergino/rosws/build/benrover_launch/install.log --single-version-externally-managed install_data
[3.169s] DEBUG:colcon.colcon_core.event_handler.log_command:Invoked command in '/home/sergino/rosws/src/benrover_launch' returned '0': PYTHONPATH=/home/sergino/rosws/build/benrover_launch/prefix_override:/home/sergino/.local/lib/python3.10/site-packages/colcon_core/task/python/colcon_distutils_commands:/home/sergino/rosws/install/benrover_launch/lib/python3.10/site-packages:${PYTHONPATH} /usr/bin/python3 -W ignore:setup.py install is deprecated setup.py egg_info --egg-base ../../build/benrover_launch build --build-base /home/sergino/rosws/build/benrover_launch/build install --record /home/sergino/rosws/build/benrover_launch/install.log --single-version-externally-managed install_data
[3.177s] Level 1:colcon.colcon_core.environment:checking '/home/sergino/rosws/install/benrover_launch' for CMake module files
[3.178s] Level 1:colcon.colcon_core.environment:checking '/home/sergino/rosws/install/benrover_launch' for CMake config files
[3.179s] Level 1:colcon.colcon_core.environment:checking '/home/sergino/rosws/install/benrover_launch/lib'
[3.179s] Level 1:colcon.colcon_core.environment:checking '/home/sergino/rosws/install/benrover_launch/bin'
[3.179s] Level 1:colcon.colcon_core.environment:checking '/home/sergino/rosws/install/benrover_launch/lib/pkgconfig/benrover_launch.pc'
[3.180s] Level 1:colcon.colcon_core.environment:checking '/home/sergino/rosws/install/benrover_launch/lib/python3.10/site-packages'
[3.180s] Level 1:colcon.colcon_core.shell:create_environment_hook('benrover_launch', 'pythonpath')
[3.180s] INFO:colcon.colcon_core.shell:Creating environment hook '/home/sergino/rosws/install/benrover_launch/share/benrover_launch/hook/pythonpath.ps1'
[3.181s] INFO:colcon.colcon_core.shell:Creating environment descriptor '/home/sergino/rosws/install/benrover_launch/share/benrover_launch/hook/pythonpath.dsv'
[3.181s] INFO:colcon.colcon_core.shell:Creating environment hook '/home/sergino/rosws/install/benrover_launch/share/benrover_launch/hook/pythonpath.sh'
[3.182s] Level 1:colcon.colcon_core.environment:checking '/home/sergino/rosws/install/benrover_launch/bin'
[3.182s] Level 1:colcon.colcon_core.environment:create_environment_scripts_only(benrover_launch)
[3.183s] INFO:colcon.colcon_core.shell:Creating package script '/home/sergino/rosws/install/benrover_launch/share/benrover_launch/package.ps1'
[3.184s] INFO:colcon.colcon_core.shell:Creating package descriptor '/home/sergino/rosws/install/benrover_launch/share/benrover_launch/package.dsv'
[3.185s] INFO:colcon.colcon_core.shell:Creating package script '/home/sergino/rosws/install/benrover_launch/share/benrover_launch/package.sh'
[3.187s] INFO:colcon.colcon_core.shell:Creating package script '/home/sergino/rosws/install/benrover_launch/share/benrover_launch/package.bash'
[3.189s] INFO:colcon.colcon_core.shell:Creating package script '/home/sergino/rosws/install/benrover_launch/share/benrover_launch/package.zsh'
[3.190s] Level 1:colcon.colcon_core.environment:create_file_with_runtime_dependencies(/home/sergino/rosws/install/benrover_launch/share/colcon-core/packages/benrover_launch)
[3.191s] DEBUG:colcon.colcon_parallel_executor.executor.parallel:closing loop
[3.192s] DEBUG:colcon.colcon_parallel_executor.executor.parallel:loop closed
[3.192s] DEBUG:colcon.colcon_parallel_executor.executor.parallel:run_until_complete finished with '0'
[3.192s] DEBUG:colcon.colcon_core.event_reactor:joining thread
[3.242s] INFO:colcon.colcon_core.plugin_system:Skipping extension 'colcon_notification.desktop_notification.notify_send': Could not find 'notify-send'
[3.242s] INFO:colcon.colcon_core.plugin_system:Skipping extension 'colcon_notification.desktop_notification.terminal_notifier': Not used on non-Darwin systems
[3.243s] INFO:colcon.colcon_core.plugin_system:Skipping extension 'colcon_notification.desktop_notification.win32': Not used on non-Windows systems
[3.243s] INFO:colcon.colcon_notification.desktop_notification:Sending desktop notification using 'notify2'
[3.244s] DEBUG:colcon.colcon_notification.desktop_notification.notify2:Failed to initialize notify2: org.freedesktop.DBus.Error.FileNotFound: Failed to connect to socket /run/user/1000/bus: No such file or directory
[3.244s] DEBUG:colcon.colcon_core.event_reactor:joined thread
[3.244s] INFO:colcon.colcon_core.shell:Creating prefix script '/home/sergino/rosws/install/local_setup.ps1'
[3.246s] INFO:colcon.colcon_core.shell:Creating prefix util module '/home/sergino/rosws/install/_local_setup_util_ps1.py'
[3.250s] INFO:colcon.colcon_core.shell:Creating prefix chain script '/home/sergino/rosws/install/setup.ps1'
[3.253s] INFO:colcon.colcon_core.shell:Creating prefix script '/home/sergino/rosws/install/local_setup.sh'
[3.255s] INFO:colcon.colcon_core.shell:Creating prefix util module '/home/sergino/rosws/install/_local_setup_util_sh.py'
[3.257s] INFO:colcon.colcon_core.shell:Creating prefix chain script '/home/sergino/rosws/install/setup.sh'
[3.259s] INFO:colcon.colcon_core.shell:Creating prefix script '/home/sergino/rosws/install/local_setup.bash'
[3.261s] INFO:colcon.colcon_core.shell:Creating prefix chain script '/home/sergino/rosws/install/setup.bash'
[3.262s] INFO:colcon.colcon_core.shell:Creating prefix script '/home/sergino/rosws/install/local_setup.zsh'
[3.265s] INFO:colcon.colcon_core.shell:Creating prefix chain script '/home/sergino/rosws/install/setup.zsh'
