running egg_info
writing ../../build/benrover_actuator/benrover_actuator.egg-info/PKG-INFO
writing dependency_links to ../../build/benrover_actuator/benrover_actuator.egg-info/dependency_links.txt
writing entry points to ../../build/benrover_actuator/benrover_actuator.egg-info/entry_points.txt
writing requirements to ../../build/benrover_actuator/benrover_actuator.egg-info/requires.txt
writing top-level names to ../../build/benrover_actuator/benrover_actuator.egg-info/top_level.txt
reading manifest file '../../build/benrover_actuator/benrover_actuator.egg-info/SOURCES.txt'
writing manifest file '../../build/benrover_actuator/benrover_actuator.egg-info/SOURCES.txt'
running build
running build_py
copying benrover_actuator/actuator_node.py -> /home/elfriedkinzoun/rosws/build/benrover_actuator/build/lib/benrover_actuator
copying benrover_actuator/servo_control_node.py -> /home/elfriedkinzoun/rosws/build/benrover_actuator/build/lib/benrover_actuator
running install
running install_lib
copying /home/elfriedkinzoun/rosws/build/benrover_actuator/build/lib/benrover_actuator/actuator_node.py -> /home/elfriedkinzoun/rosws/install/benrover_actuator/lib/python3.10/site-packages/benrover_actuator
copying /home/elfriedkinzoun/rosws/build/benrover_actuator/build/lib/benrover_actuator/servo_control_node.py -> /home/elfriedkinzoun/rosws/install/benrover_actuator/lib/python3.10/site-packages/benrover_actuator
byte-compiling /home/elfriedkinzoun/rosws/install/benrover_actuator/lib/python3.10/site-packages/benrover_actuator/actuator_node.py to actuator_node.cpython-310.pyc
byte-compiling /home/elfriedkinzoun/rosws/install/benrover_actuator/lib/python3.10/site-packages/benrover_actuator/servo_control_node.py to servo_control_node.cpython-310.pyc
running install_data
copying package.xml -> /home/elfriedkinzoun/rosws/install/benrover_actuator/share/benrover_actuator
running install_egg_info
removing '/home/elfriedkinzoun/rosws/install/benrover_actuator/lib/python3.10/site-packages/benrover_actuator-0.0.0-py3.10.egg-info' (and everything under it)
Copying ../../build/benrover_actuator/benrover_actuator.egg-info to /home/elfriedkinzoun/rosws/install/benrover_actuator/lib/python3.10/site-packages/benrover_actuator-0.0.0-py3.10.egg-info
running install_scripts
Installing my_node script to /home/elfriedkinzoun/rosws/install/benrover_actuator/lib/benrover_actuator
Installing servo_control_node script to /home/elfriedkinzoun/rosws/install/benrover_actuator/lib/benrover_actuator
writing list of installed files to '/home/elfriedkinzoun/rosws/build/benrover_actuator/install.log'
