[1.744s] Invoking command in '/home/elfriedkinzoun/rosws/src/benrover_actuator': CONDA_PROMPT_MODIFIER=(base) PYTHONPATH=/home/elfriedkinzoun/rosws/build/benrover_actuator/prefix_override:/usr/lib/python3/dist-packages/colcon_core/task/python/colcon_distutils_commands:/home/elfriedkinzoun/rosws/install/benrover_actuator/lib/python3.10/site-packages:${PYTHONPATH} /usr/bin/python3 -W ignore:setup.py install is deprecated setup.py egg_info --egg-base ../../build/benrover_actuator build --build-base /home/elfriedkinzoun/rosws/build/benrover_actuator/build install --record /home/elfriedkinzoun/rosws/build/benrover_actuator/install.log --single-version-externally-managed install_data
[2.429s] running egg_info
[2.432s] writing ../../build/benrover_actuator/benrover_actuator.egg-info/PKG-INFO
[2.434s] writing dependency_links to ../../build/benrover_actuator/benrover_actuator.egg-info/dependency_links.txt
[2.442s] writing entry points to ../../build/benrover_actuator/benrover_actuator.egg-info/entry_points.txt
[2.446s] writing requirements to ../../build/benrover_actuator/benrover_actuator.egg-info/requires.txt
[2.449s] writing top-level names to ../../build/benrover_actuator/benrover_actuator.egg-info/top_level.txt
[2.462s] reading manifest file '../../build/benrover_actuator/benrover_actuator.egg-info/SOURCES.txt'
[2.467s] writing manifest file '../../build/benrover_actuator/benrover_actuator.egg-info/SOURCES.txt'
[2.469s] running build
[2.470s] running build_py
[2.472s] copying benrover_actuator/actuator_node.py -> /home/elfriedkinzoun/rosws/build/benrover_actuator/build/lib/benrover_actuator
[2.475s] copying benrover_actuator/servo_control_node.py -> /home/elfriedkinzoun/rosws/build/benrover_actuator/build/lib/benrover_actuator
[2.477s] running install
[2.479s] running install_lib
[2.482s] copying /home/elfriedkinzoun/rosws/build/benrover_actuator/build/lib/benrover_actuator/actuator_node.py -> /home/elfriedkinzoun/rosws/install/benrover_actuator/lib/python3.10/site-packages/benrover_actuator
[2.485s] copying /home/elfriedkinzoun/rosws/build/benrover_actuator/build/lib/benrover_actuator/servo_control_node.py -> /home/elfriedkinzoun/rosws/install/benrover_actuator/lib/python3.10/site-packages/benrover_actuator
[2.489s] byte-compiling /home/elfriedkinzoun/rosws/install/benrover_actuator/lib/python3.10/site-packages/benrover_actuator/actuator_node.py to actuator_node.cpython-310.pyc
[2.494s] byte-compiling /home/elfriedkinzoun/rosws/install/benrover_actuator/lib/python3.10/site-packages/benrover_actuator/servo_control_node.py to servo_control_node.cpython-310.pyc
[2.512s] running install_data
[2.514s] copying package.xml -> /home/elfriedkinzoun/rosws/install/benrover_actuator/share/benrover_actuator
[2.514s] running install_egg_info
[2.521s] removing '/home/elfriedkinzoun/rosws/install/benrover_actuator/lib/python3.10/site-packages/benrover_actuator-0.0.0-py3.10.egg-info' (and everything under it)
[2.528s] Copying ../../build/benrover_actuator/benrover_actuator.egg-info to /home/elfriedkinzoun/rosws/install/benrover_actuator/lib/python3.10/site-packages/benrover_actuator-0.0.0-py3.10.egg-info
[2.530s] running install_scripts
[2.620s] Installing my_node script to /home/elfriedkinzoun/rosws/install/benrover_actuator/lib/benrover_actuator
[2.620s] Installing servo_control_node script to /home/elfriedkinzoun/rosws/install/benrover_actuator/lib/benrover_actuator
[2.623s] writing list of installed files to '/home/elfriedkinzoun/rosws/build/benrover_actuator/install.log'
[2.829s] Invoked command in '/home/elfriedkinzoun/rosws/src/benrover_actuator' returned '0': CONDA_PROMPT_MODIFIER=(base) PYTHONPATH=/home/elfriedkinzoun/rosws/build/benrover_actuator/prefix_override:/usr/lib/python3/dist-packages/colcon_core/task/python/colcon_distutils_commands:/home/elfriedkinzoun/rosws/install/benrover_actuator/lib/python3.10/site-packages:${PYTHONPATH} /usr/bin/python3 -W ignore:setup.py install is deprecated setup.py egg_info --egg-base ../../build/benrover_actuator build --build-base /home/elfriedkinzoun/rosws/build/benrover_actuator/build install --record /home/elfriedkinzoun/rosws/build/benrover_actuator/install.log --single-version-externally-managed install_data
